2024-01-17 11:13:03.315  INFO 6164 --- [main] kr.dbinc.ecos.OcppForJavaApplication     : Starting OcppForJavaApplication using Java 17.0.7 on DESKTOP-OBR6GFG with PID 6164 (D:\StsWorkspace\ecos-ocpp-server\bin\main started by Jerad in D:\StsWorkspace\ecos-ocpp-server)
2024-01-17 11:13:03.320  INFO 6164 --- [main] kr.dbinc.ecos.OcppForJavaApplication     : No active profile set, falling back to 1 default profile: "default"
2024-01-17 11:13:05.038  INFO 6164 --- [main] .s.d.r.c.RepositoryConfigurationDelegate : Bootstrapping Spring Data JPA repositories in DEFAULT mode.
2024-01-17 11:13:05.427  INFO 6164 --- [main] .s.d.r.c.RepositoryConfigurationDelegate : Finished Spring Data repository scanning in 370 ms. Found 23 JPA repository interfaces.
2024-01-17 11:13:06.005  INFO 6164 --- [main] kr.dbinc.ecos.config.ConnectorConfig     : HTTP port setup to 9999
2024-01-17 11:13:06.246  INFO 6164 --- [main] o.s.b.w.embedded.tomcat.TomcatWebServer  : Tomcat initialized with port(s): 5000 (https) 9999 (http)
2024-01-17 11:13:06.265  INFO 6164 --- [main] o.apache.catalina.core.StandardService   : Starting service [Tomcat]
2024-01-17 11:13:06.266  INFO 6164 --- [main] org.apache.catalina.core.StandardEngine  : Starting Servlet engine: [Apache Tomcat/9.0.65]
2024-01-17 11:13:06.467  INFO 6164 --- [main] o.a.c.c.C.[Tomcat].[localhost].[/]       : Initializing Spring embedded WebApplicationContext
2024-01-17 11:13:06.467  INFO 6164 --- [main] w.s.c.ServletWebServerApplicationContext : Root WebApplicationContext: initialization completed in 3047 ms
2024-01-17 11:13:07.004  INFO 6164 --- [main] o.hibernate.jpa.internal.util.LogHelper  : HHH000204: Processing PersistenceUnitInfo [name: default]
2024-01-17 11:13:07.118  INFO 6164 --- [main] org.hibernate.Version                    : HHH000412: Hibernate ORM core version 5.6.10.Final
2024-01-17 11:13:07.454  INFO 6164 --- [main] o.hibernate.annotations.common.Version   : HCANN000001: Hibernate Commons Annotations {5.1.2.Final}
2024-01-17 11:13:07.705  INFO 6164 --- [main] com.zaxxer.hikari.HikariDataSource       : HikariPool-1 - Starting...
2024-01-17 11:13:07.909  INFO 6164 --- [main] com.zaxxer.hikari.HikariDataSource       : HikariPool-1 - Start completed.
2024-01-17 11:13:07.943  INFO 6164 --- [main] org.hibernate.dialect.Dialect            : HHH000400: Using dialect: org.hibernate.dialect.MariaDB103Dialect
2024-01-17 11:13:08.466  WARN 6164 --- [main] org.hibernate.cfg.AnnotationBinder       : HHH000457: Joined inheritance hierarchy [kr.dbinc.ecos.domain.member.Authorization] defined explicit @DiscriminatorColumn.  Legacy Hibernate behavior was to ignore the @DiscriminatorColumn.  However, as part of issue HHH-6911 we now apply the explicit @DiscriminatorColumn.  If you would prefer the legacy behavior, enable the `hibernate.discriminator.ignore_explicit_for_joined` setting (hibernate.discriminator.ignore_explicit_for_joined=true)
2024-01-17 11:13:09.515  INFO 6164 --- [main] org.hibernate.tuple.PojoInstantiator     : HHH000182: No default (no-argument) constructor for class: kr.dbinc.ecos.domain.security.SecurityLog (class must be instantiated by Interceptor)
2024-01-17 11:13:09.931  INFO 6164 --- [main] o.h.e.t.j.p.i.JtaPlatformInitiator       : HHH000490: Using JtaPlatform implementation: [org.hibernate.engine.transaction.jta.platform.internal.NoJtaPlatform]
2024-01-17 11:13:09.942  INFO 6164 --- [main] j.LocalContainerEntityManagerFactoryBean : Initialized JPA EntityManagerFactory for persistence unit 'default'
2024-01-17 11:13:11.935  INFO 6164 --- [main] org.reflections.Reflections              : Reflections took 249 ms to scan 1 urls, producing 70 keys and 404 values
2024-01-17 11:13:12.127  INFO 6164 --- [main] org.reflections.Reflections              : Reflections took 170 ms to scan 1 urls, producing 70 keys and 404 values
2024-01-17 11:13:12.275  INFO 6164 --- [main] org.reflections.Reflections              : Reflections took 145 ms to scan 1 urls, producing 70 keys and 404 values
2024-01-17 11:13:12.392  INFO 6164 --- [main] kr.dbinc.ecos.config.SchedulerConfig     : datSource=HikariDataSource (HikariPool-1)
2024-01-17 11:13:12.912  INFO 6164 --- [main] o.s.b.a.w.s.WelcomePageHandlerMapping    : Adding welcome page: class path resource [static/index.html]
2024-01-17 11:13:15.321  INFO 6164 --- [main] o.s.b.a.e.web.EndpointLinksResolver      : Exposing 1 endpoint(s) beneath base path '/actuator'
2024-01-17 11:13:15.773  INFO 6164 --- [main] o.s.b.w.embedded.tomcat.TomcatWebServer  : Tomcat started on port(s): 5000 (https) 9999 (http) with context path ''
2024-01-17 11:13:15.807  INFO 6164 --- [main] kr.dbinc.ecos.OcppForJavaApplication     : Started OcppForJavaApplication in 13.375 seconds (JVM running for 15.167)
2024-01-17 11:13:18.162  INFO 6164 --- [RMI TCP Connection(1)-127.0.0.1] o.a.c.c.C.[Tomcat].[localhost].[/]       : Initializing Spring DispatcherServlet 'dispatcherServlet'
2024-01-17 11:13:18.163  INFO 6164 --- [RMI TCP Connection(1)-127.0.0.1] o.s.web.servlet.DispatcherServlet        : Initializing Servlet 'dispatcherServlet'
2024-01-17 11:13:18.165  INFO 6164 --- [RMI TCP Connection(1)-127.0.0.1] o.s.web.servlet.DispatcherServlet        : Completed initialization in 2 ms
2024-01-17 11:13:25.417  INFO 6164 --- [https-jsse-nio-5000-exec-1] k.dbinc.ecos.config.SecurityInterceptor  : Connect Try Charger URI=https://127.0.0.1:5000/v2/BNS002101, findLevel=2
2024-01-17 11:13:25.418  INFO 6164 --- [https-jsse-nio-5000-exec-1] k.d.ecos.ocpp.service.SecurityService    : username=BNS002101, password=bluenetworks, chargePointId=BNS002101
2024-01-17 11:13:25.428  INFO 6164 --- [https-jsse-nio-5000-exec-1] k.d.ecos.ocpp.service.SecurityService    : requestPassword=bluenetworks, findPassword=bluenetworks
2024-01-17 11:13:25.497  INFO 6164 --- [https-jsse-nio-5000-exec-1] k.d.e.w.h.AbstractWebSocketEndpoint      : [BNS002101] is Connected!
2024-01-17 11:13:25.548  WARN 6164 --- [https-jsse-nio-5000-exec-1] o.m.jdbc.message.server.ErrorPacket      : Error: 1048-23000: Column 'csId' cannot be null
2024-01-17 11:13:25.549  WARN 6164 --- [https-jsse-nio-5000-exec-1] o.h.engine.jdbc.spi.SqlExceptionHelper   : SQL Error: 1048, SQLState: 23000
2024-01-17 11:13:25.550 ERROR 6164 --- [https-jsse-nio-5000-exec-1] o.h.engine.jdbc.spi.SqlExceptionHelper   : (conn=58946) Column 'csId' cannot be null
2024-01-17 11:13:25.595 ERROR 6164 --- [https-jsse-nio-5000-exec-1] w.s.h.ExceptionWebSocketHandlerDecorator : Closing session due to exception for StandardWebSocketSession[id=a40cca20-0c4c-87e8-a1a8-2faa37a2c843, uri=wss://127.0.0.1:5000/v2/BNS002101]

org.springframework.dao.DataIntegrityViolationException: could not extract ResultSet; SQL [n/a]; constraint [null]; nested exception is org.hibernate.exception.ConstraintViolationException: could not extract ResultSet
	at org.springframework.orm.jpa.vendor.HibernateJpaDialect.convertHibernateAccessException(HibernateJpaDialect.java:276) ~[spring-orm-5.3.22.jar:5.3.22]
	at org.springframework.orm.jpa.vendor.HibernateJpaDialect.translateExceptionIfPossible(HibernateJpaDialect.java:233) ~[spring-orm-5.3.22.jar:5.3.22]
	at org.springframework.orm.jpa.AbstractEntityManagerFactoryBean.translateExceptionIfPossible(AbstractEntityManagerFactoryBean.java:551) ~[spring-orm-5.3.22.jar:5.3.22]
	at org.springframework.dao.support.ChainedPersistenceExceptionTranslator.translateExceptionIfPossible(ChainedPersistenceExceptionTranslator.java:61) ~[spring-tx-5.3.22.jar:5.3.22]
	at org.springframework.dao.support.DataAccessUtils.translateIfNecessary(DataAccessUtils.java:242) ~[spring-tx-5.3.22.jar:5.3.22]
	at org.springframework.dao.support.PersistenceExceptionTranslationInterceptor.invoke(PersistenceExceptionTranslationInterceptor.java:152) ~[spring-tx-5.3.22.jar:5.3.22]
	at org.springframework.aop.framework.ReflectiveMethodInvocation.proceed(ReflectiveMethodInvocation.java:186) ~[spring-aop-5.3.22.jar:5.3.22]
	at org.springframework.data.jpa.repository.support.CrudMethodMetadataPostProcessor$CrudMethodMetadataPopulatingMethodInterceptor.invoke(CrudMethodMetadataPostProcessor.java:145) ~[spring-data-jpa-2.7.2.jar:2.7.2]
	at org.springframework.aop.framework.ReflectiveMethodInvocation.proceed(ReflectiveMethodInvocation.java:186) ~[spring-aop-5.3.22.jar:5.3.22]
	at org.springframework.aop.interceptor.ExposeInvocationInterceptor.invoke(ExposeInvocationInterceptor.java:97) ~[spring-aop-5.3.22.jar:5.3.22]
	at org.springframework.aop.framework.ReflectiveMethodInvocation.proceed(ReflectiveMethodInvocation.java:186) ~[spring-aop-5.3.22.jar:5.3.22]
	at org.springframework.aop.framework.JdkDynamicAopProxy.invoke(JdkDynamicAopProxy.java:215) ~[spring-aop-5.3.22.jar:5.3.22]
	at jdk.proxy2/jdk.proxy2.$Proxy173.insertCPConnectionStatus(Unknown Source) ~[na:na]
	at kr.dbinc.ecos.ws.handler.AbstractWebSocketEndpoint.onOpen(AbstractWebSocketEndpoint.java:51) ~[main/:na]
	at kr.dbinc.ecos.ws.handler.ConcurrentWebSocketHandler.afterConnectionEstablished(ConcurrentWebSocketHandler.java:26) ~[main/:na]
	at org.springframework.web.socket.handler.WebSocketHandlerDecorator.afterConnectionEstablished(WebSocketHandlerDecorator.java:70) ~[spring-websocket-5.3.22.jar:5.3.22]
	at org.springframework.web.socket.handler.LoggingWebSocketHandlerDecorator.afterConnectionEstablished(LoggingWebSocketHandlerDecorator.java:48) ~[spring-websocket-5.3.22.jar:5.3.22]
	at org.springframework.web.socket.handler.ExceptionWebSocketHandlerDecorator.afterConnectionEstablished(ExceptionWebSocketHandlerDecorator.java:48) ~[spring-websocket-5.3.22.jar:5.3.22]
	at org.springframework.web.socket.adapter.standard.StandardWebSocketHandlerAdapter.onOpen(StandardWebSocketHandlerAdapter.java:104) ~[spring-websocket-5.3.22.jar:5.3.22]
	at org.apache.tomcat.websocket.server.WsHttpUpgradeHandler.init(WsHttpUpgradeHandler.java:136) ~[tomcat-embed-websocket-9.0.65.jar:9.0.65]
	at org.apache.coyote.AbstractProtocol$ConnectionHandler.process(AbstractProtocol.java:933) ~[tomcat-embed-core-9.0.65.jar:9.0.65]
	at org.apache.tomcat.util.net.NioEndpoint$SocketProcessor.doRun(NioEndpoint.java:1789) ~[tomcat-embed-core-9.0.65.jar:9.0.65]
	at org.apache.tomcat.util.net.SocketProcessorBase.run(SocketProcessorBase.java:49) ~[tomcat-embed-core-9.0.65.jar:9.0.65]
	at org.apache.tomcat.util.threads.ThreadPoolExecutor.runWorker(ThreadPoolExecutor.java:1191) ~[tomcat-embed-core-9.0.65.jar:9.0.65]
	at org.apache.tomcat.util.threads.ThreadPoolExecutor$Worker.run(ThreadPoolExecutor.java:659) ~[tomcat-embed-core-9.0.65.jar:9.0.65]
	at org.apache.tomcat.util.threads.TaskThread$WrappingRunnable.run(TaskThread.java:61) ~[tomcat-embed-core-9.0.65.jar:9.0.65]
	at java.base/java.lang.Thread.run(Thread.java:833) ~[na:na]
Caused by: org.hibernate.exception.ConstraintViolationException: could not extract ResultSet
	at org.hibernate.exception.internal.SQLExceptionTypeDelegate.convert(SQLExceptionTypeDelegate.java:59) ~[hibernate-core-5.6.10.Final.jar:5.6.10.Final]
	at org.hibernate.exception.internal.StandardSQLExceptionConverter.convert(StandardSQLExceptionConverter.java:37) ~[hibernate-core-5.6.10.Final.jar:5.6.10.Final]
	at org.hibernate.engine.jdbc.spi.SqlExceptionHelper.convert(SqlExceptionHelper.java:113) ~[hibernate-core-5.6.10.Final.jar:5.6.10.Final]
	at org.hibernate.engine.jdbc.spi.SqlExceptionHelper.convert(SqlExceptionHelper.java:99) ~[hibernate-core-5.6.10.Final.jar:5.6.10.Final]
	at org.hibernate.engine.jdbc.internal.ResultSetReturnImpl.extract(ResultSetReturnImpl.java:67) ~[hibernate-core-5.6.10.Final.jar:5.6.10.Final]
	at org.hibernate.loader.Loader.getResultSet(Loader.java:2322) ~[hibernate-core-5.6.10.Final.jar:5.6.10.Final]
	at org.hibernate.loader.Loader.executeQueryStatement(Loader.java:2075) ~[hibernate-core-5.6.10.Final.jar:5.6.10.Final]
	at org.hibernate.loader.Loader.executeQueryStatement(Loader.java:2037) ~[hibernate-core-5.6.10.Final.jar:5.6.10.Final]
	at org.hibernate.loader.Loader.doQuery(Loader.java:956) ~[hibernate-core-5.6.10.Final.jar:5.6.10.Final]
	at org.hibernate.loader.Loader.doQueryAndInitializeNonLazyCollections(Loader.java:357) ~[hibernate-core-5.6.10.Final.jar:5.6.10.Final]
	at org.hibernate.loader.Loader.doList(Loader.java:2868) ~[hibernate-core-5.6.10.Final.jar:5.6.10.Final]
	at org.hibernate.loader.Loader.doList(Loader.java:2850) ~[hibernate-core-5.6.10.Final.jar:5.6.10.Final]
	at org.hibernate.loader.Loader.listIgnoreQueryCache(Loader.java:2682) ~[hibernate-core-5.6.10.Final.jar:5.6.10.Final]
	at org.hibernate.loader.Loader.list(Loader.java:2677) ~[hibernate-core-5.6.10.Final.jar:5.6.10.Final]
	at org.hibernate.loader.custom.CustomLoader.list(CustomLoader.java:338) ~[hibernate-core-5.6.10.Final.jar:5.6.10.Final]
	at org.hibernate.internal.SessionImpl.listCustomQuery(SessionImpl.java:2186) ~[hibernate-core-5.6.10.Final.jar:5.6.10.Final]
	at org.hibernate.internal.AbstractSharedSessionContract.list(AbstractSharedSessionContract.java:1204) ~[hibernate-core-5.6.10.Final.jar:5.6.10.Final]
	at org.hibernate.query.internal.NativeQueryImpl.doList(NativeQueryImpl.java:177) ~[hibernate-core-5.6.10.Final.jar:5.6.10.Final]
	at org.hibernate.query.internal.AbstractProducedQuery.list(AbstractProducedQuery.java:1617) ~[hibernate-core-5.6.10.Final.jar:5.6.10.Final]
	at org.hibernate.query.internal.AbstractProducedQuery.getSingleResult(AbstractProducedQuery.java:1665) ~[hibernate-core-5.6.10.Final.jar:5.6.10.Final]
	at org.springframework.data.jpa.repository.query.JpaQueryExecution$SingleEntityExecution.doExecute(JpaQueryExecution.java:198) ~[spring-data-jpa-2.7.2.jar:2.7.2]
	at org.springframework.data.jpa.repository.query.JpaQueryExecution.execute(JpaQueryExecution.java:90) ~[spring-data-jpa-2.7.2.jar:2.7.2]
	at org.springframework.data.jpa.repository.query.AbstractJpaQuery.doExecute(AbstractJpaQuery.java:156) ~[spring-data-jpa-2.7.2.jar:2.7.2]
	at org.springframework.data.jpa.repository.query.AbstractJpaQuery.execute(AbstractJpaQuery.java:144) ~[spring-data-jpa-2.7.2.jar:2.7.2]
	at org.springframework.data.repository.core.support.RepositoryMethodInvoker.doInvoke(RepositoryMethodInvoker.java:137) ~[spring-data-commons-2.7.2.jar:2.7.2]
	at org.springframework.data.repository.core.support.RepositoryMethodInvoker.invoke(RepositoryMethodInvoker.java:121) ~[spring-data-commons-2.7.2.jar:2.7.2]
	at org.springframework.data.repository.core.support.QueryExecutorMethodInterceptor.doInvoke(QueryExecutorMethodInterceptor.java:160) ~[spring-data-commons-2.7.2.jar:2.7.2]
	at org.springframework.data.repository.core.support.QueryExecutorMethodInterceptor.invoke(QueryExecutorMethodInterceptor.java:139) ~[spring-data-commons-2.7.2.jar:2.7.2]
	at org.springframework.aop.framework.ReflectiveMethodInvocation.proceed(ReflectiveMethodInvocation.java:186) ~[spring-aop-5.3.22.jar:5.3.22]
	at org.springframework.data.projection.DefaultMethodInvokingMethodInterceptor.invoke(DefaultMethodInvokingMethodInterceptor.java:81) ~[spring-data-commons-2.7.2.jar:2.7.2]
	at org.springframework.aop.framework.ReflectiveMethodInvocation.proceed(ReflectiveMethodInvocation.java:186) ~[spring-aop-5.3.22.jar:5.3.22]
	at org.springframework.transaction.interceptor.TransactionInterceptor$1.proceedWithInvocation(TransactionInterceptor.java:123) ~[spring-tx-5.3.22.jar:5.3.22]
	at org.springframework.transaction.interceptor.TransactionAspectSupport.invokeWithinTransaction(TransactionAspectSupport.java:388) ~[spring-tx-5.3.22.jar:5.3.22]
	at org.springframework.transaction.interceptor.TransactionInterceptor.invoke(TransactionInterceptor.java:119) ~[spring-tx-5.3.22.jar:5.3.22]
	at org.springframework.aop.framework.ReflectiveMethodInvocation.proceed(ReflectiveMethodInvocation.java:186) ~[spring-aop-5.3.22.jar:5.3.22]
	at org.springframework.dao.support.PersistenceExceptionTranslationInterceptor.invoke(PersistenceExceptionTranslationInterceptor.java:137) ~[spring-tx-5.3.22.jar:5.3.22]
	... 21 common frames omitted
Caused by: java.sql.SQLIntegrityConstraintViolationException: (conn=58946) Column 'csId' cannot be null
	at org.mariadb.jdbc.export.ExceptionFactory.createException(ExceptionFactory.java:278) ~[mariadb-java-client-3.0.4.jar:na]
	at org.mariadb.jdbc.export.ExceptionFactory.create(ExceptionFactory.java:358) ~[mariadb-java-client-3.0.4.jar:na]
	at org.mariadb.jdbc.message.ClientMessage.readPacket(ClientMessage.java:133) ~[mariadb-java-client-3.0.4.jar:na]
	at org.mariadb.jdbc.client.impl.StandardClient.readPacket(StandardClient.java:815) ~[mariadb-java-client-3.0.4.jar:na]
	at org.mariadb.jdbc.client.impl.StandardClient.readResults(StandardClient.java:754) ~[mariadb-java-client-3.0.4.jar:na]
	at org.mariadb.jdbc.client.impl.StandardClient.readResponse(StandardClient.java:673) ~[mariadb-java-client-3.0.4.jar:na]
	at org.mariadb.jdbc.client.impl.StandardClient.execute(StandardClient.java:616) ~[mariadb-java-client-3.0.4.jar:na]
	at org.mariadb.jdbc.ClientPreparedStatement.executeInternal(ClientPreparedStatement.java:93) ~[mariadb-java-client-3.0.4.jar:na]
	at org.mariadb.jdbc.ClientPreparedStatement.executeQuery(ClientPreparedStatement.java:276) ~[mariadb-java-client-3.0.4.jar:na]
	at com.zaxxer.hikari.pool.ProxyPreparedStatement.executeQuery(ProxyPreparedStatement.java:52) ~[HikariCP-4.0.3.jar:na]
	at com.zaxxer.hikari.pool.HikariProxyPreparedStatement.executeQuery(HikariProxyPreparedStatement.java) ~[HikariCP-4.0.3.jar:na]
	at org.hibernate.engine.jdbc.internal.ResultSetReturnImpl.extract(ResultSetReturnImpl.java:57) ~[hibernate-core-5.6.10.Final.jar:5.6.10.Final]
	... 52 common frames omitted

2024-01-17 11:13:25.608  INFO 6164 --- [https-jsse-nio-5000-exec-1] k.d.e.w.h.AbstractWebSocketEndpoint      : [BNS002101] is Disconnected!
2024-01-17 11:13:25.662  INFO 6164 --- [https-jsse-nio-5000-exec-1] k.d.ecos.ocpp.service.MessageLogService  : Charger id=BNS002101
2024-01-17 11:13:25.682  INFO 6164 --- [https-jsse-nio-5000-exec-1] k.d.ecos.ocpp.service.MessageLogService  : Charger=BNS002101, Message=[2, "1", "BootNotification", { "chargeBoxSerialNumber": "02", "chargePointModel": "CEC-2303HC1", "chargePointSerialNumber": "F0:8B:FE:0F:00:00", "chargePointVendor": "kr.co.bluenetworks", "firmwareVersion": "V1.1.7" }]
2024-01-17 11:13:25.791 ERROR 6164 --- [https-jsse-nio-5000-exec-1] k.d.e.w.handler.Ocpp16WebSocketEndpoint  : Cannot invoke "kr.dbinc.ecos.session.ChargePoint.heartbeat()" because "chargePoint" is null

java.lang.NullPointerException: Cannot invoke "kr.dbinc.ecos.session.ChargePoint.heartbeat()" because "chargePoint" is null
	at kr.dbinc.ecos.ocpp.rpc.MessageHandlerImpl.dispatch(MessageHandlerImpl.java:74) ~[main/:na]
	at kr.dbinc.ecos.ocpp.rpc.MessageHandlerImpl.handleMessage(MessageHandlerImpl.java:59) ~[main/:na]
	at kr.dbinc.ecos.ws.handler.Ocpp16WebSocketEndpoint.handleTextMessage(Ocpp16WebSocketEndpoint.java:69) ~[main/:na]
	at kr.dbinc.ecos.ws.handler.AbstractWebSocketEndpoint.onMessage(AbstractWebSocketEndpoint.java:28) ~[main/:na]
	at kr.dbinc.ecos.ws.handler.ConcurrentWebSocketHandler.handleMessage(ConcurrentWebSocketHandler.java:31) ~[main/:na]
	at org.springframework.web.socket.handler.WebSocketHandlerDecorator.handleMessage(WebSocketHandlerDecorator.java:75) ~[spring-websocket-5.3.22.jar:5.3.22]
	at org.springframework.web.socket.handler.LoggingWebSocketHandlerDecorator.handleMessage(LoggingWebSocketHandlerDecorator.java:56) ~[spring-websocket-5.3.22.jar:5.3.22]
	at org.springframework.web.socket.handler.ExceptionWebSocketHandlerDecorator.handleMessage(ExceptionWebSocketHandlerDecorator.java:58) ~[spring-websocket-5.3.22.jar:5.3.22]
	at org.springframework.web.socket.adapter.standard.StandardWebSocketHandlerAdapter.handleTextMessage(StandardWebSocketHandlerAdapter.java:114) ~[spring-websocket-5.3.22.jar:5.3.22]
	at org.springframework.web.socket.adapter.standard.StandardWebSocketHandlerAdapter.access$000(StandardWebSocketHandlerAdapter.java:43) ~[spring-websocket-5.3.22.jar:5.3.22]
	at org.springframework.web.socket.adapter.standard.StandardWebSocketHandlerAdapter$3.onMessage(StandardWebSocketHandlerAdapter.java:85) ~[spring-websocket-5.3.22.jar:5.3.22]
	at org.springframework.web.socket.adapter.standard.StandardWebSocketHandlerAdapter$3.onMessage(StandardWebSocketHandlerAdapter.java:82) ~[spring-websocket-5.3.22.jar:5.3.22]
	at org.apache.tomcat.websocket.WsFrameBase.sendMessageText(WsFrameBase.java:415) ~[tomcat-embed-websocket-9.0.65.jar:9.0.65]
	at org.apache.tomcat.websocket.server.WsFrameServer.sendMessageText(WsFrameServer.java:129) ~[tomcat-embed-websocket-9.0.65.jar:9.0.65]
	at org.apache.tomcat.websocket.WsFrameBase.processDataText(WsFrameBase.java:515) ~[tomcat-embed-websocket-9.0.65.jar:9.0.65]
	at org.apache.tomcat.websocket.WsFrameBase.processData(WsFrameBase.java:301) ~[tomcat-embed-websocket-9.0.65.jar:9.0.65]
	at org.apache.tomcat.websocket.WsFrameBase.processInputBuffer(WsFrameBase.java:133) ~[tomcat-embed-websocket-9.0.65.jar:9.0.65]
	at org.apache.tomcat.websocket.server.WsFrameServer.onDataAvailable(WsFrameServer.java:85) ~[tomcat-embed-websocket-9.0.65.jar:9.0.65]
	at org.apache.tomcat.websocket.server.WsFrameServer.doOnDataAvailable(WsFrameServer.java:183) ~[tomcat-embed-websocket-9.0.65.jar:9.0.65]
	at org.apache.tomcat.websocket.server.WsFrameServer.notifyDataAvailable(WsFrameServer.java:162) ~[tomcat-embed-websocket-9.0.65.jar:9.0.65]
	at org.apache.tomcat.websocket.server.WsHttpUpgradeHandler.upgradeDispatch(WsHttpUpgradeHandler.java:157) ~[tomcat-embed-websocket-9.0.65.jar:9.0.65]
	at org.apache.coyote.http11.upgrade.UpgradeProcessorInternal.dispatch(UpgradeProcessorInternal.java:60) ~[tomcat-embed-core-9.0.65.jar:9.0.65]
	at org.apache.coyote.AbstractProcessorLight.process(AbstractProcessorLight.java:59) ~[tomcat-embed-core-9.0.65.jar:9.0.65]
	at org.apache.coyote.AbstractProtocol$ConnectionHandler.process(AbstractProtocol.java:890) ~[tomcat-embed-core-9.0.65.jar:9.0.65]
	at org.apache.tomcat.util.net.NioEndpoint$SocketProcessor.doRun(NioEndpoint.java:1789) ~[tomcat-embed-core-9.0.65.jar:9.0.65]
	at org.apache.tomcat.util.net.SocketProcessorBase.run(SocketProcessorBase.java:49) ~[tomcat-embed-core-9.0.65.jar:9.0.65]
	at org.apache.tomcat.util.threads.ThreadPoolExecutor.runWorker(ThreadPoolExecutor.java:1191) ~[tomcat-embed-core-9.0.65.jar:9.0.65]
	at org.apache.tomcat.util.threads.ThreadPoolExecutor$Worker.run(ThreadPoolExecutor.java:659) ~[tomcat-embed-core-9.0.65.jar:9.0.65]
	at org.apache.tomcat.util.threads.TaskThread$WrappingRunnable.run(TaskThread.java:61) ~[tomcat-embed-core-9.0.65.jar:9.0.65]
	at java.base/java.lang.Thread.run(Thread.java:833) ~[na:na]

2024-01-17 11:26:56.726  INFO 6164 --- [https-jsse-nio-5000-exec-3] k.d.e.w.h.AbstractWebSocketEndpoint      : [BNS002101] is Disconnected!
2024-01-17 11:26:56.808  INFO 6164 --- [https-jsse-nio-5000-exec-6] k.dbinc.ecos.config.SecurityInterceptor  : Connect Try Charger URI=https://127.0.0.1:5000/v2/BNS002101, findLevel=2
2024-01-17 11:26:56.809  INFO 6164 --- [https-jsse-nio-5000-exec-6] k.d.ecos.ocpp.service.SecurityService    : username=BNS002101, password=bluenetworks, chargePointId=BNS002101
2024-01-17 11:26:56.818  INFO 6164 --- [https-jsse-nio-5000-exec-6] k.d.ecos.ocpp.service.SecurityService    : requestPassword=bluenetworks, findPassword=bluenetworks
2024-01-17 11:26:56.821  INFO 6164 --- [https-jsse-nio-5000-exec-6] k.d.e.w.h.AbstractWebSocketEndpoint      : [BNS002101] is Connected!
2024-01-17 11:26:56.888  INFO 6164 --- [https-jsse-nio-5000-exec-6] k.d.ecos.ocpp.service.MessageLogService  : Charger id=BNS002101
2024-01-17 11:26:56.937  INFO 6164 --- [https-jsse-nio-5000-exec-6] k.d.ecos.ocpp.service.MessageLogService  : Charger=BNS002101, Message=[2, "1", "BootNotification", { "chargeBoxSerialNumber": "02", "chargePointModel": "CEC-2303HC1", "chargePointSerialNumber": "F0:8B:FE:0F:00:00", "chargePointVendor": "kr.co.bluenetworks", "firmwareVersion": "V1.1.7" }]
2024-01-17 11:26:56.992  INFO 6164 --- [https-jsse-nio-5000-exec-6] k.d.e.o.service.MessageForwardService    : chargerId =kr.co.bluenetworks
2024-01-17 11:26:58.146  INFO 6164 --- [https-jsse-nio-5000-exec-6] k.d.e.o.service.MessageForwardService    : BootNotification result={"currentTime":"2024-01-17T02:26:57.777+00:00","interval":120,"status":"Accepted"}
2024-01-17 11:26:58.240  INFO 6164 --- [https-jsse-nio-5000-exec-6] k.d.ecos.ocpp.service.MessageLogService  : Charger id=BNS002101
2024-01-17 11:26:58.253  INFO 6164 --- [https-jsse-nio-5000-exec-6] k.d.ecos.ocpp.service.MessageLogService  : Charger=BNS002101, Message=[3,"1",{"currentTime":"2024-01-17T02:26:57.777Z","interval":120,"status":"Accepted"}]
2024-01-17 11:57:15.855  INFO 6164 --- [Task-scheduler8] k.d.e.w.h.AbstractWebSocketEndpoint      : [BNS002101] is Disconnected!
2024-01-17 13:41:28.379  INFO 6164 --- [https-jsse-nio-5000-exec-9] k.d.e.w.h.AbstractWebSocketEndpoint      : [BNS002101] is Disconnected!
2024-01-17 13:41:28.458  INFO 6164 --- [https-jsse-nio-5000-exec-7] k.dbinc.ecos.config.SecurityInterceptor  : Connect Try Charger URI=https://127.0.0.1:5000/v2/BNS002101, findLevel=2
2024-01-17 13:41:28.459  INFO 6164 --- [https-jsse-nio-5000-exec-7] k.d.ecos.ocpp.service.SecurityService    : username=BNS002101, password=bluenetworks, chargePointId=BNS002101
2024-01-17 13:41:28.474  INFO 6164 --- [https-jsse-nio-5000-exec-7] k.d.ecos.ocpp.service.SecurityService    : requestPassword=bluenetworks, findPassword=bluenetworks
2024-01-17 13:41:28.481  INFO 6164 --- [https-jsse-nio-5000-exec-7] k.d.e.w.h.AbstractWebSocketEndpoint      : [BNS002101] is Connected!
2024-01-17 13:41:28.532  INFO 6164 --- [https-jsse-nio-5000-exec-7] k.d.ecos.ocpp.service.MessageLogService  : Charger id=BNS002101
2024-01-17 13:41:28.553  INFO 6164 --- [https-jsse-nio-5000-exec-7] k.d.ecos.ocpp.service.MessageLogService  : Charger=BNS002101, Message=[2, "1", "BootNotification", { "chargeBoxSerialNumber": "02", "chargePointModel": "CEC-2303HC1", "chargePointSerialNumber": "F0:8B:FE:0F:00:00", "chargePointVendor": "kr.co.bluenetworks", "firmwareVersion": "V1.1.7" }]
2024-01-17 13:41:28.605  INFO 6164 --- [https-jsse-nio-5000-exec-7] k.d.e.o.service.MessageForwardService    : chargerId =kr.co.bluenetworks
2024-01-17 13:41:28.684  INFO 6164 --- [https-jsse-nio-5000-exec-7] k.d.e.o.service.MessageForwardService    : BootNotification result=ERROR
2024-01-17 13:41:28.722 ERROR 6164 --- [https-jsse-nio-5000-exec-7] k.d.e.w.handler.Ocpp16WebSocketEndpoint  : Unrecognized token 'ERROR': was expecting (JSON String, Number, Array, Object or token 'null', 'true' or 'false')
 at [Source: (String)"ERROR"; line: 1, column: 6]

kr.dbinc.ecos.ocpp.rpc.exception.InternalErrorException: Unrecognized token 'ERROR': was expecting (JSON String, Number, Array, Object or token 'null', 'true' or 'false')
 at [Source: (String)"ERROR"; line: 1, column: 6]
	at kr.dbinc.ecos.ocpp.service.MessageForwardService.bootNotification(MessageForwardService.java:63) ~[main/:na]
	at kr.dbinc.ecos.ocpp.profile.Ocpp16ServiceImpl.bootNotification(Ocpp16ServiceImpl.java:110) ~[main/:na]
	at kr.dbinc.ecos.ocpp.profile.Ocpp16ServiceImpl$$FastClassBySpringCGLIB$$4fcff954.invoke(<generated>) ~[main/:na]
	at org.springframework.cglib.proxy.MethodProxy.invoke(MethodProxy.java:218) ~[spring-core-5.3.22.jar:5.3.22]
	at org.springframework.aop.framework.CglibAopProxy$CglibMethodInvocation.invokeJoinpoint(CglibAopProxy.java:793) ~[spring-aop-5.3.22.jar:5.3.22]
	at org.springframework.aop.framework.ReflectiveMethodInvocation.proceed(ReflectiveMethodInvocation.java:163) ~[spring-aop-5.3.22.jar:5.3.22]
	at org.springframework.aop.framework.CglibAopProxy$CglibMethodInvocation.proceed(CglibAopProxy.java:763) ~[spring-aop-5.3.22.jar:5.3.22]
	at org.springframework.transaction.interceptor.TransactionInterceptor$1.proceedWithInvocation(TransactionInterceptor.java:123) ~[spring-tx-5.3.22.jar:5.3.22]
	at org.springframework.transaction.interceptor.TransactionAspectSupport.invokeWithinTransaction(TransactionAspectSupport.java:388) ~[spring-tx-5.3.22.jar:5.3.22]
	at org.springframework.transaction.interceptor.TransactionInterceptor.invoke(TransactionInterceptor.java:119) ~[spring-tx-5.3.22.jar:5.3.22]
	at org.springframework.aop.framework.ReflectiveMethodInvocation.proceed(ReflectiveMethodInvocation.java:186) ~[spring-aop-5.3.22.jar:5.3.22]
	at org.springframework.aop.framework.CglibAopProxy$CglibMethodInvocation.proceed(CglibAopProxy.java:763) ~[spring-aop-5.3.22.jar:5.3.22]
	at org.springframework.aop.framework.CglibAopProxy$DynamicAdvisedInterceptor.intercept(CglibAopProxy.java:708) ~[spring-aop-5.3.22.jar:5.3.22]
	at kr.dbinc.ecos.ocpp.profile.Ocpp16ServiceImpl$$EnhancerBySpringCGLIB$$7a46fa27.bootNotification(<generated>) ~[main/:na]
	at kr.dbinc.ecos.ocpp.rpc.MessageHandlerImpl.dispatch(MessageHandlerImpl.java:80) ~[main/:na]
	at kr.dbinc.ecos.ocpp.rpc.MessageHandlerImpl.handleMessage(MessageHandlerImpl.java:59) ~[main/:na]
	at kr.dbinc.ecos.ws.handler.Ocpp16WebSocketEndpoint.handleTextMessage(Ocpp16WebSocketEndpoint.java:69) ~[main/:na]
	at kr.dbinc.ecos.ws.handler.AbstractWebSocketEndpoint.onMessage(AbstractWebSocketEndpoint.java:28) ~[main/:na]
	at kr.dbinc.ecos.ws.handler.ConcurrentWebSocketHandler.handleMessage(ConcurrentWebSocketHandler.java:31) ~[main/:na]
	at org.springframework.web.socket.handler.WebSocketHandlerDecorator.handleMessage(WebSocketHandlerDecorator.java:75) ~[spring-websocket-5.3.22.jar:5.3.22]
	at org.springframework.web.socket.handler.LoggingWebSocketHandlerDecorator.handleMessage(LoggingWebSocketHandlerDecorator.java:56) ~[spring-websocket-5.3.22.jar:5.3.22]
	at org.springframework.web.socket.handler.ExceptionWebSocketHandlerDecorator.handleMessage(ExceptionWebSocketHandlerDecorator.java:58) ~[spring-websocket-5.3.22.jar:5.3.22]
	at org.springframework.web.socket.adapter.standard.StandardWebSocketHandlerAdapter.handleTextMessage(StandardWebSocketHandlerAdapter.java:114) ~[spring-websocket-5.3.22.jar:5.3.22]
	at org.springframework.web.socket.adapter.standard.StandardWebSocketHandlerAdapter.access$000(StandardWebSocketHandlerAdapter.java:43) ~[spring-websocket-5.3.22.jar:5.3.22]
	at org.springframework.web.socket.adapter.standard.StandardWebSocketHandlerAdapter$3.onMessage(StandardWebSocketHandlerAdapter.java:85) ~[spring-websocket-5.3.22.jar:5.3.22]
	at org.springframework.web.socket.adapter.standard.StandardWebSocketHandlerAdapter$3.onMessage(StandardWebSocketHandlerAdapter.java:82) ~[spring-websocket-5.3.22.jar:5.3.22]
	at org.apache.tomcat.websocket.WsFrameBase.sendMessageText(WsFrameBase.java:415) ~[tomcat-embed-websocket-9.0.65.jar:9.0.65]
	at org.apache.tomcat.websocket.server.WsFrameServer.sendMessageText(WsFrameServer.java:129) ~[tomcat-embed-websocket-9.0.65.jar:9.0.65]
	at org.apache.tomcat.websocket.WsFrameBase.processDataText(WsFrameBase.java:515) ~[tomcat-embed-websocket-9.0.65.jar:9.0.65]
	at org.apache.tomcat.websocket.WsFrameBase.processData(WsFrameBase.java:301) ~[tomcat-embed-websocket-9.0.65.jar:9.0.65]
	at org.apache.tomcat.websocket.WsFrameBase.processInputBuffer(WsFrameBase.java:133) ~[tomcat-embed-websocket-9.0.65.jar:9.0.65]
	at org.apache.tomcat.websocket.server.WsFrameServer.onDataAvailable(WsFrameServer.java:85) ~[tomcat-embed-websocket-9.0.65.jar:9.0.65]
	at org.apache.tomcat.websocket.server.WsFrameServer.doOnDataAvailable(WsFrameServer.java:183) ~[tomcat-embed-websocket-9.0.65.jar:9.0.65]
	at org.apache.tomcat.websocket.server.WsFrameServer.notifyDataAvailable(WsFrameServer.java:162) ~[tomcat-embed-websocket-9.0.65.jar:9.0.65]
	at org.apache.tomcat.websocket.server.WsHttpUpgradeHandler.upgradeDispatch(WsHttpUpgradeHandler.java:157) ~[tomcat-embed-websocket-9.0.65.jar:9.0.65]
	at org.apache.coyote.http11.upgrade.UpgradeProcessorInternal.dispatch(UpgradeProcessorInternal.java:60) ~[tomcat-embed-core-9.0.65.jar:9.0.65]
	at org.apache.coyote.AbstractProcessorLight.process(AbstractProcessorLight.java:59) ~[tomcat-embed-core-9.0.65.jar:9.0.65]
	at org.apache.coyote.AbstractProtocol$ConnectionHandler.process(AbstractProtocol.java:890) ~[tomcat-embed-core-9.0.65.jar:9.0.65]
	at org.apache.tomcat.util.net.NioEndpoint$SocketProcessor.doRun(NioEndpoint.java:1789) ~[tomcat-embed-core-9.0.65.jar:9.0.65]
	at org.apache.tomcat.util.net.SocketProcessorBase.run(SocketProcessorBase.java:49) ~[tomcat-embed-core-9.0.65.jar:9.0.65]
	at org.apache.tomcat.util.threads.ThreadPoolExecutor.runWorker(ThreadPoolExecutor.java:1191) ~[tomcat-embed-core-9.0.65.jar:9.0.65]
	at org.apache.tomcat.util.threads.ThreadPoolExecutor$Worker.run(ThreadPoolExecutor.java:659) ~[tomcat-embed-core-9.0.65.jar:9.0.65]
	at org.apache.tomcat.util.threads.TaskThread$WrappingRunnable.run(TaskThread.java:61) ~[tomcat-embed-core-9.0.65.jar:9.0.65]
	at java.base/java.lang.Thread.run(Thread.java:833) ~[na:na]
Caused by: com.fasterxml.jackson.core.JsonParseException: Unrecognized token 'ERROR': was expecting (JSON String, Number, Array, Object or token 'null', 'true' or 'false')
 at [Source: (String)"ERROR"; line: 1, column: 6]
	at com.fasterxml.jackson.core.JsonParser._constructError(JsonParser.java:2391) ~[jackson-core-2.13.3.jar:2.13.3]
	at com.fasterxml.jackson.core.base.ParserMinimalBase._reportError(ParserMinimalBase.java:745) ~[jackson-core-2.13.3.jar:2.13.3]
	at com.fasterxml.jackson.core.json.ReaderBasedJsonParser._reportInvalidToken(ReaderBasedJsonParser.java:2961) ~[jackson-core-2.13.3.jar:2.13.3]
	at com.fasterxml.jackson.core.json.ReaderBasedJsonParser._handleOddValue(ReaderBasedJsonParser.java:2002) ~[jackson-core-2.13.3.jar:2.13.3]
	at com.fasterxml.jackson.core.json.ReaderBasedJsonParser.nextToken(ReaderBasedJsonParser.java:802) ~[jackson-core-2.13.3.jar:2.13.3]
	at com.fasterxml.jackson.databind.ObjectMapper._initForReading(ObjectMapper.java:4761) ~[jackson-databind-2.13.3.jar:2.13.3]
	at com.fasterxml.jackson.databind.ObjectMapper._readMapAndClose(ObjectMapper.java:4667) ~[jackson-databind-2.13.3.jar:2.13.3]
	at com.fasterxml.jackson.databind.ObjectMapper.readValue(ObjectMapper.java:3629) ~[jackson-databind-2.13.3.jar:2.13.3]
	at com.fasterxml.jackson.databind.ObjectMapper.readValue(ObjectMapper.java:3597) ~[jackson-databind-2.13.3.jar:2.13.3]
	at kr.dbinc.ecos.ocpp.service.MessageForwardService.bootNotification(MessageForwardService.java:61) ~[main/:na]
	... 43 common frames omitted

2024-01-17 13:41:28.743  INFO 6164 --- [https-jsse-nio-5000-exec-7] k.d.ecos.ocpp.service.MessageLogService  : Charger id=BNS002101
2024-01-17 13:41:28.756  INFO 6164 --- [https-jsse-nio-5000-exec-7] k.d.ecos.ocpp.service.MessageLogService  : Charger=BNS002101, Message=[4," 1","InternalError","Unrecognized token 'ERROR': was expecting (JSON String, Number, Array, Object or token 'null', 'true' or 'false')\n at [Source: (String)\"ERROR\"; line: 1, column: 6]","{}"]
2024-01-17 13:46:47.794  INFO 6164 --- [https-jsse-nio-5000-exec-2] k.d.e.w.h.AbstractWebSocketEndpoint      : [BNS002101] is Disconnected!
2024-01-17 13:46:47.796  INFO 6164 --- [https-jsse-nio-5000-exec-2] k.d.e.w.h.AbstractWebSocketEndpoint      : [BNS002101] is Disconnected!
2024-01-17 13:46:47.844  INFO 6164 --- [https-jsse-nio-5000-exec-3] k.dbinc.ecos.config.SecurityInterceptor  : Connect Try Charger URI=https://127.0.0.1:5000/v2/BNS002101, findLevel=2
2024-01-17 13:46:47.844  INFO 6164 --- [https-jsse-nio-5000-exec-3] k.d.ecos.ocpp.service.SecurityService    : username=BNS002101, password=bluenetworks, chargePointId=BNS002101
2024-01-17 13:46:47.854  INFO 6164 --- [https-jsse-nio-5000-exec-3] k.d.ecos.ocpp.service.SecurityService    : requestPassword=bluenetworks, findPassword=bluenetworks
2024-01-17 13:46:47.857  INFO 6164 --- [https-jsse-nio-5000-exec-3] k.d.e.w.h.AbstractWebSocketEndpoint      : [BNS002101] is Connected!
2024-01-17 13:46:47.908  INFO 6164 --- [https-jsse-nio-5000-exec-3] k.d.ecos.ocpp.service.MessageLogService  : Charger id=BNS002101
2024-01-17 13:46:47.922  INFO 6164 --- [https-jsse-nio-5000-exec-3] k.d.ecos.ocpp.service.MessageLogService  : Charger=BNS002101, Message=[2, "1", "BootNotification", { "chargeBoxSerialNumber": "02", "chargePointModel": "CEC-2303HC1", "chargePointSerialNumber": "F0:8B:FE:0F:00:00", "chargePointVendor": "kr.co.bluenetworks", "firmwareVersion": "V1.1.7" }]
2024-01-17 13:46:47.963  INFO 6164 --- [https-jsse-nio-5000-exec-3] k.d.e.o.service.MessageForwardService    : chargerId =kr.co.bluenetworks
2024-01-17 13:46:47.984  INFO 6164 --- [https-jsse-nio-5000-exec-3] k.d.e.o.service.MessageForwardService    : BootNotification result=ERROR
2024-01-17 13:46:48.009 ERROR 6164 --- [https-jsse-nio-5000-exec-3] k.d.e.w.handler.Ocpp16WebSocketEndpoint  : Unrecognized token 'ERROR': was expecting (JSON String, Number, Array, Object or token 'null', 'true' or 'false')
 at [Source: (String)"ERROR"; line: 1, column: 6]

kr.dbinc.ecos.ocpp.rpc.exception.InternalErrorException: Unrecognized token 'ERROR': was expecting (JSON String, Number, Array, Object or token 'null', 'true' or 'false')
 at [Source: (String)"ERROR"; line: 1, column: 6]
	at kr.dbinc.ecos.ocpp.service.MessageForwardService.bootNotification(MessageForwardService.java:63) ~[main/:na]
	at kr.dbinc.ecos.ocpp.profile.Ocpp16ServiceImpl.bootNotification(Ocpp16ServiceImpl.java:110) ~[main/:na]
	at kr.dbinc.ecos.ocpp.profile.Ocpp16ServiceImpl$$FastClassBySpringCGLIB$$4fcff954.invoke(<generated>) ~[main/:na]
	at org.springframework.cglib.proxy.MethodProxy.invoke(MethodProxy.java:218) ~[spring-core-5.3.22.jar:5.3.22]
	at org.springframework.aop.framework.CglibAopProxy$CglibMethodInvocation.invokeJoinpoint(CglibAopProxy.java:793) ~[spring-aop-5.3.22.jar:5.3.22]
	at org.springframework.aop.framework.ReflectiveMethodInvocation.proceed(ReflectiveMethodInvocation.java:163) ~[spring-aop-5.3.22.jar:5.3.22]
	at org.springframework.aop.framework.CglibAopProxy$CglibMethodInvocation.proceed(CglibAopProxy.java:763) ~[spring-aop-5.3.22.jar:5.3.22]
	at org.springframework.transaction.interceptor.TransactionInterceptor$1.proceedWithInvocation(TransactionInterceptor.java:123) ~[spring-tx-5.3.22.jar:5.3.22]
	at org.springframework.transaction.interceptor.TransactionAspectSupport.invokeWithinTransaction(TransactionAspectSupport.java:388) ~[spring-tx-5.3.22.jar:5.3.22]
	at org.springframework.transaction.interceptor.TransactionInterceptor.invoke(TransactionInterceptor.java:119) ~[spring-tx-5.3.22.jar:5.3.22]
	at org.springframework.aop.framework.ReflectiveMethodInvocation.proceed(ReflectiveMethodInvocation.java:186) ~[spring-aop-5.3.22.jar:5.3.22]
	at org.springframework.aop.framework.CglibAopProxy$CglibMethodInvocation.proceed(CglibAopProxy.java:763) ~[spring-aop-5.3.22.jar:5.3.22]
	at org.springframework.aop.framework.CglibAopProxy$DynamicAdvisedInterceptor.intercept(CglibAopProxy.java:708) ~[spring-aop-5.3.22.jar:5.3.22]
	at kr.dbinc.ecos.ocpp.profile.Ocpp16ServiceImpl$$EnhancerBySpringCGLIB$$7a46fa27.bootNotification(<generated>) ~[main/:na]
	at kr.dbinc.ecos.ocpp.rpc.MessageHandlerImpl.dispatch(MessageHandlerImpl.java:80) ~[main/:na]
	at kr.dbinc.ecos.ocpp.rpc.MessageHandlerImpl.handleMessage(MessageHandlerImpl.java:59) ~[main/:na]
	at kr.dbinc.ecos.ws.handler.Ocpp16WebSocketEndpoint.handleTextMessage(Ocpp16WebSocketEndpoint.java:69) ~[main/:na]
	at kr.dbinc.ecos.ws.handler.AbstractWebSocketEndpoint.onMessage(AbstractWebSocketEndpoint.java:28) ~[main/:na]
	at kr.dbinc.ecos.ws.handler.ConcurrentWebSocketHandler.handleMessage(ConcurrentWebSocketHandler.java:31) ~[main/:na]
	at org.springframework.web.socket.handler.WebSocketHandlerDecorator.handleMessage(WebSocketHandlerDecorator.java:75) ~[spring-websocket-5.3.22.jar:5.3.22]
	at org.springframework.web.socket.handler.LoggingWebSocketHandlerDecorator.handleMessage(LoggingWebSocketHandlerDecorator.java:56) ~[spring-websocket-5.3.22.jar:5.3.22]
	at org.springframework.web.socket.handler.ExceptionWebSocketHandlerDecorator.handleMessage(ExceptionWebSocketHandlerDecorator.java:58) ~[spring-websocket-5.3.22.jar:5.3.22]
	at org.springframework.web.socket.adapter.standard.StandardWebSocketHandlerAdapter.handleTextMessage(StandardWebSocketHandlerAdapter.java:114) ~[spring-websocket-5.3.22.jar:5.3.22]
	at org.springframework.web.socket.adapter.standard.StandardWebSocketHandlerAdapter.access$000(StandardWebSocketHandlerAdapter.java:43) ~[spring-websocket-5.3.22.jar:5.3.22]
	at org.springframework.web.socket.adapter.standard.StandardWebSocketHandlerAdapter$3.onMessage(StandardWebSocketHandlerAdapter.java:85) ~[spring-websocket-5.3.22.jar:5.3.22]
	at org.springframework.web.socket.adapter.standard.StandardWebSocketHandlerAdapter$3.onMessage(StandardWebSocketHandlerAdapter.java:82) ~[spring-websocket-5.3.22.jar:5.3.22]
	at org.apache.tomcat.websocket.WsFrameBase.sendMessageText(WsFrameBase.java:415) ~[tomcat-embed-websocket-9.0.65.jar:9.0.65]
	at org.apache.tomcat.websocket.server.WsFrameServer.sendMessageText(WsFrameServer.java:129) ~[tomcat-embed-websocket-9.0.65.jar:9.0.65]
	at org.apache.tomcat.websocket.WsFrameBase.processDataText(WsFrameBase.java:515) ~[tomcat-embed-websocket-9.0.65.jar:9.0.65]
	at org.apache.tomcat.websocket.WsFrameBase.processData(WsFrameBase.java:301) ~[tomcat-embed-websocket-9.0.65.jar:9.0.65]
	at org.apache.tomcat.websocket.WsFrameBase.processInputBuffer(WsFrameBase.java:133) ~[tomcat-embed-websocket-9.0.65.jar:9.0.65]
	at org.apache.tomcat.websocket.server.WsFrameServer.onDataAvailable(WsFrameServer.java:85) ~[tomcat-embed-websocket-9.0.65.jar:9.0.65]
	at org.apache.tomcat.websocket.server.WsFrameServer.doOnDataAvailable(WsFrameServer.java:183) ~[tomcat-embed-websocket-9.0.65.jar:9.0.65]
	at org.apache.tomcat.websocket.server.WsFrameServer.notifyDataAvailable(WsFrameServer.java:162) ~[tomcat-embed-websocket-9.0.65.jar:9.0.65]
	at org.apache.tomcat.websocket.server.WsHttpUpgradeHandler.upgradeDispatch(WsHttpUpgradeHandler.java:157) ~[tomcat-embed-websocket-9.0.65.jar:9.0.65]
	at org.apache.coyote.http11.upgrade.UpgradeProcessorInternal.dispatch(UpgradeProcessorInternal.java:60) ~[tomcat-embed-core-9.0.65.jar:9.0.65]
	at org.apache.coyote.AbstractProcessorLight.process(AbstractProcessorLight.java:59) ~[tomcat-embed-core-9.0.65.jar:9.0.65]
	at org.apache.coyote.AbstractProtocol$ConnectionHandler.process(AbstractProtocol.java:890) ~[tomcat-embed-core-9.0.65.jar:9.0.65]
	at org.apache.tomcat.util.net.NioEndpoint$SocketProcessor.doRun(NioEndpoint.java:1789) ~[tomcat-embed-core-9.0.65.jar:9.0.65]
	at org.apache.tomcat.util.net.SocketProcessorBase.run(SocketProcessorBase.java:49) ~[tomcat-embed-core-9.0.65.jar:9.0.65]
	at org.apache.tomcat.util.threads.ThreadPoolExecutor.runWorker(ThreadPoolExecutor.java:1191) ~[tomcat-embed-core-9.0.65.jar:9.0.65]
	at org.apache.tomcat.util.threads.ThreadPoolExecutor$Worker.run(ThreadPoolExecutor.java:659) ~[tomcat-embed-core-9.0.65.jar:9.0.65]
	at org.apache.tomcat.util.threads.TaskThread$WrappingRunnable.run(TaskThread.java:61) ~[tomcat-embed-core-9.0.65.jar:9.0.65]
	at java.base/java.lang.Thread.run(Thread.java:833) ~[na:na]
Caused by: com.fasterxml.jackson.core.JsonParseException: Unrecognized token 'ERROR': was expecting (JSON String, Number, Array, Object or token 'null', 'true' or 'false')
 at [Source: (String)"ERROR"; line: 1, column: 6]
	at com.fasterxml.jackson.core.JsonParser._constructError(JsonParser.java:2391) ~[jackson-core-2.13.3.jar:2.13.3]
	at com.fasterxml.jackson.core.base.ParserMinimalBase._reportError(ParserMinimalBase.java:745) ~[jackson-core-2.13.3.jar:2.13.3]
	at com.fasterxml.jackson.core.json.ReaderBasedJsonParser._reportInvalidToken(ReaderBasedJsonParser.java:2961) ~[jackson-core-2.13.3.jar:2.13.3]
	at com.fasterxml.jackson.core.json.ReaderBasedJsonParser._handleOddValue(ReaderBasedJsonParser.java:2002) ~[jackson-core-2.13.3.jar:2.13.3]
	at com.fasterxml.jackson.core.json.ReaderBasedJsonParser.nextToken(ReaderBasedJsonParser.java:802) ~[jackson-core-2.13.3.jar:2.13.3]
	at com.fasterxml.jackson.databind.ObjectMapper._initForReading(ObjectMapper.java:4761) ~[jackson-databind-2.13.3.jar:2.13.3]
	at com.fasterxml.jackson.databind.ObjectMapper._readMapAndClose(ObjectMapper.java:4667) ~[jackson-databind-2.13.3.jar:2.13.3]
	at com.fasterxml.jackson.databind.ObjectMapper.readValue(ObjectMapper.java:3629) ~[jackson-databind-2.13.3.jar:2.13.3]
	at com.fasterxml.jackson.databind.ObjectMapper.readValue(ObjectMapper.java:3597) ~[jackson-databind-2.13.3.jar:2.13.3]
	at kr.dbinc.ecos.ocpp.service.MessageForwardService.bootNotification(MessageForwardService.java:61) ~[main/:na]
	... 43 common frames omitted

2024-01-17 13:46:48.029  INFO 6164 --- [https-jsse-nio-5000-exec-3] k.d.ecos.ocpp.service.MessageLogService  : Charger id=BNS002101
2024-01-17 13:46:48.043  INFO 6164 --- [https-jsse-nio-5000-exec-3] k.d.ecos.ocpp.service.MessageLogService  : Charger=BNS002101, Message=[4," 1","InternalError","Unrecognized token 'ERROR': was expecting (JSON String, Number, Array, Object or token 'null', 'true' or 'false')\n at [Source: (String)\"ERROR\"; line: 1, column: 6]","{}"]
2024-01-17 13:47:32.527  INFO 6164 --- [https-jsse-nio-5000-exec-8] k.d.e.w.h.AbstractWebSocketEndpoint      : [BNS002101] is Disconnected!
2024-01-17 13:47:32.529  INFO 6164 --- [https-jsse-nio-5000-exec-8] k.d.e.w.h.AbstractWebSocketEndpoint      : [BNS002101] is Disconnected!
2024-01-17 13:47:32.608  INFO 6164 --- [https-jsse-nio-5000-exec-9] k.dbinc.ecos.config.SecurityInterceptor  : Connect Try Charger URI=https://127.0.0.1:5000/v2/BNS002101, findLevel=2
2024-01-17 13:47:32.608  INFO 6164 --- [https-jsse-nio-5000-exec-9] k.d.ecos.ocpp.service.SecurityService    : username=BNS002101, password=bluenetworks, chargePointId=BNS002101
2024-01-17 13:47:32.619  INFO 6164 --- [https-jsse-nio-5000-exec-9] k.d.ecos.ocpp.service.SecurityService    : requestPassword=bluenetworks, findPassword=bluenetworks
2024-01-17 13:47:32.622  INFO 6164 --- [https-jsse-nio-5000-exec-9] k.d.e.w.h.AbstractWebSocketEndpoint      : [BNS002101] is Connected!
2024-01-17 13:47:32.668  INFO 6164 --- [https-jsse-nio-5000-exec-9] k.d.ecos.ocpp.service.MessageLogService  : Charger id=BNS002101
2024-01-17 13:47:32.682  INFO 6164 --- [https-jsse-nio-5000-exec-9] k.d.ecos.ocpp.service.MessageLogService  : Charger=BNS002101, Message=[2, "1", "BootNotification", { "chargeBoxSerialNumber": "02", "chargePointModel": "CEC-2303HC1", "chargePointSerialNumber": "F0:8B:FE:0F:00:00", "chargePointVendor": "kr.co.bluenetworks", "firmwareVersion": "V1.1.7" }]
2024-01-17 13:47:32.715  INFO 6164 --- [https-jsse-nio-5000-exec-9] k.d.e.o.service.MessageForwardService    : chargerId =kr.co.bluenetworks
2024-01-17 13:47:32.727  INFO 6164 --- [https-jsse-nio-5000-exec-9] k.d.e.o.service.MessageForwardService    : BootNotification result=ERROR
2024-01-17 13:47:32.759 ERROR 6164 --- [https-jsse-nio-5000-exec-9] k.d.e.w.handler.Ocpp16WebSocketEndpoint  : Unrecognized token 'ERROR': was expecting (JSON String, Number, Array, Object or token 'null', 'true' or 'false')
 at [Source: (String)"ERROR"; line: 1, column: 6]

kr.dbinc.ecos.ocpp.rpc.exception.InternalErrorException: Unrecognized token 'ERROR': was expecting (JSON String, Number, Array, Object or token 'null', 'true' or 'false')
 at [Source: (String)"ERROR"; line: 1, column: 6]
	at kr.dbinc.ecos.ocpp.service.MessageForwardService.bootNotification(MessageForwardService.java:63) ~[main/:na]
	at kr.dbinc.ecos.ocpp.profile.Ocpp16ServiceImpl.bootNotification(Ocpp16ServiceImpl.java:110) ~[main/:na]
	at kr.dbinc.ecos.ocpp.profile.Ocpp16ServiceImpl$$FastClassBySpringCGLIB$$4fcff954.invoke(<generated>) ~[main/:na]
	at org.springframework.cglib.proxy.MethodProxy.invoke(MethodProxy.java:218) ~[spring-core-5.3.22.jar:5.3.22]
	at org.springframework.aop.framework.CglibAopProxy$CglibMethodInvocation.invokeJoinpoint(CglibAopProxy.java:793) ~[spring-aop-5.3.22.jar:5.3.22]
	at org.springframework.aop.framework.ReflectiveMethodInvocation.proceed(ReflectiveMethodInvocation.java:163) ~[spring-aop-5.3.22.jar:5.3.22]
	at org.springframework.aop.framework.CglibAopProxy$CglibMethodInvocation.proceed(CglibAopProxy.java:763) ~[spring-aop-5.3.22.jar:5.3.22]
	at org.springframework.transaction.interceptor.TransactionInterceptor$1.proceedWithInvocation(TransactionInterceptor.java:123) ~[spring-tx-5.3.22.jar:5.3.22]
	at org.springframework.transaction.interceptor.TransactionAspectSupport.invokeWithinTransaction(TransactionAspectSupport.java:388) ~[spring-tx-5.3.22.jar:5.3.22]
	at org.springframework.transaction.interceptor.TransactionInterceptor.invoke(TransactionInterceptor.java:119) ~[spring-tx-5.3.22.jar:5.3.22]
	at org.springframework.aop.framework.ReflectiveMethodInvocation.proceed(ReflectiveMethodInvocation.java:186) ~[spring-aop-5.3.22.jar:5.3.22]
	at org.springframework.aop.framework.CglibAopProxy$CglibMethodInvocation.proceed(CglibAopProxy.java:763) ~[spring-aop-5.3.22.jar:5.3.22]
	at org.springframework.aop.framework.CglibAopProxy$DynamicAdvisedInterceptor.intercept(CglibAopProxy.java:708) ~[spring-aop-5.3.22.jar:5.3.22]
	at kr.dbinc.ecos.ocpp.profile.Ocpp16ServiceImpl$$EnhancerBySpringCGLIB$$7a46fa27.bootNotification(<generated>) ~[main/:na]
	at kr.dbinc.ecos.ocpp.rpc.MessageHandlerImpl.dispatch(MessageHandlerImpl.java:80) ~[main/:na]
	at kr.dbinc.ecos.ocpp.rpc.MessageHandlerImpl.handleMessage(MessageHandlerImpl.java:59) ~[main/:na]
	at kr.dbinc.ecos.ws.handler.Ocpp16WebSocketEndpoint.handleTextMessage(Ocpp16WebSocketEndpoint.java:69) ~[main/:na]
	at kr.dbinc.ecos.ws.handler.AbstractWebSocketEndpoint.onMessage(AbstractWebSocketEndpoint.java:28) ~[main/:na]
	at kr.dbinc.ecos.ws.handler.ConcurrentWebSocketHandler.handleMessage(ConcurrentWebSocketHandler.java:31) ~[main/:na]
	at org.springframework.web.socket.handler.WebSocketHandlerDecorator.handleMessage(WebSocketHandlerDecorator.java:75) ~[spring-websocket-5.3.22.jar:5.3.22]
	at org.springframework.web.socket.handler.LoggingWebSocketHandlerDecorator.handleMessage(LoggingWebSocketHandlerDecorator.java:56) ~[spring-websocket-5.3.22.jar:5.3.22]
	at org.springframework.web.socket.handler.ExceptionWebSocketHandlerDecorator.handleMessage(ExceptionWebSocketHandlerDecorator.java:58) ~[spring-websocket-5.3.22.jar:5.3.22]
	at org.springframework.web.socket.adapter.standard.StandardWebSocketHandlerAdapter.handleTextMessage(StandardWebSocketHandlerAdapter.java:114) ~[spring-websocket-5.3.22.jar:5.3.22]
	at org.springframework.web.socket.adapter.standard.StandardWebSocketHandlerAdapter.access$000(StandardWebSocketHandlerAdapter.java:43) ~[spring-websocket-5.3.22.jar:5.3.22]
	at org.springframework.web.socket.adapter.standard.StandardWebSocketHandlerAdapter$3.onMessage(StandardWebSocketHandlerAdapter.java:85) ~[spring-websocket-5.3.22.jar:5.3.22]
	at org.springframework.web.socket.adapter.standard.StandardWebSocketHandlerAdapter$3.onMessage(StandardWebSocketHandlerAdapter.java:82) ~[spring-websocket-5.3.22.jar:5.3.22]
	at org.apache.tomcat.websocket.WsFrameBase.sendMessageText(WsFrameBase.java:415) ~[tomcat-embed-websocket-9.0.65.jar:9.0.65]
	at org.apache.tomcat.websocket.server.WsFrameServer.sendMessageText(WsFrameServer.java:129) ~[tomcat-embed-websocket-9.0.65.jar:9.0.65]
	at org.apache.tomcat.websocket.WsFrameBase.processDataText(WsFrameBase.java:515) ~[tomcat-embed-websocket-9.0.65.jar:9.0.65]
	at org.apache.tomcat.websocket.WsFrameBase.processData(WsFrameBase.java:301) ~[tomcat-embed-websocket-9.0.65.jar:9.0.65]
	at org.apache.tomcat.websocket.WsFrameBase.processInputBuffer(WsFrameBase.java:133) ~[tomcat-embed-websocket-9.0.65.jar:9.0.65]
	at org.apache.tomcat.websocket.server.WsFrameServer.onDataAvailable(WsFrameServer.java:85) ~[tomcat-embed-websocket-9.0.65.jar:9.0.65]
	at org.apache.tomcat.websocket.server.WsFrameServer.doOnDataAvailable(WsFrameServer.java:183) ~[tomcat-embed-websocket-9.0.65.jar:9.0.65]
	at org.apache.tomcat.websocket.server.WsFrameServer.notifyDataAvailable(WsFrameServer.java:162) ~[tomcat-embed-websocket-9.0.65.jar:9.0.65]
	at org.apache.tomcat.websocket.server.WsHttpUpgradeHandler.upgradeDispatch(WsHttpUpgradeHandler.java:157) ~[tomcat-embed-websocket-9.0.65.jar:9.0.65]
	at org.apache.coyote.http11.upgrade.UpgradeProcessorInternal.dispatch(UpgradeProcessorInternal.java:60) ~[tomcat-embed-core-9.0.65.jar:9.0.65]
	at org.apache.coyote.AbstractProcessorLight.process(AbstractProcessorLight.java:59) ~[tomcat-embed-core-9.0.65.jar:9.0.65]
	at org.apache.coyote.AbstractProtocol$ConnectionHandler.process(AbstractProtocol.java:890) ~[tomcat-embed-core-9.0.65.jar:9.0.65]
	at org.apache.tomcat.util.net.NioEndpoint$SocketProcessor.doRun(NioEndpoint.java:1789) ~[tomcat-embed-core-9.0.65.jar:9.0.65]
	at org.apache.tomcat.util.net.SocketProcessorBase.run(SocketProcessorBase.java:49) ~[tomcat-embed-core-9.0.65.jar:9.0.65]
	at org.apache.tomcat.util.threads.ThreadPoolExecutor.runWorker(ThreadPoolExecutor.java:1191) ~[tomcat-embed-core-9.0.65.jar:9.0.65]
	at org.apache.tomcat.util.threads.ThreadPoolExecutor$Worker.run(ThreadPoolExecutor.java:659) ~[tomcat-embed-core-9.0.65.jar:9.0.65]
	at org.apache.tomcat.util.threads.TaskThread$WrappingRunnable.run(TaskThread.java:61) ~[tomcat-embed-core-9.0.65.jar:9.0.65]
	at java.base/java.lang.Thread.run(Thread.java:833) ~[na:na]
Caused by: com.fasterxml.jackson.core.JsonParseException: Unrecognized token 'ERROR': was expecting (JSON String, Number, Array, Object or token 'null', 'true' or 'false')
 at [Source: (String)"ERROR"; line: 1, column: 6]
	at com.fasterxml.jackson.core.JsonParser._constructError(JsonParser.java:2391) ~[jackson-core-2.13.3.jar:2.13.3]
	at com.fasterxml.jackson.core.base.ParserMinimalBase._reportError(ParserMinimalBase.java:745) ~[jackson-core-2.13.3.jar:2.13.3]
	at com.fasterxml.jackson.core.json.ReaderBasedJsonParser._reportInvalidToken(ReaderBasedJsonParser.java:2961) ~[jackson-core-2.13.3.jar:2.13.3]
	at com.fasterxml.jackson.core.json.ReaderBasedJsonParser._handleOddValue(ReaderBasedJsonParser.java:2002) ~[jackson-core-2.13.3.jar:2.13.3]
	at com.fasterxml.jackson.core.json.ReaderBasedJsonParser.nextToken(ReaderBasedJsonParser.java:802) ~[jackson-core-2.13.3.jar:2.13.3]
	at com.fasterxml.jackson.databind.ObjectMapper._initForReading(ObjectMapper.java:4761) ~[jackson-databind-2.13.3.jar:2.13.3]
	at com.fasterxml.jackson.databind.ObjectMapper._readMapAndClose(ObjectMapper.java:4667) ~[jackson-databind-2.13.3.jar:2.13.3]
	at com.fasterxml.jackson.databind.ObjectMapper.readValue(ObjectMapper.java:3629) ~[jackson-databind-2.13.3.jar:2.13.3]
	at com.fasterxml.jackson.databind.ObjectMapper.readValue(ObjectMapper.java:3597) ~[jackson-databind-2.13.3.jar:2.13.3]
	at kr.dbinc.ecos.ocpp.service.MessageForwardService.bootNotification(MessageForwardService.java:61) ~[main/:na]
	... 43 common frames omitted

2024-01-17 13:47:32.775  INFO 6164 --- [https-jsse-nio-5000-exec-9] k.d.ecos.ocpp.service.MessageLogService  : Charger id=BNS002101
2024-01-17 13:47:32.789  INFO 6164 --- [https-jsse-nio-5000-exec-9] k.d.ecos.ocpp.service.MessageLogService  : Charger=BNS002101, Message=[4," 1","InternalError","Unrecognized token 'ERROR': was expecting (JSON String, Number, Array, Object or token 'null', 'true' or 'false')\n at [Source: (String)\"ERROR\"; line: 1, column: 6]","{}"]
2024-01-17 13:48:49.766  INFO 6164 --- [https-jsse-nio-5000-exec-10] k.d.e.w.h.AbstractWebSocketEndpoint      : [BNS002101] is Disconnected!
2024-01-17 13:48:49.771  INFO 6164 --- [https-jsse-nio-5000-exec-10] k.d.e.w.h.AbstractWebSocketEndpoint      : [BNS002101] is Disconnected!
2024-01-17 13:48:49.815  INFO 6164 --- [https-jsse-nio-5000-exec-7] k.dbinc.ecos.config.SecurityInterceptor  : Connect Try Charger URI=https://127.0.0.1:5000/v2/BNS002101, findLevel=2
2024-01-17 13:48:49.815  INFO 6164 --- [https-jsse-nio-5000-exec-7] k.d.ecos.ocpp.service.SecurityService    : username=BNS002101, password=bluenetworks, chargePointId=BNS002101
2024-01-17 13:48:49.822  INFO 6164 --- [https-jsse-nio-5000-exec-7] k.d.ecos.ocpp.service.SecurityService    : requestPassword=bluenetworks, findPassword=bluenetworks
2024-01-17 13:48:49.826  INFO 6164 --- [https-jsse-nio-5000-exec-7] k.d.e.w.h.AbstractWebSocketEndpoint      : [BNS002101] is Connected!
2024-01-17 13:48:49.828  INFO 6164 --- [https-jsse-nio-5000-exec-10] kr.dbinc.ecos.session.ChargePointStore   :    . prev=98ad7aab-6068-1220-02d0-7a4fb9483351, cur =c0c7323f-966c-0727-c956-41a182e0b64a
2024-01-17 13:48:49.905  INFO 6164 --- [https-jsse-nio-5000-exec-7] k.d.ecos.ocpp.service.MessageLogService  : Charger id=BNS002101
2024-01-17 13:48:49.935  INFO 6164 --- [https-jsse-nio-5000-exec-7] k.d.ecos.ocpp.service.MessageLogService  : Charger=BNS002101, Message=[2, "1", "BootNotification", { "chargeBoxSerialNumber": "02", "chargePointModel": "CEC-2303HC1", "chargePointSerialNumber": "F0:8B:FE:0F:00:00", "chargePointVendor": "kr.co.bluenetworks", "firmwareVersion": "V1.1.7" }]
2024-01-17 13:48:50.000  INFO 6164 --- [https-jsse-nio-5000-exec-7] k.d.e.o.service.MessageForwardService    : chargerId =kr.co.bluenetworks
2024-01-17 13:48:50.017  INFO 6164 --- [https-jsse-nio-5000-exec-7] k.d.e.o.service.MessageForwardService    : BootNotification result=ERROR
2024-01-17 13:48:50.070 ERROR 6164 --- [https-jsse-nio-5000-exec-7] k.d.e.w.handler.Ocpp16WebSocketEndpoint  : Unrecognized token 'ERROR': was expecting (JSON String, Number, Array, Object or token 'null', 'true' or 'false')
 at [Source: (String)"ERROR"; line: 1, column: 6]

kr.dbinc.ecos.ocpp.rpc.exception.InternalErrorException: Unrecognized token 'ERROR': was expecting (JSON String, Number, Array, Object or token 'null', 'true' or 'false')
 at [Source: (String)"ERROR"; line: 1, column: 6]
	at kr.dbinc.ecos.ocpp.service.MessageForwardService.bootNotification(MessageForwardService.java:63) ~[main/:na]
	at kr.dbinc.ecos.ocpp.profile.Ocpp16ServiceImpl.bootNotification(Ocpp16ServiceImpl.java:110) ~[main/:na]
	at kr.dbinc.ecos.ocpp.profile.Ocpp16ServiceImpl$$FastClassBySpringCGLIB$$4fcff954.invoke(<generated>) ~[main/:na]
	at org.springframework.cglib.proxy.MethodProxy.invoke(MethodProxy.java:218) ~[spring-core-5.3.22.jar:5.3.22]
	at org.springframework.aop.framework.CglibAopProxy$CglibMethodInvocation.invokeJoinpoint(CglibAopProxy.java:793) ~[spring-aop-5.3.22.jar:5.3.22]
	at org.springframework.aop.framework.ReflectiveMethodInvocation.proceed(ReflectiveMethodInvocation.java:163) ~[spring-aop-5.3.22.jar:5.3.22]
	at org.springframework.aop.framework.CglibAopProxy$CglibMethodInvocation.proceed(CglibAopProxy.java:763) ~[spring-aop-5.3.22.jar:5.3.22]
	at org.springframework.transaction.interceptor.TransactionInterceptor$1.proceedWithInvocation(TransactionInterceptor.java:123) ~[spring-tx-5.3.22.jar:5.3.22]
	at org.springframework.transaction.interceptor.TransactionAspectSupport.invokeWithinTransaction(TransactionAspectSupport.java:388) ~[spring-tx-5.3.22.jar:5.3.22]
	at org.springframework.transaction.interceptor.TransactionInterceptor.invoke(TransactionInterceptor.java:119) ~[spring-tx-5.3.22.jar:5.3.22]
	at org.springframework.aop.framework.ReflectiveMethodInvocation.proceed(ReflectiveMethodInvocation.java:186) ~[spring-aop-5.3.22.jar:5.3.22]
	at org.springframework.aop.framework.CglibAopProxy$CglibMethodInvocation.proceed(CglibAopProxy.java:763) ~[spring-aop-5.3.22.jar:5.3.22]
	at org.springframework.aop.framework.CglibAopProxy$DynamicAdvisedInterceptor.intercept(CglibAopProxy.java:708) ~[spring-aop-5.3.22.jar:5.3.22]
	at kr.dbinc.ecos.ocpp.profile.Ocpp16ServiceImpl$$EnhancerBySpringCGLIB$$7a46fa27.bootNotification(<generated>) ~[main/:na]
	at kr.dbinc.ecos.ocpp.rpc.MessageHandlerImpl.dispatch(MessageHandlerImpl.java:80) ~[main/:na]
	at kr.dbinc.ecos.ocpp.rpc.MessageHandlerImpl.handleMessage(MessageHandlerImpl.java:59) ~[main/:na]
	at kr.dbinc.ecos.ws.handler.Ocpp16WebSocketEndpoint.handleTextMessage(Ocpp16WebSocketEndpoint.java:69) ~[main/:na]
	at kr.dbinc.ecos.ws.handler.AbstractWebSocketEndpoint.onMessage(AbstractWebSocketEndpoint.java:28) ~[main/:na]
	at kr.dbinc.ecos.ws.handler.ConcurrentWebSocketHandler.handleMessage(ConcurrentWebSocketHandler.java:31) ~[main/:na]
	at org.springframework.web.socket.handler.WebSocketHandlerDecorator.handleMessage(WebSocketHandlerDecorator.java:75) ~[spring-websocket-5.3.22.jar:5.3.22]
	at org.springframework.web.socket.handler.LoggingWebSocketHandlerDecorator.handleMessage(LoggingWebSocketHandlerDecorator.java:56) ~[spring-websocket-5.3.22.jar:5.3.22]
	at org.springframework.web.socket.handler.ExceptionWebSocketHandlerDecorator.handleMessage(ExceptionWebSocketHandlerDecorator.java:58) ~[spring-websocket-5.3.22.jar:5.3.22]
	at org.springframework.web.socket.adapter.standard.StandardWebSocketHandlerAdapter.handleTextMessage(StandardWebSocketHandlerAdapter.java:114) ~[spring-websocket-5.3.22.jar:5.3.22]
	at org.springframework.web.socket.adapter.standard.StandardWebSocketHandlerAdapter.access$000(StandardWebSocketHandlerAdapter.java:43) ~[spring-websocket-5.3.22.jar:5.3.22]
	at org.springframework.web.socket.adapter.standard.StandardWebSocketHandlerAdapter$3.onMessage(StandardWebSocketHandlerAdapter.java:85) ~[spring-websocket-5.3.22.jar:5.3.22]
	at org.springframework.web.socket.adapter.standard.StandardWebSocketHandlerAdapter$3.onMessage(StandardWebSocketHandlerAdapter.java:82) ~[spring-websocket-5.3.22.jar:5.3.22]
	at org.apache.tomcat.websocket.WsFrameBase.sendMessageText(WsFrameBase.java:415) ~[tomcat-embed-websocket-9.0.65.jar:9.0.65]
	at org.apache.tomcat.websocket.server.WsFrameServer.sendMessageText(WsFrameServer.java:129) ~[tomcat-embed-websocket-9.0.65.jar:9.0.65]
	at org.apache.tomcat.websocket.WsFrameBase.processDataText(WsFrameBase.java:515) ~[tomcat-embed-websocket-9.0.65.jar:9.0.65]
	at org.apache.tomcat.websocket.WsFrameBase.processData(WsFrameBase.java:301) ~[tomcat-embed-websocket-9.0.65.jar:9.0.65]
	at org.apache.tomcat.websocket.WsFrameBase.processInputBuffer(WsFrameBase.java:133) ~[tomcat-embed-websocket-9.0.65.jar:9.0.65]
	at org.apache.tomcat.websocket.server.WsFrameServer.onDataAvailable(WsFrameServer.java:85) ~[tomcat-embed-websocket-9.0.65.jar:9.0.65]
	at org.apache.tomcat.websocket.server.WsFrameServer.doOnDataAvailable(WsFrameServer.java:183) ~[tomcat-embed-websocket-9.0.65.jar:9.0.65]
	at org.apache.tomcat.websocket.server.WsFrameServer.notifyDataAvailable(WsFrameServer.java:162) ~[tomcat-embed-websocket-9.0.65.jar:9.0.65]
	at org.apache.tomcat.websocket.server.WsHttpUpgradeHandler.upgradeDispatch(WsHttpUpgradeHandler.java:157) ~[tomcat-embed-websocket-9.0.65.jar:9.0.65]
	at org.apache.coyote.http11.upgrade.UpgradeProcessorInternal.dispatch(UpgradeProcessorInternal.java:60) ~[tomcat-embed-core-9.0.65.jar:9.0.65]
	at org.apache.coyote.AbstractProcessorLight.process(AbstractProcessorLight.java:59) ~[tomcat-embed-core-9.0.65.jar:9.0.65]
	at org.apache.coyote.AbstractProtocol$ConnectionHandler.process(AbstractProtocol.java:890) ~[tomcat-embed-core-9.0.65.jar:9.0.65]
	at org.apache.tomcat.util.net.NioEndpoint$SocketProcessor.doRun(NioEndpoint.java:1789) ~[tomcat-embed-core-9.0.65.jar:9.0.65]
	at org.apache.tomcat.util.net.SocketProcessorBase.run(SocketProcessorBase.java:49) ~[tomcat-embed-core-9.0.65.jar:9.0.65]
	at org.apache.tomcat.util.threads.ThreadPoolExecutor.runWorker(ThreadPoolExecutor.java:1191) ~[tomcat-embed-core-9.0.65.jar:9.0.65]
	at org.apache.tomcat.util.threads.ThreadPoolExecutor$Worker.run(ThreadPoolExecutor.java:659) ~[tomcat-embed-core-9.0.65.jar:9.0.65]
	at org.apache.tomcat.util.threads.TaskThread$WrappingRunnable.run(TaskThread.java:61) ~[tomcat-embed-core-9.0.65.jar:9.0.65]
	at java.base/java.lang.Thread.run(Thread.java:833) ~[na:na]
Caused by: com.fasterxml.jackson.core.JsonParseException: Unrecognized token 'ERROR': was expecting (JSON String, Number, Array, Object or token 'null', 'true' or 'false')
 at [Source: (String)"ERROR"; line: 1, column: 6]
	at com.fasterxml.jackson.core.JsonParser._constructError(JsonParser.java:2391) ~[jackson-core-2.13.3.jar:2.13.3]
	at com.fasterxml.jackson.core.base.ParserMinimalBase._reportError(ParserMinimalBase.java:745) ~[jackson-core-2.13.3.jar:2.13.3]
	at com.fasterxml.jackson.core.json.ReaderBasedJsonParser._reportInvalidToken(ReaderBasedJsonParser.java:2961) ~[jackson-core-2.13.3.jar:2.13.3]
	at com.fasterxml.jackson.core.json.ReaderBasedJsonParser._handleOddValue(ReaderBasedJsonParser.java:2002) ~[jackson-core-2.13.3.jar:2.13.3]
	at com.fasterxml.jackson.core.json.ReaderBasedJsonParser.nextToken(ReaderBasedJsonParser.java:802) ~[jackson-core-2.13.3.jar:2.13.3]
	at com.fasterxml.jackson.databind.ObjectMapper._initForReading(ObjectMapper.java:4761) ~[jackson-databind-2.13.3.jar:2.13.3]
	at com.fasterxml.jackson.databind.ObjectMapper._readMapAndClose(ObjectMapper.java:4667) ~[jackson-databind-2.13.3.jar:2.13.3]
	at com.fasterxml.jackson.databind.ObjectMapper.readValue(ObjectMapper.java:3629) ~[jackson-databind-2.13.3.jar:2.13.3]
	at com.fasterxml.jackson.databind.ObjectMapper.readValue(ObjectMapper.java:3597) ~[jackson-databind-2.13.3.jar:2.13.3]
	at kr.dbinc.ecos.ocpp.service.MessageForwardService.bootNotification(MessageForwardService.java:61) ~[main/:na]
	... 43 common frames omitted

2024-01-17 13:48:50.081  INFO 6164 --- [https-jsse-nio-5000-exec-7] k.d.ecos.ocpp.service.MessageLogService  : Charger id=BNS002101
2024-01-17 13:48:50.098  INFO 6164 --- [https-jsse-nio-5000-exec-7] k.d.ecos.ocpp.service.MessageLogService  : Charger=BNS002101, Message=[4," 1","InternalError","Unrecognized token 'ERROR': was expecting (JSON String, Number, Array, Object or token 'null', 'true' or 'false')\n at [Source: (String)\"ERROR\"; line: 1, column: 6]","{}"]
2024-01-17 14:13:43.120  INFO 6164 --- [https-jsse-nio-5000-exec-6] k.d.e.w.h.AbstractWebSocketEndpoint      : [BNS002101] is Disconnected!
2024-01-17 14:13:43.122  INFO 6164 --- [https-jsse-nio-5000-exec-6] k.d.e.w.h.AbstractWebSocketEndpoint      : [BNS002101] is Disconnected!
2024-01-17 17:21:50.534  INFO 6164 --- [https-jsse-nio-5000-exec-4] k.dbinc.ecos.config.SecurityInterceptor  : Connect Try Charger URI=https://127.0.0.1:5000/v2/BNS002101, findLevel=2
2024-01-17 17:21:50.538  INFO 6164 --- [https-jsse-nio-5000-exec-4] k.d.ecos.ocpp.service.SecurityService    : username=BNS002101, password=bluenetworks, chargePointId=BNS002101
2024-01-17 17:21:50.546  INFO 6164 --- [https-jsse-nio-5000-exec-4] k.d.ecos.ocpp.service.SecurityService    : requestPassword=bluenetworks, findPassword=bluenetworks
2024-01-17 17:21:50.555  INFO 6164 --- [https-jsse-nio-5000-exec-4] k.d.e.w.h.AbstractWebSocketEndpoint      : [BNS002101] is Connected!
2024-01-17 17:21:50.615  INFO 6164 --- [https-jsse-nio-5000-exec-4] k.d.ecos.ocpp.service.MessageLogService  : Charger id=BNS002101
2024-01-17 17:21:50.636  INFO 6164 --- [https-jsse-nio-5000-exec-4] k.d.ecos.ocpp.service.MessageLogService  : Charger=BNS002101, Message=[2, "1", "BootNotification", { "chargeBoxSerialNumber": "02", "chargePointModel": "CEC-2303HC1", "chargePointSerialNumber": "F0:8B:FE:0F:00:00", "chargePointVendor": "kr.co.bluenetworks", "firmwareVersion": "V1.1.7" }]
2024-01-17 17:21:50.691  INFO 6164 --- [https-jsse-nio-5000-exec-4] k.d.e.o.service.MessageForwardService    : chargerId =kr.co.bluenetworks
2024-01-17 17:21:50.717  INFO 6164 --- [https-jsse-nio-5000-exec-4] k.d.e.o.service.MessageForwardService    : BootNotification result=ERROR
2024-01-17 17:21:50.768 ERROR 6164 --- [https-jsse-nio-5000-exec-4] k.d.e.w.handler.Ocpp16WebSocketEndpoint  : Unrecognized token 'ERROR': was expecting (JSON String, Number, Array, Object or token 'null', 'true' or 'false')
 at [Source: (String)"ERROR"; line: 1, column: 6]

kr.dbinc.ecos.ocpp.rpc.exception.InternalErrorException: Unrecognized token 'ERROR': was expecting (JSON String, Number, Array, Object or token 'null', 'true' or 'false')
 at [Source: (String)"ERROR"; line: 1, column: 6]
	at kr.dbinc.ecos.ocpp.service.MessageForwardService.bootNotification(MessageForwardService.java:63) ~[main/:na]
	at kr.dbinc.ecos.ocpp.profile.Ocpp16ServiceImpl.bootNotification(Ocpp16ServiceImpl.java:110) ~[main/:na]
	at kr.dbinc.ecos.ocpp.profile.Ocpp16ServiceImpl$$FastClassBySpringCGLIB$$4fcff954.invoke(<generated>) ~[main/:na]
	at org.springframework.cglib.proxy.MethodProxy.invoke(MethodProxy.java:218) ~[spring-core-5.3.22.jar:5.3.22]
	at org.springframework.aop.framework.CglibAopProxy$CglibMethodInvocation.invokeJoinpoint(CglibAopProxy.java:793) ~[spring-aop-5.3.22.jar:5.3.22]
	at org.springframework.aop.framework.ReflectiveMethodInvocation.proceed(ReflectiveMethodInvocation.java:163) ~[spring-aop-5.3.22.jar:5.3.22]
	at org.springframework.aop.framework.CglibAopProxy$CglibMethodInvocation.proceed(CglibAopProxy.java:763) ~[spring-aop-5.3.22.jar:5.3.22]
	at org.springframework.transaction.interceptor.TransactionInterceptor$1.proceedWithInvocation(TransactionInterceptor.java:123) ~[spring-tx-5.3.22.jar:5.3.22]
	at org.springframework.transaction.interceptor.TransactionAspectSupport.invokeWithinTransaction(TransactionAspectSupport.java:388) ~[spring-tx-5.3.22.jar:5.3.22]
	at org.springframework.transaction.interceptor.TransactionInterceptor.invoke(TransactionInterceptor.java:119) ~[spring-tx-5.3.22.jar:5.3.22]
	at org.springframework.aop.framework.ReflectiveMethodInvocation.proceed(ReflectiveMethodInvocation.java:186) ~[spring-aop-5.3.22.jar:5.3.22]
	at org.springframework.aop.framework.CglibAopProxy$CglibMethodInvocation.proceed(CglibAopProxy.java:763) ~[spring-aop-5.3.22.jar:5.3.22]
	at org.springframework.aop.framework.CglibAopProxy$DynamicAdvisedInterceptor.intercept(CglibAopProxy.java:708) ~[spring-aop-5.3.22.jar:5.3.22]
	at kr.dbinc.ecos.ocpp.profile.Ocpp16ServiceImpl$$EnhancerBySpringCGLIB$$7a46fa27.bootNotification(<generated>) ~[main/:na]
	at kr.dbinc.ecos.ocpp.rpc.MessageHandlerImpl.dispatch(MessageHandlerImpl.java:80) ~[main/:na]
	at kr.dbinc.ecos.ocpp.rpc.MessageHandlerImpl.handleMessage(MessageHandlerImpl.java:59) ~[main/:na]
	at kr.dbinc.ecos.ws.handler.Ocpp16WebSocketEndpoint.handleTextMessage(Ocpp16WebSocketEndpoint.java:69) ~[main/:na]
	at kr.dbinc.ecos.ws.handler.AbstractWebSocketEndpoint.onMessage(AbstractWebSocketEndpoint.java:28) ~[main/:na]
	at kr.dbinc.ecos.ws.handler.ConcurrentWebSocketHandler.handleMessage(ConcurrentWebSocketHandler.java:31) ~[main/:na]
	at org.springframework.web.socket.handler.WebSocketHandlerDecorator.handleMessage(WebSocketHandlerDecorator.java:75) ~[spring-websocket-5.3.22.jar:5.3.22]
	at org.springframework.web.socket.handler.LoggingWebSocketHandlerDecorator.handleMessage(LoggingWebSocketHandlerDecorator.java:56) ~[spring-websocket-5.3.22.jar:5.3.22]
	at org.springframework.web.socket.handler.ExceptionWebSocketHandlerDecorator.handleMessage(ExceptionWebSocketHandlerDecorator.java:58) ~[spring-websocket-5.3.22.jar:5.3.22]
	at org.springframework.web.socket.adapter.standard.StandardWebSocketHandlerAdapter.handleTextMessage(StandardWebSocketHandlerAdapter.java:114) ~[spring-websocket-5.3.22.jar:5.3.22]
	at org.springframework.web.socket.adapter.standard.StandardWebSocketHandlerAdapter.access$000(StandardWebSocketHandlerAdapter.java:43) ~[spring-websocket-5.3.22.jar:5.3.22]
	at org.springframework.web.socket.adapter.standard.StandardWebSocketHandlerAdapter$3.onMessage(StandardWebSocketHandlerAdapter.java:85) ~[spring-websocket-5.3.22.jar:5.3.22]
	at org.springframework.web.socket.adapter.standard.StandardWebSocketHandlerAdapter$3.onMessage(StandardWebSocketHandlerAdapter.java:82) ~[spring-websocket-5.3.22.jar:5.3.22]
	at org.apache.tomcat.websocket.WsFrameBase.sendMessageText(WsFrameBase.java:415) ~[tomcat-embed-websocket-9.0.65.jar:9.0.65]
	at org.apache.tomcat.websocket.server.WsFrameServer.sendMessageText(WsFrameServer.java:129) ~[tomcat-embed-websocket-9.0.65.jar:9.0.65]
	at org.apache.tomcat.websocket.WsFrameBase.processDataText(WsFrameBase.java:515) ~[tomcat-embed-websocket-9.0.65.jar:9.0.65]
	at org.apache.tomcat.websocket.WsFrameBase.processData(WsFrameBase.java:301) ~[tomcat-embed-websocket-9.0.65.jar:9.0.65]
	at org.apache.tomcat.websocket.WsFrameBase.processInputBuffer(WsFrameBase.java:133) ~[tomcat-embed-websocket-9.0.65.jar:9.0.65]
	at org.apache.tomcat.websocket.server.WsFrameServer.onDataAvailable(WsFrameServer.java:85) ~[tomcat-embed-websocket-9.0.65.jar:9.0.65]
	at org.apache.tomcat.websocket.server.WsFrameServer.doOnDataAvailable(WsFrameServer.java:183) ~[tomcat-embed-websocket-9.0.65.jar:9.0.65]
	at org.apache.tomcat.websocket.server.WsFrameServer.notifyDataAvailable(WsFrameServer.java:162) ~[tomcat-embed-websocket-9.0.65.jar:9.0.65]
	at org.apache.tomcat.websocket.server.WsHttpUpgradeHandler.upgradeDispatch(WsHttpUpgradeHandler.java:157) ~[tomcat-embed-websocket-9.0.65.jar:9.0.65]
	at org.apache.coyote.http11.upgrade.UpgradeProcessorInternal.dispatch(UpgradeProcessorInternal.java:60) ~[tomcat-embed-core-9.0.65.jar:9.0.65]
	at org.apache.coyote.AbstractProcessorLight.process(AbstractProcessorLight.java:59) ~[tomcat-embed-core-9.0.65.jar:9.0.65]
	at org.apache.coyote.AbstractProtocol$ConnectionHandler.process(AbstractProtocol.java:890) ~[tomcat-embed-core-9.0.65.jar:9.0.65]
	at org.apache.tomcat.util.net.NioEndpoint$SocketProcessor.doRun(NioEndpoint.java:1789) ~[tomcat-embed-core-9.0.65.jar:9.0.65]
	at org.apache.tomcat.util.net.SocketProcessorBase.run(SocketProcessorBase.java:49) ~[tomcat-embed-core-9.0.65.jar:9.0.65]
	at org.apache.tomcat.util.threads.ThreadPoolExecutor.runWorker(ThreadPoolExecutor.java:1191) ~[tomcat-embed-core-9.0.65.jar:9.0.65]
	at org.apache.tomcat.util.threads.ThreadPoolExecutor$Worker.run(ThreadPoolExecutor.java:659) ~[tomcat-embed-core-9.0.65.jar:9.0.65]
	at org.apache.tomcat.util.threads.TaskThread$WrappingRunnable.run(TaskThread.java:61) ~[tomcat-embed-core-9.0.65.jar:9.0.65]
	at java.base/java.lang.Thread.run(Thread.java:833) ~[na:na]
Caused by: com.fasterxml.jackson.core.JsonParseException: Unrecognized token 'ERROR': was expecting (JSON String, Number, Array, Object or token 'null', 'true' or 'false')
 at [Source: (String)"ERROR"; line: 1, column: 6]
	at com.fasterxml.jackson.core.JsonParser._constructError(JsonParser.java:2391) ~[jackson-core-2.13.3.jar:2.13.3]
	at com.fasterxml.jackson.core.base.ParserMinimalBase._reportError(ParserMinimalBase.java:745) ~[jackson-core-2.13.3.jar:2.13.3]
	at com.fasterxml.jackson.core.json.ReaderBasedJsonParser._reportInvalidToken(ReaderBasedJsonParser.java:2961) ~[jackson-core-2.13.3.jar:2.13.3]
	at com.fasterxml.jackson.core.json.ReaderBasedJsonParser._handleOddValue(ReaderBasedJsonParser.java:2002) ~[jackson-core-2.13.3.jar:2.13.3]
	at com.fasterxml.jackson.core.json.ReaderBasedJsonParser.nextToken(ReaderBasedJsonParser.java:802) ~[jackson-core-2.13.3.jar:2.13.3]
	at com.fasterxml.jackson.databind.ObjectMapper._initForReading(ObjectMapper.java:4761) ~[jackson-databind-2.13.3.jar:2.13.3]
	at com.fasterxml.jackson.databind.ObjectMapper._readMapAndClose(ObjectMapper.java:4667) ~[jackson-databind-2.13.3.jar:2.13.3]
	at com.fasterxml.jackson.databind.ObjectMapper.readValue(ObjectMapper.java:3629) ~[jackson-databind-2.13.3.jar:2.13.3]
	at com.fasterxml.jackson.databind.ObjectMapper.readValue(ObjectMapper.java:3597) ~[jackson-databind-2.13.3.jar:2.13.3]
	at kr.dbinc.ecos.ocpp.service.MessageForwardService.bootNotification(MessageForwardService.java:61) ~[main/:na]
	... 43 common frames omitted

2024-01-17 17:21:50.782  INFO 6164 --- [https-jsse-nio-5000-exec-4] k.d.ecos.ocpp.service.MessageLogService  : Charger id=BNS002101
2024-01-17 17:21:50.793  INFO 6164 --- [https-jsse-nio-5000-exec-4] k.d.ecos.ocpp.service.MessageLogService  : Charger=BNS002101, Message=[4," 1","InternalError","Unrecognized token 'ERROR': was expecting (JSON String, Number, Array, Object or token 'null', 'true' or 'false')\n at [Source: (String)\"ERROR\"; line: 1, column: 6]","{}"]
2024-01-17 17:22:33.832  INFO 6164 --- [https-jsse-nio-5000-exec-5] k.d.e.w.h.AbstractWebSocketEndpoint      : [BNS002101] is Disconnected!
2024-01-17 17:22:33.833  INFO 6164 --- [https-jsse-nio-5000-exec-5] k.d.e.w.h.AbstractWebSocketEndpoint      : [BNS002101] is Disconnected!
2024-01-17 17:25:43.588  INFO 25468 --- [main] kr.dbinc.ecos.OcppForJavaApplication     : Starting OcppForJavaApplication using Java 17.0.7 on DESKTOP-OBR6GFG with PID 25468 (D:\StsWorkspace\ecos-ocpp-server\bin\main started by Jerad in D:\StsWorkspace\ecos-ocpp-server)
2024-01-17 17:25:43.592  INFO 25468 --- [main] kr.dbinc.ecos.OcppForJavaApplication     : No active profile set, falling back to 1 default profile: "default"
2024-01-17 17:25:45.260  INFO 25468 --- [main] .s.d.r.c.RepositoryConfigurationDelegate : Bootstrapping Spring Data JPA repositories in DEFAULT mode.
2024-01-17 17:25:45.720  INFO 25468 --- [main] .s.d.r.c.RepositoryConfigurationDelegate : Finished Spring Data repository scanning in 447 ms. Found 23 JPA repository interfaces.
2024-01-17 17:25:46.478  INFO 25468 --- [main] kr.dbinc.ecos.config.ConnectorConfig     : HTTP port setup to 9999
2024-01-17 17:25:46.836  INFO 25468 --- [main] o.s.b.w.embedded.tomcat.TomcatWebServer  : Tomcat initialized with port(s): 5000 (https) 9999 (http)
2024-01-17 17:25:46.854  INFO 25468 --- [main] o.apache.catalina.core.StandardService   : Starting service [Tomcat]
2024-01-17 17:25:46.856  INFO 25468 --- [main] org.apache.catalina.core.StandardEngine  : Starting Servlet engine: [Apache Tomcat/9.0.65]
2024-01-17 17:25:47.054  INFO 25468 --- [main] o.a.c.c.C.[Tomcat].[localhost].[/]       : Initializing Spring embedded WebApplicationContext
2024-01-17 17:25:47.055  INFO 25468 --- [main] w.s.c.ServletWebServerApplicationContext : Root WebApplicationContext: initialization completed in 3362 ms
2024-01-17 17:25:47.558  INFO 25468 --- [main] o.hibernate.jpa.internal.util.LogHelper  : HHH000204: Processing PersistenceUnitInfo [name: default]
2024-01-17 17:25:47.655  INFO 25468 --- [main] org.hibernate.Version                    : HHH000412: Hibernate ORM core version 5.6.10.Final
2024-01-17 17:25:47.940  INFO 25468 --- [main] o.hibernate.annotations.common.Version   : HCANN000001: Hibernate Commons Annotations {5.1.2.Final}
2024-01-17 17:25:48.118  INFO 25468 --- [main] com.zaxxer.hikari.HikariDataSource       : HikariPool-1 - Starting...
2024-01-17 17:25:48.234  INFO 25468 --- [main] com.zaxxer.hikari.HikariDataSource       : HikariPool-1 - Start completed.
2024-01-17 17:25:48.256  INFO 25468 --- [main] org.hibernate.dialect.Dialect            : HHH000400: Using dialect: org.hibernate.dialect.MariaDB103Dialect
2024-01-17 17:25:48.810  WARN 25468 --- [main] org.hibernate.cfg.AnnotationBinder       : HHH000457: Joined inheritance hierarchy [kr.dbinc.ecos.domain.member.Authorization] defined explicit @DiscriminatorColumn.  Legacy Hibernate behavior was to ignore the @DiscriminatorColumn.  However, as part of issue HHH-6911 we now apply the explicit @DiscriminatorColumn.  If you would prefer the legacy behavior, enable the `hibernate.discriminator.ignore_explicit_for_joined` setting (hibernate.discriminator.ignore_explicit_for_joined=true)
2024-01-17 17:25:49.906  INFO 25468 --- [main] org.hibernate.tuple.PojoInstantiator     : HHH000182: No default (no-argument) constructor for class: kr.dbinc.ecos.domain.security.SecurityLog (class must be instantiated by Interceptor)
2024-01-17 17:25:50.116  INFO 25468 --- [main] o.h.e.t.j.p.i.JtaPlatformInitiator       : HHH000490: Using JtaPlatform implementation: [org.hibernate.engine.transaction.jta.platform.internal.NoJtaPlatform]
2024-01-17 17:25:50.128  INFO 25468 --- [main] j.LocalContainerEntityManagerFactoryBean : Initialized JPA EntityManagerFactory for persistence unit 'default'
2024-01-17 17:25:51.918  INFO 25468 --- [main] org.reflections.Reflections              : Reflections took 246 ms to scan 1 urls, producing 70 keys and 404 values
2024-01-17 17:25:52.102  INFO 25468 --- [main] org.reflections.Reflections              : Reflections took 158 ms to scan 1 urls, producing 70 keys and 404 values
2024-01-17 17:25:52.241  INFO 25468 --- [main] org.reflections.Reflections              : Reflections took 136 ms to scan 1 urls, producing 70 keys and 404 values
2024-01-17 17:25:52.335  INFO 25468 --- [main] kr.dbinc.ecos.config.SchedulerConfig     : datSource=HikariDataSource (HikariPool-1)
2024-01-17 17:25:53.027  INFO 25468 --- [main] o.s.b.a.w.s.WelcomePageHandlerMapping    : Adding welcome page: class path resource [static/index.html]
2024-01-17 17:25:54.536  INFO 25468 --- [main] o.s.b.a.e.web.EndpointLinksResolver      : Exposing 1 endpoint(s) beneath base path '/actuator'
2024-01-17 17:25:55.039  INFO 25468 --- [main] o.s.b.w.embedded.tomcat.TomcatWebServer  : Tomcat started on port(s): 5000 (https) 9999 (http) with context path ''
2024-01-17 17:25:55.061  INFO 25468 --- [main] kr.dbinc.ecos.OcppForJavaApplication     : Started OcppForJavaApplication in 11.975 seconds (JVM running for 12.887)
2024-01-17 17:25:55.724  INFO 25468 --- [RMI TCP Connection(1)-127.0.0.1] o.a.c.c.C.[Tomcat].[localhost].[/]       : Initializing Spring DispatcherServlet 'dispatcherServlet'
2024-01-17 17:25:55.725  INFO 25468 --- [RMI TCP Connection(1)-127.0.0.1] o.s.web.servlet.DispatcherServlet        : Initializing Servlet 'dispatcherServlet'
2024-01-17 17:25:55.726  INFO 25468 --- [RMI TCP Connection(1)-127.0.0.1] o.s.web.servlet.DispatcherServlet        : Completed initialization in 1 ms
