2023-10-31 09:32:37.911  INFO 20060 --- [main] kr.dbinc.ecos.OcppForJavaApplication     : Starting OcppForJavaApplication using Java 11.0.18 on DESKTOP-OBR6GFG with PID 20060 (D:\StsWorkspace\ecos-ocpp-server\build\classes\java\main started by Jerad in D:\StsWorkspace\ecos-ocpp-server)
2023-10-31 09:32:37.913  INFO 20060 --- [main] kr.dbinc.ecos.OcppForJavaApplication     : No active profile set, falling back to 1 default profile: "default"
2023-10-31 09:32:39.115  INFO 20060 --- [main] .s.d.r.c.RepositoryConfigurationDelegate : Bootstrapping Spring Data JPA repositories in DEFAULT mode.
2023-10-31 09:32:39.302  INFO 20060 --- [main] .s.d.r.c.RepositoryConfigurationDelegate : Finished Spring Data repository scanning in 181 ms. Found 23 JPA repository interfaces.
2023-10-31 09:32:39.662  INFO 20060 --- [main] kr.dbinc.ecos.config.ConnectorConfig     : HTTP port setup to 9999
2023-10-31 09:32:40.443  INFO 20060 --- [main] o.s.b.w.embedded.tomcat.TomcatWebServer  : Tomcat initialized with port(s): 5000 (https) 9999 (http)
2023-10-31 09:32:40.462  INFO 20060 --- [main] o.apache.catalina.core.StandardService   : Starting service [Tomcat]
2023-10-31 09:32:40.462  INFO 20060 --- [main] org.apache.catalina.core.StandardEngine  : Starting Servlet engine: [Apache Tomcat/9.0.65]
2023-10-31 09:32:40.633  INFO 20060 --- [main] o.a.c.c.C.[Tomcat].[localhost].[/]       : Initializing Spring embedded WebApplicationContext
2023-10-31 09:32:40.634  INFO 20060 --- [main] w.s.c.ServletWebServerApplicationContext : Root WebApplicationContext: initialization completed in 2660 ms
2023-10-31 09:32:40.912  INFO 20060 --- [main] o.hibernate.jpa.internal.util.LogHelper  : HHH000204: Processing PersistenceUnitInfo [name: default]
2023-10-31 09:32:40.979  INFO 20060 --- [main] org.hibernate.Version                    : HHH000412: Hibernate ORM core version 5.6.10.Final
2023-10-31 09:32:41.178  INFO 20060 --- [main] o.hibernate.annotations.common.Version   : HCANN000001: Hibernate Commons Annotations {5.1.2.Final}
2023-10-31 09:32:41.289  INFO 20060 --- [main] com.zaxxer.hikari.HikariDataSource       : HikariPool-1 - Starting...
2023-10-31 09:32:41.372  INFO 20060 --- [main] com.zaxxer.hikari.HikariDataSource       : HikariPool-1 - Start completed.
2023-10-31 09:32:41.387  INFO 20060 --- [main] org.hibernate.dialect.Dialect            : HHH000400: Using dialect: org.hibernate.dialect.MariaDB103Dialect
2023-10-31 09:32:41.530  WARN 20060 --- [main] org.hibernate.cfg.AnnotationBinder       : HHH000457: Joined inheritance hierarchy [kr.dbinc.ecos.domain.member.Authorization] defined explicit @DiscriminatorColumn.  Legacy Hibernate behavior was to ignore the @DiscriminatorColumn.  However, as part of issue HHH-6911 we now apply the explicit @DiscriminatorColumn.  If you would prefer the legacy behavior, enable the `hibernate.discriminator.ignore_explicit_for_joined` setting (hibernate.discriminator.ignore_explicit_for_joined=true)
2023-10-31 09:32:42.005  INFO 20060 --- [main] org.hibernate.tuple.PojoInstantiator     : HHH000182: No default (no-argument) constructor for class: kr.dbinc.ecos.domain.security.SecurityLog (class must be instantiated by Interceptor)
2023-10-31 09:32:42.119  INFO 20060 --- [main] o.h.e.t.j.p.i.JtaPlatformInitiator       : HHH000490: Using JtaPlatform implementation: [org.hibernate.engine.transaction.jta.platform.internal.NoJtaPlatform]
2023-10-31 09:32:42.125  INFO 20060 --- [main] j.LocalContainerEntityManagerFactoryBean : Initialized JPA EntityManagerFactory for persistence unit 'default'
2023-10-31 09:32:43.276  INFO 20060 --- [main] org.reflections.Reflections              : Reflections took 218 ms to scan 1 urls, producing 74 keys and 442 values
2023-10-31 09:32:43.451  INFO 20060 --- [main] org.reflections.Reflections              : Reflections took 153 ms to scan 1 urls, producing 74 keys and 442 values
2023-10-31 09:32:43.601  INFO 20060 --- [main] org.reflections.Reflections              : Reflections took 149 ms to scan 1 urls, producing 74 keys and 442 values
2023-10-31 09:32:43.645  INFO 20060 --- [main] kr.dbinc.ecos.config.SchedulerConfig     : datSource=HikariDataSource (HikariPool-1)
2023-10-31 09:32:43.938  INFO 20060 --- [main] o.s.b.a.w.s.WelcomePageHandlerMapping    : Adding welcome page: class path resource [static/index.html]
2023-10-31 09:32:44.358  INFO 20060 --- [main] o.s.b.a.e.web.EndpointLinksResolver      : Exposing 1 endpoint(s) beneath base path '/actuator'
2023-10-31 09:32:44.687  INFO 20060 --- [main] o.s.b.w.embedded.tomcat.TomcatWebServer  : Tomcat started on port(s): 5000 (https) 9999 (http) with context path ''
2023-10-31 09:32:44.698  INFO 20060 --- [main] kr.dbinc.ecos.OcppForJavaApplication     : Started OcppForJavaApplication in 7.227 seconds (JVM running for 7.86)
2023-10-31 09:33:36.743  INFO 20060 --- [http-nio-9999-exec-1] o.a.c.c.C.[Tomcat].[localhost].[/]       : Initializing Spring DispatcherServlet 'dispatcherServlet'
2023-10-31 09:33:36.745  INFO 20060 --- [http-nio-9999-exec-1] o.s.web.servlet.DispatcherServlet        : Initializing Servlet 'dispatcherServlet'
2023-10-31 09:33:36.746  INFO 20060 --- [http-nio-9999-exec-1] o.s.web.servlet.DispatcherServlet        : Completed initialization in 0 ms
2023-10-31 09:33:36.764  INFO 20060 --- [http-nio-9999-exec-1] k.dbinc.ecos.config.SecurityInterceptor  : Connect Try Charger URI=http://10.10.36.51:9999/ocpp/1001, findLevel=0
2023-10-31 09:33:36.806  INFO 20060 --- [http-nio-9999-exec-1] k.d.e.w.h.AbstractWebSocketEndpoint      : [1001] is Connected!
2023-10-31 09:33:36.988  INFO 20060 --- [http-nio-9999-exec-2] k.d.ecos.ocpp.service.MessageLogService  : Charger=1001, Message=[2,"2a11b5a8-9fa9-45b0-ba1a-1a37ba69e5d8","BootNotification",{"chargePointVendor":"SIGNETEV","chargePointModel":"FC50K-CC","chargeBoxSerialNumber":"123456","chargePointSerialNumber":"123456","firmwareVersion":"V2.0"}]
2023-10-31 09:33:38.259  WARN 20060 --- [http-nio-9999-exec-2] .d.DefaultDnsServerAddressStreamProvider : Default DNS servers: [/8.8.8.8:53, /8.8.4.4:53] (Google Public DNS as a fallback)
2023-10-31 09:33:38.972  INFO 20060 --- [http-nio-9999-exec-2] k.d.e.o.service.MessageForwardService    : BootNotification result=ERROR
2023-10-31 09:33:38.987 ERROR 20060 --- [http-nio-9999-exec-2] k.d.e.w.handler.Ocpp16WebSocketEndpoint  : Unrecognized token 'ERROR': was expecting (JSON String, Number, Array, Object or token 'null', 'true' or 'false')
 at [Source: (String)"ERROR"; line: 1, column: 6]

kr.dbinc.ecos.ocpp.rpc.exception.InternalErrorException: Unrecognized token 'ERROR': was expecting (JSON String, Number, Array, Object or token 'null', 'true' or 'false')
 at [Source: (String)"ERROR"; line: 1, column: 6]
	at kr.dbinc.ecos.ocpp.service.MessageForwardService.bootNotification(MessageForwardService.java:59) ~[main/:na]
	at kr.dbinc.ecos.ocpp.profile.Ocpp16ServiceImpl.bootNotification(Ocpp16ServiceImpl.java:110) ~[main/:na]
	at kr.dbinc.ecos.ocpp.profile.Ocpp16ServiceImpl$$FastClassBySpringCGLIB$$4fcff954.invoke(<generated>) ~[main/:na]
	at org.springframework.cglib.proxy.MethodProxy.invoke(MethodProxy.java:218) ~[spring-core-5.3.22.jar:5.3.22]
	at org.springframework.aop.framework.CglibAopProxy$CglibMethodInvocation.invokeJoinpoint(CglibAopProxy.java:793) ~[spring-aop-5.3.22.jar:5.3.22]
	at org.springframework.aop.framework.ReflectiveMethodInvocation.proceed(ReflectiveMethodInvocation.java:163) ~[spring-aop-5.3.22.jar:5.3.22]
	at org.springframework.aop.framework.CglibAopProxy$CglibMethodInvocation.proceed(CglibAopProxy.java:763) ~[spring-aop-5.3.22.jar:5.3.22]
	at org.springframework.transaction.interceptor.TransactionInterceptor$1.proceedWithInvocation(TransactionInterceptor.java:123) ~[spring-tx-5.3.22.jar:5.3.22]
	at org.springframework.transaction.interceptor.TransactionAspectSupport.invokeWithinTransaction(TransactionAspectSupport.java:388) ~[spring-tx-5.3.22.jar:5.3.22]
	at org.springframework.transaction.interceptor.TransactionInterceptor.invoke(TransactionInterceptor.java:119) ~[spring-tx-5.3.22.jar:5.3.22]
	at org.springframework.aop.framework.ReflectiveMethodInvocation.proceed(ReflectiveMethodInvocation.java:186) ~[spring-aop-5.3.22.jar:5.3.22]
	at org.springframework.aop.framework.CglibAopProxy$CglibMethodInvocation.proceed(CglibAopProxy.java:763) ~[spring-aop-5.3.22.jar:5.3.22]
	at org.springframework.aop.framework.CglibAopProxy$DynamicAdvisedInterceptor.intercept(CglibAopProxy.java:708) ~[spring-aop-5.3.22.jar:5.3.22]
	at kr.dbinc.ecos.ocpp.profile.Ocpp16ServiceImpl$$EnhancerBySpringCGLIB$$226eb3a5.bootNotification(<generated>) ~[main/:na]
	at kr.dbinc.ecos.ocpp.rpc.MessageHandlerImpl.dispatch(MessageHandlerImpl.java:80) ~[main/:na]
	at kr.dbinc.ecos.ocpp.rpc.MessageHandlerImpl.handleMessage(MessageHandlerImpl.java:59) ~[main/:na]
	at kr.dbinc.ecos.ws.handler.Ocpp16WebSocketEndpoint.handleTextMessage(Ocpp16WebSocketEndpoint.java:68) ~[main/:na]
	at kr.dbinc.ecos.ws.handler.AbstractWebSocketEndpoint.onMessage(AbstractWebSocketEndpoint.java:27) ~[main/:na]
	at kr.dbinc.ecos.ws.handler.ConcurrentWebSocketHandler.handleMessage(ConcurrentWebSocketHandler.java:29) ~[main/:na]
	at org.springframework.web.socket.handler.WebSocketHandlerDecorator.handleMessage(WebSocketHandlerDecorator.java:75) ~[spring-websocket-5.3.22.jar:5.3.22]
	at org.springframework.web.socket.handler.LoggingWebSocketHandlerDecorator.handleMessage(LoggingWebSocketHandlerDecorator.java:56) ~[spring-websocket-5.3.22.jar:5.3.22]
	at org.springframework.web.socket.handler.ExceptionWebSocketHandlerDecorator.handleMessage(ExceptionWebSocketHandlerDecorator.java:58) ~[spring-websocket-5.3.22.jar:5.3.22]
	at org.springframework.web.socket.adapter.standard.StandardWebSocketHandlerAdapter.handleTextMessage(StandardWebSocketHandlerAdapter.java:114) ~[spring-websocket-5.3.22.jar:5.3.22]
	at org.springframework.web.socket.adapter.standard.StandardWebSocketHandlerAdapter.access$000(StandardWebSocketHandlerAdapter.java:43) ~[spring-websocket-5.3.22.jar:5.3.22]
	at org.springframework.web.socket.adapter.standard.StandardWebSocketHandlerAdapter$3.onMessage(StandardWebSocketHandlerAdapter.java:85) ~[spring-websocket-5.3.22.jar:5.3.22]
	at org.springframework.web.socket.adapter.standard.StandardWebSocketHandlerAdapter$3.onMessage(StandardWebSocketHandlerAdapter.java:82) ~[spring-websocket-5.3.22.jar:5.3.22]
	at org.apache.tomcat.websocket.WsFrameBase.sendMessageText(WsFrameBase.java:415) ~[tomcat-embed-websocket-9.0.65.jar:9.0.65]
	at org.apache.tomcat.websocket.server.WsFrameServer.sendMessageText(WsFrameServer.java:129) ~[tomcat-embed-websocket-9.0.65.jar:9.0.65]
	at org.apache.tomcat.websocket.WsFrameBase.processDataText(WsFrameBase.java:515) ~[tomcat-embed-websocket-9.0.65.jar:9.0.65]
	at org.apache.tomcat.websocket.WsFrameBase.processData(WsFrameBase.java:301) ~[tomcat-embed-websocket-9.0.65.jar:9.0.65]
	at org.apache.tomcat.websocket.WsFrameBase.processInputBuffer(WsFrameBase.java:133) ~[tomcat-embed-websocket-9.0.65.jar:9.0.65]
	at org.apache.tomcat.websocket.server.WsFrameServer.onDataAvailable(WsFrameServer.java:85) ~[tomcat-embed-websocket-9.0.65.jar:9.0.65]
	at org.apache.tomcat.websocket.server.WsFrameServer.doOnDataAvailable(WsFrameServer.java:183) ~[tomcat-embed-websocket-9.0.65.jar:9.0.65]
	at org.apache.tomcat.websocket.server.WsFrameServer.notifyDataAvailable(WsFrameServer.java:162) ~[tomcat-embed-websocket-9.0.65.jar:9.0.65]
	at org.apache.tomcat.websocket.server.WsHttpUpgradeHandler.upgradeDispatch(WsHttpUpgradeHandler.java:157) ~[tomcat-embed-websocket-9.0.65.jar:9.0.65]
	at org.apache.coyote.http11.upgrade.UpgradeProcessorInternal.dispatch(UpgradeProcessorInternal.java:60) ~[tomcat-embed-core-9.0.65.jar:9.0.65]
	at org.apache.coyote.AbstractProcessorLight.process(AbstractProcessorLight.java:59) ~[tomcat-embed-core-9.0.65.jar:9.0.65]
	at org.apache.coyote.AbstractProtocol$ConnectionHandler.process(AbstractProtocol.java:890) ~[tomcat-embed-core-9.0.65.jar:9.0.65]
	at org.apache.tomcat.util.net.NioEndpoint$SocketProcessor.doRun(NioEndpoint.java:1789) ~[tomcat-embed-core-9.0.65.jar:9.0.65]
	at org.apache.tomcat.util.net.SocketProcessorBase.run(SocketProcessorBase.java:49) ~[tomcat-embed-core-9.0.65.jar:9.0.65]
	at org.apache.tomcat.util.threads.ThreadPoolExecutor.runWorker(ThreadPoolExecutor.java:1191) ~[tomcat-embed-core-9.0.65.jar:9.0.65]
	at org.apache.tomcat.util.threads.ThreadPoolExecutor$Worker.run(ThreadPoolExecutor.java:659) ~[tomcat-embed-core-9.0.65.jar:9.0.65]
	at org.apache.tomcat.util.threads.TaskThread$WrappingRunnable.run(TaskThread.java:61) ~[tomcat-embed-core-9.0.65.jar:9.0.65]
	at java.base/java.lang.Thread.run(Thread.java:834) ~[na:na]
Caused by: com.fasterxml.jackson.core.JsonParseException: Unrecognized token 'ERROR': was expecting (JSON String, Number, Array, Object or token 'null', 'true' or 'false')
 at [Source: (String)"ERROR"; line: 1, column: 6]
	at com.fasterxml.jackson.core.JsonParser._constructError(JsonParser.java:2391) ~[jackson-core-2.13.3.jar:2.13.3]
	at com.fasterxml.jackson.core.base.ParserMinimalBase._reportError(ParserMinimalBase.java:745) ~[jackson-core-2.13.3.jar:2.13.3]
	at com.fasterxml.jackson.core.json.ReaderBasedJsonParser._reportInvalidToken(ReaderBasedJsonParser.java:2961) ~[jackson-core-2.13.3.jar:2.13.3]
	at com.fasterxml.jackson.core.json.ReaderBasedJsonParser._handleOddValue(ReaderBasedJsonParser.java:2002) ~[jackson-core-2.13.3.jar:2.13.3]
	at com.fasterxml.jackson.core.json.ReaderBasedJsonParser.nextToken(ReaderBasedJsonParser.java:802) ~[jackson-core-2.13.3.jar:2.13.3]
	at com.fasterxml.jackson.databind.ObjectMapper._initForReading(ObjectMapper.java:4761) ~[jackson-databind-2.13.3.jar:2.13.3]
	at com.fasterxml.jackson.databind.ObjectMapper._readMapAndClose(ObjectMapper.java:4667) ~[jackson-databind-2.13.3.jar:2.13.3]
	at com.fasterxml.jackson.databind.ObjectMapper.readValue(ObjectMapper.java:3629) ~[jackson-databind-2.13.3.jar:2.13.3]
	at com.fasterxml.jackson.databind.ObjectMapper.readValue(ObjectMapper.java:3597) ~[jackson-databind-2.13.3.jar:2.13.3]
	at kr.dbinc.ecos.ocpp.service.MessageForwardService.bootNotification(MessageForwardService.java:57) ~[main/:na]
	... 43 common frames omitted

2023-10-31 09:33:39.028  INFO 20060 --- [http-nio-9999-exec-2] k.d.ecos.ocpp.service.MessageLogService  : Charger=1001, Message=[4,"2a11b5a8-9fa9-45b0-ba1a-1a37ba69e5d8","InternalError","Unrecognized token 'ERROR': was expecting (JSON String, Number, Array, Object or token 'null', 'true' or 'false')\n at [Source: (String)\"ERROR\"; line: 1, column: 6]","{}"]
2023-10-31 09:34:15.357  INFO 20060 --- [http-nio-9999-exec-3] k.d.e.w.h.AbstractWebSocketEndpoint      : [1001] is Disconnected!
2023-10-31 09:34:15.359  INFO 20060 --- [http-nio-9999-exec-3] k.d.e.w.h.AbstractWebSocketEndpoint      : [1001] is Disconnected!
2023-10-31 09:36:21.618  INFO 20060 --- [http-nio-9999-exec-8] k.dbinc.ecos.config.SecurityInterceptor  : Connect Try Charger URI=http://10.10.36.51:9999/ocpp/1001, findLevel=0
2023-10-31 09:36:21.620  INFO 20060 --- [http-nio-9999-exec-8] k.d.e.w.h.AbstractWebSocketEndpoint      : [1001] is Connected!
2023-10-31 09:36:21.715  INFO 20060 --- [http-nio-9999-exec-5] k.d.ecos.ocpp.service.MessageLogService  : Charger=1001, Message=[2,"38a7c633-335f-4df9-9dd5-7e94c18da7a2","BootNotification",{"chargePointVendor":"SIGNETEV","chargePointModel":"FC50K-CC","chargeBoxSerialNumber":"123456","chargePointSerialNumber":"123456","firmwareVersion":"V2.0"}]
2023-10-31 09:36:21.759  INFO 20060 --- [http-nio-9999-exec-5] k.d.e.o.service.MessageForwardService    : BootNotification result=ERROR
2023-10-31 09:36:21.768 ERROR 20060 --- [http-nio-9999-exec-5] k.d.e.w.handler.Ocpp16WebSocketEndpoint  : Unrecognized token 'ERROR': was expecting (JSON String, Number, Array, Object or token 'null', 'true' or 'false')
 at [Source: (String)"ERROR"; line: 1, column: 6]

kr.dbinc.ecos.ocpp.rpc.exception.InternalErrorException: Unrecognized token 'ERROR': was expecting (JSON String, Number, Array, Object or token 'null', 'true' or 'false')
 at [Source: (String)"ERROR"; line: 1, column: 6]
	at kr.dbinc.ecos.ocpp.service.MessageForwardService.bootNotification(MessageForwardService.java:59) ~[main/:na]
	at kr.dbinc.ecos.ocpp.profile.Ocpp16ServiceImpl.bootNotification(Ocpp16ServiceImpl.java:110) ~[main/:na]
	at kr.dbinc.ecos.ocpp.profile.Ocpp16ServiceImpl$$FastClassBySpringCGLIB$$4fcff954.invoke(<generated>) ~[main/:na]
	at org.springframework.cglib.proxy.MethodProxy.invoke(MethodProxy.java:218) ~[spring-core-5.3.22.jar:5.3.22]
	at org.springframework.aop.framework.CglibAopProxy$CglibMethodInvocation.invokeJoinpoint(CglibAopProxy.java:793) ~[spring-aop-5.3.22.jar:5.3.22]
	at org.springframework.aop.framework.ReflectiveMethodInvocation.proceed(ReflectiveMethodInvocation.java:163) ~[spring-aop-5.3.22.jar:5.3.22]
	at org.springframework.aop.framework.CglibAopProxy$CglibMethodInvocation.proceed(CglibAopProxy.java:763) ~[spring-aop-5.3.22.jar:5.3.22]
	at org.springframework.transaction.interceptor.TransactionInterceptor$1.proceedWithInvocation(TransactionInterceptor.java:123) ~[spring-tx-5.3.22.jar:5.3.22]
	at org.springframework.transaction.interceptor.TransactionAspectSupport.invokeWithinTransaction(TransactionAspectSupport.java:388) ~[spring-tx-5.3.22.jar:5.3.22]
	at org.springframework.transaction.interceptor.TransactionInterceptor.invoke(TransactionInterceptor.java:119) ~[spring-tx-5.3.22.jar:5.3.22]
	at org.springframework.aop.framework.ReflectiveMethodInvocation.proceed(ReflectiveMethodInvocation.java:186) ~[spring-aop-5.3.22.jar:5.3.22]
	at org.springframework.aop.framework.CglibAopProxy$CglibMethodInvocation.proceed(CglibAopProxy.java:763) ~[spring-aop-5.3.22.jar:5.3.22]
	at org.springframework.aop.framework.CglibAopProxy$DynamicAdvisedInterceptor.intercept(CglibAopProxy.java:708) ~[spring-aop-5.3.22.jar:5.3.22]
	at kr.dbinc.ecos.ocpp.profile.Ocpp16ServiceImpl$$EnhancerBySpringCGLIB$$226eb3a5.bootNotification(<generated>) ~[main/:na]
	at kr.dbinc.ecos.ocpp.rpc.MessageHandlerImpl.dispatch(MessageHandlerImpl.java:80) ~[main/:na]
	at kr.dbinc.ecos.ocpp.rpc.MessageHandlerImpl.handleMessage(MessageHandlerImpl.java:59) ~[main/:na]
	at kr.dbinc.ecos.ws.handler.Ocpp16WebSocketEndpoint.handleTextMessage(Ocpp16WebSocketEndpoint.java:68) ~[main/:na]
	at kr.dbinc.ecos.ws.handler.AbstractWebSocketEndpoint.onMessage(AbstractWebSocketEndpoint.java:27) ~[main/:na]
	at kr.dbinc.ecos.ws.handler.ConcurrentWebSocketHandler.handleMessage(ConcurrentWebSocketHandler.java:29) ~[main/:na]
	at org.springframework.web.socket.handler.WebSocketHandlerDecorator.handleMessage(WebSocketHandlerDecorator.java:75) ~[spring-websocket-5.3.22.jar:5.3.22]
	at org.springframework.web.socket.handler.LoggingWebSocketHandlerDecorator.handleMessage(LoggingWebSocketHandlerDecorator.java:56) ~[spring-websocket-5.3.22.jar:5.3.22]
	at org.springframework.web.socket.handler.ExceptionWebSocketHandlerDecorator.handleMessage(ExceptionWebSocketHandlerDecorator.java:58) ~[spring-websocket-5.3.22.jar:5.3.22]
	at org.springframework.web.socket.adapter.standard.StandardWebSocketHandlerAdapter.handleTextMessage(StandardWebSocketHandlerAdapter.java:114) ~[spring-websocket-5.3.22.jar:5.3.22]
	at org.springframework.web.socket.adapter.standard.StandardWebSocketHandlerAdapter.access$000(StandardWebSocketHandlerAdapter.java:43) ~[spring-websocket-5.3.22.jar:5.3.22]
	at org.springframework.web.socket.adapter.standard.StandardWebSocketHandlerAdapter$3.onMessage(StandardWebSocketHandlerAdapter.java:85) ~[spring-websocket-5.3.22.jar:5.3.22]
	at org.springframework.web.socket.adapter.standard.StandardWebSocketHandlerAdapter$3.onMessage(StandardWebSocketHandlerAdapter.java:82) ~[spring-websocket-5.3.22.jar:5.3.22]
	at org.apache.tomcat.websocket.WsFrameBase.sendMessageText(WsFrameBase.java:415) ~[tomcat-embed-websocket-9.0.65.jar:9.0.65]
	at org.apache.tomcat.websocket.server.WsFrameServer.sendMessageText(WsFrameServer.java:129) ~[tomcat-embed-websocket-9.0.65.jar:9.0.65]
	at org.apache.tomcat.websocket.WsFrameBase.processDataText(WsFrameBase.java:515) ~[tomcat-embed-websocket-9.0.65.jar:9.0.65]
	at org.apache.tomcat.websocket.WsFrameBase.processData(WsFrameBase.java:301) ~[tomcat-embed-websocket-9.0.65.jar:9.0.65]
	at org.apache.tomcat.websocket.WsFrameBase.processInputBuffer(WsFrameBase.java:133) ~[tomcat-embed-websocket-9.0.65.jar:9.0.65]
	at org.apache.tomcat.websocket.server.WsFrameServer.onDataAvailable(WsFrameServer.java:85) ~[tomcat-embed-websocket-9.0.65.jar:9.0.65]
	at org.apache.tomcat.websocket.server.WsFrameServer.doOnDataAvailable(WsFrameServer.java:183) ~[tomcat-embed-websocket-9.0.65.jar:9.0.65]
	at org.apache.tomcat.websocket.server.WsFrameServer.notifyDataAvailable(WsFrameServer.java:162) ~[tomcat-embed-websocket-9.0.65.jar:9.0.65]
	at org.apache.tomcat.websocket.server.WsHttpUpgradeHandler.upgradeDispatch(WsHttpUpgradeHandler.java:157) ~[tomcat-embed-websocket-9.0.65.jar:9.0.65]
	at org.apache.coyote.http11.upgrade.UpgradeProcessorInternal.dispatch(UpgradeProcessorInternal.java:60) ~[tomcat-embed-core-9.0.65.jar:9.0.65]
	at org.apache.coyote.AbstractProcessorLight.process(AbstractProcessorLight.java:59) ~[tomcat-embed-core-9.0.65.jar:9.0.65]
	at org.apache.coyote.AbstractProtocol$ConnectionHandler.process(AbstractProtocol.java:890) ~[tomcat-embed-core-9.0.65.jar:9.0.65]
	at org.apache.tomcat.util.net.NioEndpoint$SocketProcessor.doRun(NioEndpoint.java:1789) ~[tomcat-embed-core-9.0.65.jar:9.0.65]
	at org.apache.tomcat.util.net.SocketProcessorBase.run(SocketProcessorBase.java:49) ~[tomcat-embed-core-9.0.65.jar:9.0.65]
	at org.apache.tomcat.util.threads.ThreadPoolExecutor.runWorker(ThreadPoolExecutor.java:1191) ~[tomcat-embed-core-9.0.65.jar:9.0.65]
	at org.apache.tomcat.util.threads.ThreadPoolExecutor$Worker.run(ThreadPoolExecutor.java:659) ~[tomcat-embed-core-9.0.65.jar:9.0.65]
	at org.apache.tomcat.util.threads.TaskThread$WrappingRunnable.run(TaskThread.java:61) ~[tomcat-embed-core-9.0.65.jar:9.0.65]
	at java.base/java.lang.Thread.run(Thread.java:834) ~[na:na]
Caused by: com.fasterxml.jackson.core.JsonParseException: Unrecognized token 'ERROR': was expecting (JSON String, Number, Array, Object or token 'null', 'true' or 'false')
 at [Source: (String)"ERROR"; line: 1, column: 6]
	at com.fasterxml.jackson.core.JsonParser._constructError(JsonParser.java:2391) ~[jackson-core-2.13.3.jar:2.13.3]
	at com.fasterxml.jackson.core.base.ParserMinimalBase._reportError(ParserMinimalBase.java:745) ~[jackson-core-2.13.3.jar:2.13.3]
	at com.fasterxml.jackson.core.json.ReaderBasedJsonParser._reportInvalidToken(ReaderBasedJsonParser.java:2961) ~[jackson-core-2.13.3.jar:2.13.3]
	at com.fasterxml.jackson.core.json.ReaderBasedJsonParser._handleOddValue(ReaderBasedJsonParser.java:2002) ~[jackson-core-2.13.3.jar:2.13.3]
	at com.fasterxml.jackson.core.json.ReaderBasedJsonParser.nextToken(ReaderBasedJsonParser.java:802) ~[jackson-core-2.13.3.jar:2.13.3]
	at com.fasterxml.jackson.databind.ObjectMapper._initForReading(ObjectMapper.java:4761) ~[jackson-databind-2.13.3.jar:2.13.3]
	at com.fasterxml.jackson.databind.ObjectMapper._readMapAndClose(ObjectMapper.java:4667) ~[jackson-databind-2.13.3.jar:2.13.3]
	at com.fasterxml.jackson.databind.ObjectMapper.readValue(ObjectMapper.java:3629) ~[jackson-databind-2.13.3.jar:2.13.3]
	at com.fasterxml.jackson.databind.ObjectMapper.readValue(ObjectMapper.java:3597) ~[jackson-databind-2.13.3.jar:2.13.3]
	at kr.dbinc.ecos.ocpp.service.MessageForwardService.bootNotification(MessageForwardService.java:57) ~[main/:na]
	... 43 common frames omitted

2023-10-31 09:36:21.788  INFO 20060 --- [http-nio-9999-exec-5] k.d.ecos.ocpp.service.MessageLogService  : Charger=1001, Message=[4,"38a7c633-335f-4df9-9dd5-7e94c18da7a2","InternalError","Unrecognized token 'ERROR': was expecting (JSON String, Number, Array, Object or token 'null', 'true' or 'false')\n at [Source: (String)\"ERROR\"; line: 1, column: 6]","{}"]
2023-10-31 09:39:14.279  INFO 20060 --- [http-nio-9999-exec-4] k.d.e.w.h.AbstractWebSocketEndpoint      : [1001] is Disconnected!
2023-10-31 09:39:14.280  INFO 20060 --- [http-nio-9999-exec-4] k.d.e.w.h.AbstractWebSocketEndpoint      : [1001] is Disconnected!
2023-10-31 09:54:53.157  INFO 20060 --- [http-nio-9999-exec-9] k.dbinc.ecos.config.SecurityInterceptor  : Connect Try Charger URI=http://10.10.36.51:9999/ocpp/1001, findLevel=0
2023-10-31 09:54:53.159  INFO 20060 --- [http-nio-9999-exec-9] k.d.e.w.h.AbstractWebSocketEndpoint      : [1001] is Connected!
2023-10-31 09:54:53.250  WARN 20060 --- [http-nio-9999-exec-10] com.zaxxer.hikari.pool.PoolBase          : HikariPool-1 - Failed to validate connection org.mariadb.jdbc.Connection@1733ce98 ((conn=200992) Connection.setNetworkTimeout cannot be called on a closed connection). Possibly consider using a shorter maxLifetime value.
2023-10-31 09:54:53.253  WARN 20060 --- [http-nio-9999-exec-10] com.zaxxer.hikari.pool.PoolBase          : HikariPool-1 - Failed to validate connection org.mariadb.jdbc.Connection@5432c66e ((conn=200993) Connection.setNetworkTimeout cannot be called on a closed connection). Possibly consider using a shorter maxLifetime value.
2023-10-31 09:54:53.253  WARN 20060 --- [http-nio-9999-exec-10] com.zaxxer.hikari.pool.PoolBase          : HikariPool-1 - Failed to validate connection org.mariadb.jdbc.Connection@5dfc957e ((conn=200994) Connection.setNetworkTimeout cannot be called on a closed connection). Possibly consider using a shorter maxLifetime value.
2023-10-31 09:54:53.254  WARN 20060 --- [http-nio-9999-exec-10] com.zaxxer.hikari.pool.PoolBase          : HikariPool-1 - Failed to validate connection org.mariadb.jdbc.Connection@55a50ee2 ((conn=200995) Connection.setNetworkTimeout cannot be called on a closed connection). Possibly consider using a shorter maxLifetime value.
2023-10-31 09:54:53.254  WARN 20060 --- [http-nio-9999-exec-10] com.zaxxer.hikari.pool.PoolBase          : HikariPool-1 - Failed to validate connection org.mariadb.jdbc.Connection@5484e515 ((conn=200996) Connection.setNetworkTimeout cannot be called on a closed connection). Possibly consider using a shorter maxLifetime value.
2023-10-31 09:54:53.255  WARN 20060 --- [http-nio-9999-exec-10] com.zaxxer.hikari.pool.PoolBase          : HikariPool-1 - Failed to validate connection org.mariadb.jdbc.Connection@16c7485d ((conn=200997) Connection.setNetworkTimeout cannot be called on a closed connection). Possibly consider using a shorter maxLifetime value.
2023-10-31 09:54:53.255  WARN 20060 --- [http-nio-9999-exec-10] com.zaxxer.hikari.pool.PoolBase          : HikariPool-1 - Failed to validate connection org.mariadb.jdbc.Connection@2f29689e ((conn=200998) Connection.setNetworkTimeout cannot be called on a closed connection). Possibly consider using a shorter maxLifetime value.
2023-10-31 09:54:53.255  WARN 20060 --- [http-nio-9999-exec-10] com.zaxxer.hikari.pool.PoolBase          : HikariPool-1 - Failed to validate connection org.mariadb.jdbc.Connection@5206a187 ((conn=200999) Connection.setNetworkTimeout cannot be called on a closed connection). Possibly consider using a shorter maxLifetime value.
2023-10-31 09:54:53.255  WARN 20060 --- [http-nio-9999-exec-10] com.zaxxer.hikari.pool.PoolBase          : HikariPool-1 - Failed to validate connection org.mariadb.jdbc.Connection@21595a9f ((conn=201000) Connection.setNetworkTimeout cannot be called on a closed connection). Possibly consider using a shorter maxLifetime value.
2023-10-31 09:54:53.256  WARN 20060 --- [http-nio-9999-exec-10] com.zaxxer.hikari.pool.PoolBase          : HikariPool-1 - Failed to validate connection org.mariadb.jdbc.Connection@d707b49 ((conn=201001) Connection.setNetworkTimeout cannot be called on a closed connection). Possibly consider using a shorter maxLifetime value.
2023-10-31 09:54:53.298  INFO 20060 --- [http-nio-9999-exec-10] k.d.ecos.ocpp.service.MessageLogService  : Charger=1001, Message=[2,"c3f760da-b31c-400f-8456-35063b1e3f88","BootNotification",{"chargePointVendor":"SIGNETEV","chargePointModel":"FC50K-CC","chargeBoxSerialNumber":"123456","chargePointSerialNumber":"123456","firmwareVersion":"V2.0"}]
2023-10-31 09:54:53.335  INFO 20060 --- [http-nio-9999-exec-10] k.d.e.o.service.MessageForwardService    : BootNotification result=ERROR
2023-10-31 09:54:53.344 ERROR 20060 --- [http-nio-9999-exec-10] k.d.e.w.handler.Ocpp16WebSocketEndpoint  : Unrecognized token 'ERROR': was expecting (JSON String, Number, Array, Object or token 'null', 'true' or 'false')
 at [Source: (String)"ERROR"; line: 1, column: 6]

kr.dbinc.ecos.ocpp.rpc.exception.InternalErrorException: Unrecognized token 'ERROR': was expecting (JSON String, Number, Array, Object or token 'null', 'true' or 'false')
 at [Source: (String)"ERROR"; line: 1, column: 6]
	at kr.dbinc.ecos.ocpp.service.MessageForwardService.bootNotification(MessageForwardService.java:59) ~[main/:na]
	at kr.dbinc.ecos.ocpp.profile.Ocpp16ServiceImpl.bootNotification(Ocpp16ServiceImpl.java:110) ~[main/:na]
	at kr.dbinc.ecos.ocpp.profile.Ocpp16ServiceImpl$$FastClassBySpringCGLIB$$4fcff954.invoke(<generated>) ~[main/:na]
	at org.springframework.cglib.proxy.MethodProxy.invoke(MethodProxy.java:218) ~[spring-core-5.3.22.jar:5.3.22]
	at org.springframework.aop.framework.CglibAopProxy$CglibMethodInvocation.invokeJoinpoint(CglibAopProxy.java:793) ~[spring-aop-5.3.22.jar:5.3.22]
	at org.springframework.aop.framework.ReflectiveMethodInvocation.proceed(ReflectiveMethodInvocation.java:163) ~[spring-aop-5.3.22.jar:5.3.22]
	at org.springframework.aop.framework.CglibAopProxy$CglibMethodInvocation.proceed(CglibAopProxy.java:763) ~[spring-aop-5.3.22.jar:5.3.22]
	at org.springframework.transaction.interceptor.TransactionInterceptor$1.proceedWithInvocation(TransactionInterceptor.java:123) ~[spring-tx-5.3.22.jar:5.3.22]
	at org.springframework.transaction.interceptor.TransactionAspectSupport.invokeWithinTransaction(TransactionAspectSupport.java:388) ~[spring-tx-5.3.22.jar:5.3.22]
	at org.springframework.transaction.interceptor.TransactionInterceptor.invoke(TransactionInterceptor.java:119) ~[spring-tx-5.3.22.jar:5.3.22]
	at org.springframework.aop.framework.ReflectiveMethodInvocation.proceed(ReflectiveMethodInvocation.java:186) ~[spring-aop-5.3.22.jar:5.3.22]
	at org.springframework.aop.framework.CglibAopProxy$CglibMethodInvocation.proceed(CglibAopProxy.java:763) ~[spring-aop-5.3.22.jar:5.3.22]
	at org.springframework.aop.framework.CglibAopProxy$DynamicAdvisedInterceptor.intercept(CglibAopProxy.java:708) ~[spring-aop-5.3.22.jar:5.3.22]
	at kr.dbinc.ecos.ocpp.profile.Ocpp16ServiceImpl$$EnhancerBySpringCGLIB$$226eb3a5.bootNotification(<generated>) ~[main/:na]
	at kr.dbinc.ecos.ocpp.rpc.MessageHandlerImpl.dispatch(MessageHandlerImpl.java:80) ~[main/:na]
	at kr.dbinc.ecos.ocpp.rpc.MessageHandlerImpl.handleMessage(MessageHandlerImpl.java:59) ~[main/:na]
	at kr.dbinc.ecos.ws.handler.Ocpp16WebSocketEndpoint.handleTextMessage(Ocpp16WebSocketEndpoint.java:68) ~[main/:na]
	at kr.dbinc.ecos.ws.handler.AbstractWebSocketEndpoint.onMessage(AbstractWebSocketEndpoint.java:27) ~[main/:na]
	at kr.dbinc.ecos.ws.handler.ConcurrentWebSocketHandler.handleMessage(ConcurrentWebSocketHandler.java:29) ~[main/:na]
	at org.springframework.web.socket.handler.WebSocketHandlerDecorator.handleMessage(WebSocketHandlerDecorator.java:75) ~[spring-websocket-5.3.22.jar:5.3.22]
	at org.springframework.web.socket.handler.LoggingWebSocketHandlerDecorator.handleMessage(LoggingWebSocketHandlerDecorator.java:56) ~[spring-websocket-5.3.22.jar:5.3.22]
	at org.springframework.web.socket.handler.ExceptionWebSocketHandlerDecorator.handleMessage(ExceptionWebSocketHandlerDecorator.java:58) ~[spring-websocket-5.3.22.jar:5.3.22]
	at org.springframework.web.socket.adapter.standard.StandardWebSocketHandlerAdapter.handleTextMessage(StandardWebSocketHandlerAdapter.java:114) ~[spring-websocket-5.3.22.jar:5.3.22]
	at org.springframework.web.socket.adapter.standard.StandardWebSocketHandlerAdapter.access$000(StandardWebSocketHandlerAdapter.java:43) ~[spring-websocket-5.3.22.jar:5.3.22]
	at org.springframework.web.socket.adapter.standard.StandardWebSocketHandlerAdapter$3.onMessage(StandardWebSocketHandlerAdapter.java:85) ~[spring-websocket-5.3.22.jar:5.3.22]
	at org.springframework.web.socket.adapter.standard.StandardWebSocketHandlerAdapter$3.onMessage(StandardWebSocketHandlerAdapter.java:82) ~[spring-websocket-5.3.22.jar:5.3.22]
	at org.apache.tomcat.websocket.WsFrameBase.sendMessageText(WsFrameBase.java:415) ~[tomcat-embed-websocket-9.0.65.jar:9.0.65]
	at org.apache.tomcat.websocket.server.WsFrameServer.sendMessageText(WsFrameServer.java:129) ~[tomcat-embed-websocket-9.0.65.jar:9.0.65]
	at org.apache.tomcat.websocket.WsFrameBase.processDataText(WsFrameBase.java:515) ~[tomcat-embed-websocket-9.0.65.jar:9.0.65]
	at org.apache.tomcat.websocket.WsFrameBase.processData(WsFrameBase.java:301) ~[tomcat-embed-websocket-9.0.65.jar:9.0.65]
	at org.apache.tomcat.websocket.WsFrameBase.processInputBuffer(WsFrameBase.java:133) ~[tomcat-embed-websocket-9.0.65.jar:9.0.65]
	at org.apache.tomcat.websocket.server.WsFrameServer.onDataAvailable(WsFrameServer.java:85) ~[tomcat-embed-websocket-9.0.65.jar:9.0.65]
	at org.apache.tomcat.websocket.server.WsFrameServer.doOnDataAvailable(WsFrameServer.java:183) ~[tomcat-embed-websocket-9.0.65.jar:9.0.65]
	at org.apache.tomcat.websocket.server.WsFrameServer.notifyDataAvailable(WsFrameServer.java:162) ~[tomcat-embed-websocket-9.0.65.jar:9.0.65]
	at org.apache.tomcat.websocket.server.WsHttpUpgradeHandler.upgradeDispatch(WsHttpUpgradeHandler.java:157) ~[tomcat-embed-websocket-9.0.65.jar:9.0.65]
	at org.apache.coyote.http11.upgrade.UpgradeProcessorInternal.dispatch(UpgradeProcessorInternal.java:60) ~[tomcat-embed-core-9.0.65.jar:9.0.65]
	at org.apache.coyote.AbstractProcessorLight.process(AbstractProcessorLight.java:59) ~[tomcat-embed-core-9.0.65.jar:9.0.65]
	at org.apache.coyote.AbstractProtocol$ConnectionHandler.process(AbstractProtocol.java:890) ~[tomcat-embed-core-9.0.65.jar:9.0.65]
	at org.apache.tomcat.util.net.NioEndpoint$SocketProcessor.doRun(NioEndpoint.java:1789) ~[tomcat-embed-core-9.0.65.jar:9.0.65]
	at org.apache.tomcat.util.net.SocketProcessorBase.run(SocketProcessorBase.java:49) ~[tomcat-embed-core-9.0.65.jar:9.0.65]
	at org.apache.tomcat.util.threads.ThreadPoolExecutor.runWorker(ThreadPoolExecutor.java:1191) ~[tomcat-embed-core-9.0.65.jar:9.0.65]
	at org.apache.tomcat.util.threads.ThreadPoolExecutor$Worker.run(ThreadPoolExecutor.java:659) ~[tomcat-embed-core-9.0.65.jar:9.0.65]
	at org.apache.tomcat.util.threads.TaskThread$WrappingRunnable.run(TaskThread.java:61) ~[tomcat-embed-core-9.0.65.jar:9.0.65]
	at java.base/java.lang.Thread.run(Thread.java:834) ~[na:na]
Caused by: com.fasterxml.jackson.core.JsonParseException: Unrecognized token 'ERROR': was expecting (JSON String, Number, Array, Object or token 'null', 'true' or 'false')
 at [Source: (String)"ERROR"; line: 1, column: 6]
	at com.fasterxml.jackson.core.JsonParser._constructError(JsonParser.java:2391) ~[jackson-core-2.13.3.jar:2.13.3]
	at com.fasterxml.jackson.core.base.ParserMinimalBase._reportError(ParserMinimalBase.java:745) ~[jackson-core-2.13.3.jar:2.13.3]
	at com.fasterxml.jackson.core.json.ReaderBasedJsonParser._reportInvalidToken(ReaderBasedJsonParser.java:2961) ~[jackson-core-2.13.3.jar:2.13.3]
	at com.fasterxml.jackson.core.json.ReaderBasedJsonParser._handleOddValue(ReaderBasedJsonParser.java:2002) ~[jackson-core-2.13.3.jar:2.13.3]
	at com.fasterxml.jackson.core.json.ReaderBasedJsonParser.nextToken(ReaderBasedJsonParser.java:802) ~[jackson-core-2.13.3.jar:2.13.3]
	at com.fasterxml.jackson.databind.ObjectMapper._initForReading(ObjectMapper.java:4761) ~[jackson-databind-2.13.3.jar:2.13.3]
	at com.fasterxml.jackson.databind.ObjectMapper._readMapAndClose(ObjectMapper.java:4667) ~[jackson-databind-2.13.3.jar:2.13.3]
	at com.fasterxml.jackson.databind.ObjectMapper.readValue(ObjectMapper.java:3629) ~[jackson-databind-2.13.3.jar:2.13.3]
	at com.fasterxml.jackson.databind.ObjectMapper.readValue(ObjectMapper.java:3597) ~[jackson-databind-2.13.3.jar:2.13.3]
	at kr.dbinc.ecos.ocpp.service.MessageForwardService.bootNotification(MessageForwardService.java:57) ~[main/:na]
	... 43 common frames omitted

2023-10-31 09:54:53.363  INFO 20060 --- [http-nio-9999-exec-10] k.d.ecos.ocpp.service.MessageLogService  : Charger=1001, Message=[4,"c3f760da-b31c-400f-8456-35063b1e3f88","InternalError","Unrecognized token 'ERROR': was expecting (JSON String, Number, Array, Object or token 'null', 'true' or 'false')\n at [Source: (String)\"ERROR\"; line: 1, column: 6]","{}"]
2023-10-31 09:55:10.301  INFO 25768 --- [main] kr.dbinc.ecos.OcppForJavaApplication     : Starting OcppForJavaApplication using Java 11.0.18 on DESKTOP-OBR6GFG with PID 25768 (D:\StsWorkspace\ecos-ocpp-server\build\classes\java\main started by Jerad in D:\StsWorkspace\ecos-ocpp-server)
2023-10-31 09:55:10.305  INFO 25768 --- [main] kr.dbinc.ecos.OcppForJavaApplication     : No active profile set, falling back to 1 default profile: "default"
2023-10-31 09:55:11.268  INFO 25768 --- [main] .s.d.r.c.RepositoryConfigurationDelegate : Bootstrapping Spring Data JPA repositories in DEFAULT mode.
2023-10-31 09:55:11.471  INFO 25768 --- [main] .s.d.r.c.RepositoryConfigurationDelegate : Finished Spring Data repository scanning in 198 ms. Found 23 JPA repository interfaces.
2023-10-31 09:55:11.755  INFO 25768 --- [main] kr.dbinc.ecos.config.ConnectorConfig     : HTTP port setup to 9999
2023-10-31 09:55:12.555  INFO 25768 --- [main] o.s.b.w.embedded.tomcat.TomcatWebServer  : Tomcat initialized with port(s): 5000 (https) 9999 (http)
2023-10-31 09:55:12.573  INFO 25768 --- [main] o.apache.catalina.core.StandardService   : Starting service [Tomcat]
2023-10-31 09:55:12.574  INFO 25768 --- [main] org.apache.catalina.core.StandardEngine  : Starting Servlet engine: [Apache Tomcat/9.0.65]
2023-10-31 09:55:12.718  INFO 25768 --- [main] o.a.c.c.C.[Tomcat].[localhost].[/]       : Initializing Spring embedded WebApplicationContext
2023-10-31 09:55:12.719  INFO 25768 --- [main] w.s.c.ServletWebServerApplicationContext : Root WebApplicationContext: initialization completed in 2352 ms
2023-10-31 09:55:13.043  INFO 25768 --- [main] o.hibernate.jpa.internal.util.LogHelper  : HHH000204: Processing PersistenceUnitInfo [name: default]
2023-10-31 09:55:13.074  INFO 25768 --- [main] org.hibernate.Version                    : HHH000412: Hibernate ORM core version 5.6.10.Final
2023-10-31 09:55:13.227  INFO 25768 --- [main] o.hibernate.annotations.common.Version   : HCANN000001: Hibernate Commons Annotations {5.1.2.Final}
2023-10-31 09:55:13.328  INFO 25768 --- [main] com.zaxxer.hikari.HikariDataSource       : HikariPool-1 - Starting...
2023-10-31 09:55:13.419  INFO 25768 --- [main] com.zaxxer.hikari.HikariDataSource       : HikariPool-1 - Start completed.
2023-10-31 09:55:13.430  INFO 25768 --- [main] org.hibernate.dialect.Dialect            : HHH000400: Using dialect: org.hibernate.dialect.MariaDB103Dialect
2023-10-31 09:55:13.612  WARN 25768 --- [main] org.hibernate.cfg.AnnotationBinder       : HHH000457: Joined inheritance hierarchy [kr.dbinc.ecos.domain.member.Authorization] defined explicit @DiscriminatorColumn.  Legacy Hibernate behavior was to ignore the @DiscriminatorColumn.  However, as part of issue HHH-6911 we now apply the explicit @DiscriminatorColumn.  If you would prefer the legacy behavior, enable the `hibernate.discriminator.ignore_explicit_for_joined` setting (hibernate.discriminator.ignore_explicit_for_joined=true)
2023-10-31 09:55:14.011  INFO 25768 --- [main] org.hibernate.tuple.PojoInstantiator     : HHH000182: No default (no-argument) constructor for class: kr.dbinc.ecos.domain.security.SecurityLog (class must be instantiated by Interceptor)
2023-10-31 09:55:14.112  INFO 25768 --- [main] o.h.e.t.j.p.i.JtaPlatformInitiator       : HHH000490: Using JtaPlatform implementation: [org.hibernate.engine.transaction.jta.platform.internal.NoJtaPlatform]
2023-10-31 09:55:14.117  INFO 25768 --- [main] j.LocalContainerEntityManagerFactoryBean : Initialized JPA EntityManagerFactory for persistence unit 'default'
2023-10-31 09:55:15.164  INFO 25768 --- [main] org.reflections.Reflections              : Reflections took 211 ms to scan 1 urls, producing 74 keys and 442 values
2023-10-31 09:55:15.329  INFO 25768 --- [main] org.reflections.Reflections              : Reflections took 148 ms to scan 1 urls, producing 74 keys and 442 values
2023-10-31 09:55:15.491  INFO 25768 --- [main] org.reflections.Reflections              : Reflections took 161 ms to scan 1 urls, producing 74 keys and 442 values
2023-10-31 09:55:15.536  INFO 25768 --- [main] kr.dbinc.ecos.config.SchedulerConfig     : datSource=HikariDataSource (HikariPool-1)
2023-10-31 09:55:15.816  INFO 25768 --- [main] o.s.b.a.w.s.WelcomePageHandlerMapping    : Adding welcome page: class path resource [static/index.html]
2023-10-31 09:55:16.251  INFO 25768 --- [main] o.s.b.a.e.web.EndpointLinksResolver      : Exposing 1 endpoint(s) beneath base path '/actuator'
2023-10-31 09:55:16.656  INFO 25768 --- [main] o.s.b.w.embedded.tomcat.TomcatWebServer  : Tomcat started on port(s): 5000 (https) 9999 (http) with context path ''
2023-10-31 09:55:16.669  INFO 25768 --- [main] kr.dbinc.ecos.OcppForJavaApplication     : Started OcppForJavaApplication in 6.699 seconds (JVM running for 7.213)
2023-10-31 09:55:35.554  INFO 25768 --- [http-nio-9999-exec-1] o.a.c.c.C.[Tomcat].[localhost].[/]       : Initializing Spring DispatcherServlet 'dispatcherServlet'
2023-10-31 09:55:35.556  INFO 25768 --- [http-nio-9999-exec-1] o.s.web.servlet.DispatcherServlet        : Initializing Servlet 'dispatcherServlet'
2023-10-31 09:55:35.557  INFO 25768 --- [http-nio-9999-exec-1] o.s.web.servlet.DispatcherServlet        : Completed initialization in 1 ms
2023-10-31 09:55:35.578  INFO 25768 --- [http-nio-9999-exec-1] k.dbinc.ecos.config.SecurityInterceptor  : Connect Try Charger URI=http://10.10.36.51:9999/ocpp/1001, findLevel=0
2023-10-31 09:55:35.616  INFO 25768 --- [http-nio-9999-exec-1] k.d.e.w.h.AbstractWebSocketEndpoint      : [1001] is Connected!
2023-10-31 09:55:35.750  INFO 25768 --- [http-nio-9999-exec-2] k.d.ecos.ocpp.service.MessageLogService  : Charger=1001, Message=[2,"76cff4f3-0129-4877-9eed-7a573bb9e30e","BootNotification",{"chargePointVendor":"SIGNETEV","chargePointModel":"FC50K-CC","chargeBoxSerialNumber":"123456","chargePointSerialNumber":"123456","firmwareVersion":"V2.0"}]
2023-10-31 09:55:37.112  WARN 25768 --- [http-nio-9999-exec-2] .d.DefaultDnsServerAddressStreamProvider : Default DNS servers: [/8.8.8.8:53, /8.8.4.4:53] (Google Public DNS as a fallback)
2023-10-31 09:55:37.798  INFO 25768 --- [http-nio-9999-exec-2] k.d.e.o.service.MessageForwardService    : BootNotification result=ERROR
2023-10-31 09:55:37.813 ERROR 25768 --- [http-nio-9999-exec-2] k.d.e.w.handler.Ocpp16WebSocketEndpoint  : Unrecognized token 'ERROR': was expecting (JSON String, Number, Array, Object or token 'null', 'true' or 'false')
 at [Source: (String)"ERROR"; line: 1, column: 6]

kr.dbinc.ecos.ocpp.rpc.exception.InternalErrorException: Unrecognized token 'ERROR': was expecting (JSON String, Number, Array, Object or token 'null', 'true' or 'false')
 at [Source: (String)"ERROR"; line: 1, column: 6]
	at kr.dbinc.ecos.ocpp.service.MessageForwardService.bootNotification(MessageForwardService.java:59) ~[main/:na]
	at kr.dbinc.ecos.ocpp.profile.Ocpp16ServiceImpl.bootNotification(Ocpp16ServiceImpl.java:110) ~[main/:na]
	at kr.dbinc.ecos.ocpp.profile.Ocpp16ServiceImpl$$FastClassBySpringCGLIB$$4fcff954.invoke(<generated>) ~[main/:na]
	at org.springframework.cglib.proxy.MethodProxy.invoke(MethodProxy.java:218) ~[spring-core-5.3.22.jar:5.3.22]
	at org.springframework.aop.framework.CglibAopProxy$CglibMethodInvocation.invokeJoinpoint(CglibAopProxy.java:793) ~[spring-aop-5.3.22.jar:5.3.22]
	at org.springframework.aop.framework.ReflectiveMethodInvocation.proceed(ReflectiveMethodInvocation.java:163) ~[spring-aop-5.3.22.jar:5.3.22]
	at org.springframework.aop.framework.CglibAopProxy$CglibMethodInvocation.proceed(CglibAopProxy.java:763) ~[spring-aop-5.3.22.jar:5.3.22]
	at org.springframework.transaction.interceptor.TransactionInterceptor$1.proceedWithInvocation(TransactionInterceptor.java:123) ~[spring-tx-5.3.22.jar:5.3.22]
	at org.springframework.transaction.interceptor.TransactionAspectSupport.invokeWithinTransaction(TransactionAspectSupport.java:388) ~[spring-tx-5.3.22.jar:5.3.22]
	at org.springframework.transaction.interceptor.TransactionInterceptor.invoke(TransactionInterceptor.java:119) ~[spring-tx-5.3.22.jar:5.3.22]
	at org.springframework.aop.framework.ReflectiveMethodInvocation.proceed(ReflectiveMethodInvocation.java:186) ~[spring-aop-5.3.22.jar:5.3.22]
	at org.springframework.aop.framework.CglibAopProxy$CglibMethodInvocation.proceed(CglibAopProxy.java:763) ~[spring-aop-5.3.22.jar:5.3.22]
	at org.springframework.aop.framework.CglibAopProxy$DynamicAdvisedInterceptor.intercept(CglibAopProxy.java:708) ~[spring-aop-5.3.22.jar:5.3.22]
	at kr.dbinc.ecos.ocpp.profile.Ocpp16ServiceImpl$$EnhancerBySpringCGLIB$$4d99c2a2.bootNotification(<generated>) ~[main/:na]
	at kr.dbinc.ecos.ocpp.rpc.MessageHandlerImpl.dispatch(MessageHandlerImpl.java:80) ~[main/:na]
	at kr.dbinc.ecos.ocpp.rpc.MessageHandlerImpl.handleMessage(MessageHandlerImpl.java:59) ~[main/:na]
	at kr.dbinc.ecos.ws.handler.Ocpp16WebSocketEndpoint.handleTextMessage(Ocpp16WebSocketEndpoint.java:68) ~[main/:na]
	at kr.dbinc.ecos.ws.handler.AbstractWebSocketEndpoint.onMessage(AbstractWebSocketEndpoint.java:27) ~[main/:na]
	at kr.dbinc.ecos.ws.handler.ConcurrentWebSocketHandler.handleMessage(ConcurrentWebSocketHandler.java:29) ~[main/:na]
	at org.springframework.web.socket.handler.WebSocketHandlerDecorator.handleMessage(WebSocketHandlerDecorator.java:75) ~[spring-websocket-5.3.22.jar:5.3.22]
	at org.springframework.web.socket.handler.LoggingWebSocketHandlerDecorator.handleMessage(LoggingWebSocketHandlerDecorator.java:56) ~[spring-websocket-5.3.22.jar:5.3.22]
	at org.springframework.web.socket.handler.ExceptionWebSocketHandlerDecorator.handleMessage(ExceptionWebSocketHandlerDecorator.java:58) ~[spring-websocket-5.3.22.jar:5.3.22]
	at org.springframework.web.socket.adapter.standard.StandardWebSocketHandlerAdapter.handleTextMessage(StandardWebSocketHandlerAdapter.java:114) ~[spring-websocket-5.3.22.jar:5.3.22]
	at org.springframework.web.socket.adapter.standard.StandardWebSocketHandlerAdapter.access$000(StandardWebSocketHandlerAdapter.java:43) ~[spring-websocket-5.3.22.jar:5.3.22]
	at org.springframework.web.socket.adapter.standard.StandardWebSocketHandlerAdapter$3.onMessage(StandardWebSocketHandlerAdapter.java:85) ~[spring-websocket-5.3.22.jar:5.3.22]
	at org.springframework.web.socket.adapter.standard.StandardWebSocketHandlerAdapter$3.onMessage(StandardWebSocketHandlerAdapter.java:82) ~[spring-websocket-5.3.22.jar:5.3.22]
	at org.apache.tomcat.websocket.WsFrameBase.sendMessageText(WsFrameBase.java:415) ~[tomcat-embed-websocket-9.0.65.jar:9.0.65]
	at org.apache.tomcat.websocket.server.WsFrameServer.sendMessageText(WsFrameServer.java:129) ~[tomcat-embed-websocket-9.0.65.jar:9.0.65]
	at org.apache.tomcat.websocket.WsFrameBase.processDataText(WsFrameBase.java:515) ~[tomcat-embed-websocket-9.0.65.jar:9.0.65]
	at org.apache.tomcat.websocket.WsFrameBase.processData(WsFrameBase.java:301) ~[tomcat-embed-websocket-9.0.65.jar:9.0.65]
	at org.apache.tomcat.websocket.WsFrameBase.processInputBuffer(WsFrameBase.java:133) ~[tomcat-embed-websocket-9.0.65.jar:9.0.65]
	at org.apache.tomcat.websocket.server.WsFrameServer.onDataAvailable(WsFrameServer.java:85) ~[tomcat-embed-websocket-9.0.65.jar:9.0.65]
	at org.apache.tomcat.websocket.server.WsFrameServer.doOnDataAvailable(WsFrameServer.java:183) ~[tomcat-embed-websocket-9.0.65.jar:9.0.65]
	at org.apache.tomcat.websocket.server.WsFrameServer.notifyDataAvailable(WsFrameServer.java:162) ~[tomcat-embed-websocket-9.0.65.jar:9.0.65]
	at org.apache.tomcat.websocket.server.WsHttpUpgradeHandler.upgradeDispatch(WsHttpUpgradeHandler.java:157) ~[tomcat-embed-websocket-9.0.65.jar:9.0.65]
	at org.apache.coyote.http11.upgrade.UpgradeProcessorInternal.dispatch(UpgradeProcessorInternal.java:60) ~[tomcat-embed-core-9.0.65.jar:9.0.65]
	at org.apache.coyote.AbstractProcessorLight.process(AbstractProcessorLight.java:59) ~[tomcat-embed-core-9.0.65.jar:9.0.65]
	at org.apache.coyote.AbstractProtocol$ConnectionHandler.process(AbstractProtocol.java:890) ~[tomcat-embed-core-9.0.65.jar:9.0.65]
	at org.apache.tomcat.util.net.NioEndpoint$SocketProcessor.doRun(NioEndpoint.java:1789) ~[tomcat-embed-core-9.0.65.jar:9.0.65]
	at org.apache.tomcat.util.net.SocketProcessorBase.run(SocketProcessorBase.java:49) ~[tomcat-embed-core-9.0.65.jar:9.0.65]
	at org.apache.tomcat.util.threads.ThreadPoolExecutor.runWorker(ThreadPoolExecutor.java:1191) ~[tomcat-embed-core-9.0.65.jar:9.0.65]
	at org.apache.tomcat.util.threads.ThreadPoolExecutor$Worker.run(ThreadPoolExecutor.java:659) ~[tomcat-embed-core-9.0.65.jar:9.0.65]
	at org.apache.tomcat.util.threads.TaskThread$WrappingRunnable.run(TaskThread.java:61) ~[tomcat-embed-core-9.0.65.jar:9.0.65]
	at java.base/java.lang.Thread.run(Thread.java:834) ~[na:na]
Caused by: com.fasterxml.jackson.core.JsonParseException: Unrecognized token 'ERROR': was expecting (JSON String, Number, Array, Object or token 'null', 'true' or 'false')
 at [Source: (String)"ERROR"; line: 1, column: 6]
	at com.fasterxml.jackson.core.JsonParser._constructError(JsonParser.java:2391) ~[jackson-core-2.13.3.jar:2.13.3]
	at com.fasterxml.jackson.core.base.ParserMinimalBase._reportError(ParserMinimalBase.java:745) ~[jackson-core-2.13.3.jar:2.13.3]
	at com.fasterxml.jackson.core.json.ReaderBasedJsonParser._reportInvalidToken(ReaderBasedJsonParser.java:2961) ~[jackson-core-2.13.3.jar:2.13.3]
	at com.fasterxml.jackson.core.json.ReaderBasedJsonParser._handleOddValue(ReaderBasedJsonParser.java:2002) ~[jackson-core-2.13.3.jar:2.13.3]
	at com.fasterxml.jackson.core.json.ReaderBasedJsonParser.nextToken(ReaderBasedJsonParser.java:802) ~[jackson-core-2.13.3.jar:2.13.3]
	at com.fasterxml.jackson.databind.ObjectMapper._initForReading(ObjectMapper.java:4761) ~[jackson-databind-2.13.3.jar:2.13.3]
	at com.fasterxml.jackson.databind.ObjectMapper._readMapAndClose(ObjectMapper.java:4667) ~[jackson-databind-2.13.3.jar:2.13.3]
	at com.fasterxml.jackson.databind.ObjectMapper.readValue(ObjectMapper.java:3629) ~[jackson-databind-2.13.3.jar:2.13.3]
	at com.fasterxml.jackson.databind.ObjectMapper.readValue(ObjectMapper.java:3597) ~[jackson-databind-2.13.3.jar:2.13.3]
	at kr.dbinc.ecos.ocpp.service.MessageForwardService.bootNotification(MessageForwardService.java:57) ~[main/:na]
	... 43 common frames omitted

2023-10-31 09:55:37.839  INFO 25768 --- [http-nio-9999-exec-2] k.d.ecos.ocpp.service.MessageLogService  : Charger=1001, Message=[4,"76cff4f3-0129-4877-9eed-7a573bb9e30e","InternalError","Unrecognized token 'ERROR': was expecting (JSON String, Number, Array, Object or token 'null', 'true' or 'false')\n at [Source: (String)\"ERROR\"; line: 1, column: 6]","{}"]
2023-10-31 09:55:55.598  INFO 25768 --- [http-nio-9999-exec-3] k.d.e.w.h.AbstractWebSocketEndpoint      : [1001] is Disconnected!
2023-10-31 09:55:55.599  INFO 25768 --- [http-nio-9999-exec-3] k.d.e.w.h.AbstractWebSocketEndpoint      : [1001] is Disconnected!
