2023-12-14 11:11:01.155  INFO 16840 --- [main] kr.dbinc.ecos.OcppForJavaApplication     : Starting OcppForJavaApplication using Java 17.0.7 on DESKTOP-OBR6GFG with PID 16840 (D:\StsWorkspace\ecos-ocpp-server\bin\main started by Jerad in D:\StsWorkspace\ecos-ocpp-server)
2023-12-14 11:11:01.161  INFO 16840 --- [main] kr.dbinc.ecos.OcppForJavaApplication     : No active profile set, falling back to 1 default profile: "default"
2023-12-14 11:11:03.016  INFO 16840 --- [main] .s.d.r.c.RepositoryConfigurationDelegate : Bootstrapping Spring Data JPA repositories in DEFAULT mode.
2023-12-14 11:11:03.523  INFO 16840 --- [main] .s.d.r.c.RepositoryConfigurationDelegate : Finished Spring Data repository scanning in 491 ms. Found 23 JPA repository interfaces.
2023-12-14 11:11:04.084  INFO 16840 --- [main] kr.dbinc.ecos.config.ConnectorConfig     : HTTP port setup to 9999
2023-12-14 11:11:04.408  INFO 16840 --- [main] o.s.b.w.embedded.tomcat.TomcatWebServer  : Tomcat initialized with port(s): 5000 (https) 9999 (http)
2023-12-14 11:11:04.438  INFO 16840 --- [main] o.apache.catalina.core.StandardService   : Starting service [Tomcat]
2023-12-14 11:11:04.444  INFO 16840 --- [main] org.apache.catalina.core.StandardEngine  : Starting Servlet engine: [Apache Tomcat/9.0.65]
2023-12-14 11:11:04.671  INFO 16840 --- [main] o.a.c.c.C.[Tomcat].[localhost].[/]       : Initializing Spring embedded WebApplicationContext
2023-12-14 11:11:04.672  INFO 16840 --- [main] w.s.c.ServletWebServerApplicationContext : Root WebApplicationContext: initialization completed in 3421 ms
2023-12-14 11:11:05.158  INFO 16840 --- [main] o.hibernate.jpa.internal.util.LogHelper  : HHH000204: Processing PersistenceUnitInfo [name: default]
2023-12-14 11:11:05.262  INFO 16840 --- [main] org.hibernate.Version                    : HHH000412: Hibernate ORM core version 5.6.10.Final
2023-12-14 11:11:05.544  INFO 16840 --- [main] o.hibernate.annotations.common.Version   : HCANN000001: Hibernate Commons Annotations {5.1.2.Final}
2023-12-14 11:11:05.743  INFO 16840 --- [main] com.zaxxer.hikari.HikariDataSource       : HikariPool-1 - Starting...
2023-12-14 11:11:05.880  INFO 16840 --- [main] com.zaxxer.hikari.HikariDataSource       : HikariPool-1 - Start completed.
2023-12-14 11:11:05.906  INFO 16840 --- [main] org.hibernate.dialect.Dialect            : HHH000400: Using dialect: org.hibernate.dialect.MariaDB103Dialect
2023-12-14 11:11:06.190  WARN 16840 --- [main] org.hibernate.cfg.AnnotationBinder       : HHH000457: Joined inheritance hierarchy [kr.dbinc.ecos.domain.member.Authorization] defined explicit @DiscriminatorColumn.  Legacy Hibernate behavior was to ignore the @DiscriminatorColumn.  However, as part of issue HHH-6911 we now apply the explicit @DiscriminatorColumn.  If you would prefer the legacy behavior, enable the `hibernate.discriminator.ignore_explicit_for_joined` setting (hibernate.discriminator.ignore_explicit_for_joined=true)
2023-12-14 11:11:06.847  INFO 16840 --- [main] org.hibernate.tuple.PojoInstantiator     : HHH000182: No default (no-argument) constructor for class: kr.dbinc.ecos.domain.security.SecurityLog (class must be instantiated by Interceptor)
2023-12-14 11:11:07.029  INFO 16840 --- [main] o.h.e.t.j.p.i.JtaPlatformInitiator       : HHH000490: Using JtaPlatform implementation: [org.hibernate.engine.transaction.jta.platform.internal.NoJtaPlatform]
2023-12-14 11:11:07.044  INFO 16840 --- [main] j.LocalContainerEntityManagerFactoryBean : Initialized JPA EntityManagerFactory for persistence unit 'default'
2023-12-14 11:11:09.030  INFO 16840 --- [main] org.reflections.Reflections              : Reflections took 313 ms to scan 1 urls, producing 70 keys and 403 values
2023-12-14 11:11:09.278  INFO 16840 --- [main] org.reflections.Reflections              : Reflections took 226 ms to scan 1 urls, producing 70 keys and 403 values
2023-12-14 11:11:09.515  INFO 16840 --- [main] org.reflections.Reflections              : Reflections took 235 ms to scan 1 urls, producing 70 keys and 403 values
2023-12-14 11:11:09.614  INFO 16840 --- [main] kr.dbinc.ecos.config.SchedulerConfig     : datSource=HikariDataSource (HikariPool-1)
2023-12-14 11:11:10.044  INFO 16840 --- [main] o.s.b.a.w.s.WelcomePageHandlerMapping    : Adding welcome page: class path resource [static/index.html]
2023-12-14 11:11:11.386  INFO 16840 --- [main] o.s.b.a.e.web.EndpointLinksResolver      : Exposing 1 endpoint(s) beneath base path '/actuator'
2023-12-14 11:11:11.795  INFO 16840 --- [main] o.s.b.w.embedded.tomcat.TomcatWebServer  : Tomcat started on port(s): 5000 (https) 9999 (http) with context path ''
2023-12-14 11:11:11.819  INFO 16840 --- [main] kr.dbinc.ecos.OcppForJavaApplication     : Started OcppForJavaApplication in 11.162 seconds (JVM running for 12.254)
2023-12-14 11:11:13.397  INFO 16840 --- [RMI TCP Connection(1)-127.0.0.1] o.a.c.c.C.[Tomcat].[localhost].[/]       : Initializing Spring DispatcherServlet 'dispatcherServlet'
2023-12-14 11:11:13.398  INFO 16840 --- [RMI TCP Connection(1)-127.0.0.1] o.s.web.servlet.DispatcherServlet        : Initializing Servlet 'dispatcherServlet'
2023-12-14 11:11:13.399  INFO 16840 --- [RMI TCP Connection(1)-127.0.0.1] o.s.web.servlet.DispatcherServlet        : Completed initialization in 1 ms
