2023-10-19 09:24:24.444  INFO 4076 --- [main] kr.dbinc.ecos.OcppForJavaApplication     : Starting OcppForJavaApplication using Java 11.0.18 on DESKTOP-OBR6GFG with PID 4076 (D:\StsWorkspace\ecos-ocpp-server\build\classes\java\main started by Jerad in D:\StsWorkspace\ecos-ocpp-server)
2023-10-19 09:24:24.448  INFO 4076 --- [main] kr.dbinc.ecos.OcppForJavaApplication     : No active profile set, falling back to 1 default profile: "default"
2023-10-19 09:24:25.670  INFO 4076 --- [main] .s.d.r.c.RepositoryConfigurationDelegate : Bootstrapping Spring Data JPA repositories in DEFAULT mode.
2023-10-19 09:24:25.883  INFO 4076 --- [main] .s.d.r.c.RepositoryConfigurationDelegate : Finished Spring Data repository scanning in 205 ms. Found 23 JPA repository interfaces.
2023-10-19 09:24:26.277  INFO 4076 --- [main] kr.dbinc.ecos.config.ConnectorConfig     : HTTP port setup to 9999
2023-10-19 09:24:27.096  INFO 4076 --- [main] o.s.b.w.embedded.tomcat.TomcatWebServer  : Tomcat initialized with port(s): 5000 (https) 9999 (http)
2023-10-19 09:24:27.114  INFO 4076 --- [main] o.apache.catalina.core.StandardService   : Starting service [Tomcat]
2023-10-19 09:24:27.114  INFO 4076 --- [main] org.apache.catalina.core.StandardEngine  : Starting Servlet engine: [Apache Tomcat/9.0.65]
2023-10-19 09:24:27.254  INFO 4076 --- [main] o.a.c.c.C.[Tomcat].[localhost].[/]       : Initializing Spring embedded WebApplicationContext
2023-10-19 09:24:27.254  INFO 4076 --- [main] w.s.c.ServletWebServerApplicationContext : Root WebApplicationContext: initialization completed in 2755 ms
2023-10-19 09:24:27.549  INFO 4076 --- [main] o.hibernate.jpa.internal.util.LogHelper  : HHH000204: Processing PersistenceUnitInfo [name: default]
2023-10-19 09:24:27.602  INFO 4076 --- [main] org.hibernate.Version                    : HHH000412: Hibernate ORM core version 5.6.10.Final
2023-10-19 09:24:27.796  INFO 4076 --- [main] o.hibernate.annotations.common.Version   : HCANN000001: Hibernate Commons Annotations {5.1.2.Final}
2023-10-19 09:24:27.905  INFO 4076 --- [main] com.zaxxer.hikari.HikariDataSource       : HikariPool-1 - Starting...
2023-10-19 09:24:28.012  INFO 4076 --- [main] com.zaxxer.hikari.HikariDataSource       : HikariPool-1 - Start completed.
2023-10-19 09:24:28.027  INFO 4076 --- [main] org.hibernate.dialect.Dialect            : HHH000400: Using dialect: org.hibernate.dialect.MariaDB103Dialect
2023-10-19 09:24:28.186  WARN 4076 --- [main] org.hibernate.cfg.AnnotationBinder       : HHH000457: Joined inheritance hierarchy [kr.dbinc.ecos.domain.member.Authorization] defined explicit @DiscriminatorColumn.  Legacy Hibernate behavior was to ignore the @DiscriminatorColumn.  However, as part of issue HHH-6911 we now apply the explicit @DiscriminatorColumn.  If you would prefer the legacy behavior, enable the `hibernate.discriminator.ignore_explicit_for_joined` setting (hibernate.discriminator.ignore_explicit_for_joined=true)
2023-10-19 09:24:28.653  INFO 4076 --- [main] org.hibernate.tuple.PojoInstantiator     : HHH000182: No default (no-argument) constructor for class: kr.dbinc.ecos.domain.security.SecurityLog (class must be instantiated by Interceptor)
2023-10-19 09:24:28.768  INFO 4076 --- [main] o.h.e.t.j.p.i.JtaPlatformInitiator       : HHH000490: Using JtaPlatform implementation: [org.hibernate.engine.transaction.jta.platform.internal.NoJtaPlatform]
2023-10-19 09:24:28.778  INFO 4076 --- [main] j.LocalContainerEntityManagerFactoryBean : Initialized JPA EntityManagerFactory for persistence unit 'default'
2023-10-19 09:24:29.975  INFO 4076 --- [main] org.reflections.Reflections              : Reflections took 259 ms to scan 1 urls, producing 74 keys and 442 values
2023-10-19 09:24:30.151  INFO 4076 --- [main] org.reflections.Reflections              : Reflections took 153 ms to scan 1 urls, producing 74 keys and 442 values
2023-10-19 09:24:30.309  INFO 4076 --- [main] org.reflections.Reflections              : Reflections took 156 ms to scan 1 urls, producing 74 keys and 442 values
2023-10-19 09:24:30.356  INFO 4076 --- [main] kr.dbinc.ecos.config.SchedulerConfig     : datSource=HikariDataSource (HikariPool-1)
2023-10-19 09:24:30.668  INFO 4076 --- [main] o.s.b.a.w.s.WelcomePageHandlerMapping    : Adding welcome page: class path resource [static/index.html]
2023-10-19 09:24:31.120  INFO 4076 --- [main] o.s.b.a.e.web.EndpointLinksResolver      : Exposing 1 endpoint(s) beneath base path '/actuator'
2023-10-19 09:24:31.404  INFO 4076 --- [main] o.s.b.w.embedded.tomcat.TomcatWebServer  : Tomcat started on port(s): 5000 (https) 9999 (http) with context path ''
2023-10-19 09:24:31.416  INFO 4076 --- [main] kr.dbinc.ecos.OcppForJavaApplication     : Started OcppForJavaApplication in 7.267 seconds (JVM running for 7.77)
2023-10-19 09:24:56.531  INFO 4076 --- [https-jsse-nio-5000-exec-3] o.a.c.c.C.[Tomcat].[localhost].[/]       : Initializing Spring DispatcherServlet 'dispatcherServlet'
2023-10-19 09:24:56.531  INFO 4076 --- [https-jsse-nio-5000-exec-3] o.s.web.servlet.DispatcherServlet        : Initializing Servlet 'dispatcherServlet'
2023-10-19 09:24:56.532  INFO 4076 --- [https-jsse-nio-5000-exec-3] o.s.web.servlet.DispatcherServlet        : Completed initialization in 1 ms
2023-10-19 09:24:58.375  INFO 4076 --- [http-nio-9999-exec-1] k.dbinc.ecos.config.SecurityInterceptor  : Connect Try Charger URI=http://localhost:9999/ocpp/1001, findLevel=0
2023-10-19 09:24:58.435  INFO 4076 --- [http-nio-9999-exec-1] k.d.e.w.h.AbstractWebSocketEndpoint      : [1001] is Connected!
2023-10-19 09:25:00.320  INFO 4076 --- [http-nio-9999-exec-2] k.d.ecos.ocpp.service.MessageLogService  : Charger=1001, Message=[2,"124","BootNotification",{"chargePointModel":"CP1", "chargePointVendor":"EZCHARGER"}]
2023-10-19 09:25:02.352  WARN 4076 --- [http-nio-9999-exec-2] .d.DefaultDnsServerAddressStreamProvider : Default DNS servers: [/8.8.8.8:53, /8.8.4.4:53] (Google Public DNS as a fallback)
2023-10-19 09:25:03.393  INFO 4076 --- [http-nio-9999-exec-2] k.d.e.o.service.MessageForwardService    : BootNotification result=ERROR
2023-10-19 09:25:03.407 ERROR 4076 --- [http-nio-9999-exec-2] k.d.e.w.handler.Ocpp16WebSocketEndpoint  : Unrecognized token 'ERROR': was expecting (JSON String, Number, Array, Object or token 'null', 'true' or 'false')
 at [Source: (String)"ERROR"; line: 1, column: 6]

kr.dbinc.ecos.ocpp.rpc.exception.InternalErrorException: Unrecognized token 'ERROR': was expecting (JSON String, Number, Array, Object or token 'null', 'true' or 'false')
 at [Source: (String)"ERROR"; line: 1, column: 6]
	at kr.dbinc.ecos.ocpp.service.MessageForwardService.bootNotification(MessageForwardService.java:59) ~[main/:na]
	at kr.dbinc.ecos.ocpp.profile.Ocpp16ServiceImpl.bootNotification(Ocpp16ServiceImpl.java:110) ~[main/:na]
	at kr.dbinc.ecos.ocpp.profile.Ocpp16ServiceImpl$$FastClassBySpringCGLIB$$4fcff954.invoke(<generated>) ~[main/:na]
	at org.springframework.cglib.proxy.MethodProxy.invoke(MethodProxy.java:218) ~[spring-core-5.3.22.jar:5.3.22]
	at org.springframework.aop.framework.CglibAopProxy$CglibMethodInvocation.invokeJoinpoint(CglibAopProxy.java:793) ~[spring-aop-5.3.22.jar:5.3.22]
	at org.springframework.aop.framework.ReflectiveMethodInvocation.proceed(ReflectiveMethodInvocation.java:163) ~[spring-aop-5.3.22.jar:5.3.22]
	at org.springframework.aop.framework.CglibAopProxy$CglibMethodInvocation.proceed(CglibAopProxy.java:763) ~[spring-aop-5.3.22.jar:5.3.22]
	at org.springframework.transaction.interceptor.TransactionInterceptor$1.proceedWithInvocation(TransactionInterceptor.java:123) ~[spring-tx-5.3.22.jar:5.3.22]
	at org.springframework.transaction.interceptor.TransactionAspectSupport.invokeWithinTransaction(TransactionAspectSupport.java:388) ~[spring-tx-5.3.22.jar:5.3.22]
	at org.springframework.transaction.interceptor.TransactionInterceptor.invoke(TransactionInterceptor.java:119) ~[spring-tx-5.3.22.jar:5.3.22]
	at org.springframework.aop.framework.ReflectiveMethodInvocation.proceed(ReflectiveMethodInvocation.java:186) ~[spring-aop-5.3.22.jar:5.3.22]
	at org.springframework.aop.framework.CglibAopProxy$CglibMethodInvocation.proceed(CglibAopProxy.java:763) ~[spring-aop-5.3.22.jar:5.3.22]
	at org.springframework.aop.framework.CglibAopProxy$DynamicAdvisedInterceptor.intercept(CglibAopProxy.java:708) ~[spring-aop-5.3.22.jar:5.3.22]
	at kr.dbinc.ecos.ocpp.profile.Ocpp16ServiceImpl$$EnhancerBySpringCGLIB$$226eb3a5.bootNotification(<generated>) ~[main/:na]
	at kr.dbinc.ecos.ocpp.rpc.MessageHandlerImpl.dispatch(MessageHandlerImpl.java:80) ~[main/:na]
	at kr.dbinc.ecos.ocpp.rpc.MessageHandlerImpl.handleMessage(MessageHandlerImpl.java:59) ~[main/:na]
	at kr.dbinc.ecos.ws.handler.Ocpp16WebSocketEndpoint.handleTextMessage(Ocpp16WebSocketEndpoint.java:68) ~[main/:na]
	at kr.dbinc.ecos.ws.handler.AbstractWebSocketEndpoint.onMessage(AbstractWebSocketEndpoint.java:27) ~[main/:na]
	at kr.dbinc.ecos.ws.handler.ConcurrentWebSocketHandler.handleMessage(ConcurrentWebSocketHandler.java:29) ~[main/:na]
	at org.springframework.web.socket.handler.WebSocketHandlerDecorator.handleMessage(WebSocketHandlerDecorator.java:75) ~[spring-websocket-5.3.22.jar:5.3.22]
	at org.springframework.web.socket.handler.LoggingWebSocketHandlerDecorator.handleMessage(LoggingWebSocketHandlerDecorator.java:56) ~[spring-websocket-5.3.22.jar:5.3.22]
	at org.springframework.web.socket.handler.ExceptionWebSocketHandlerDecorator.handleMessage(ExceptionWebSocketHandlerDecorator.java:58) ~[spring-websocket-5.3.22.jar:5.3.22]
	at org.springframework.web.socket.adapter.standard.StandardWebSocketHandlerAdapter.handleTextMessage(StandardWebSocketHandlerAdapter.java:114) ~[spring-websocket-5.3.22.jar:5.3.22]
	at org.springframework.web.socket.adapter.standard.StandardWebSocketHandlerAdapter.access$000(StandardWebSocketHandlerAdapter.java:43) ~[spring-websocket-5.3.22.jar:5.3.22]
	at org.springframework.web.socket.adapter.standard.StandardWebSocketHandlerAdapter$3.onMessage(StandardWebSocketHandlerAdapter.java:85) ~[spring-websocket-5.3.22.jar:5.3.22]
	at org.springframework.web.socket.adapter.standard.StandardWebSocketHandlerAdapter$3.onMessage(StandardWebSocketHandlerAdapter.java:82) ~[spring-websocket-5.3.22.jar:5.3.22]
	at org.apache.tomcat.websocket.WsFrameBase.sendMessageText(WsFrameBase.java:415) ~[tomcat-embed-websocket-9.0.65.jar:9.0.65]
	at org.apache.tomcat.websocket.server.WsFrameServer.sendMessageText(WsFrameServer.java:129) ~[tomcat-embed-websocket-9.0.65.jar:9.0.65]
	at org.apache.tomcat.websocket.WsFrameBase.processDataText(WsFrameBase.java:515) ~[tomcat-embed-websocket-9.0.65.jar:9.0.65]
	at org.apache.tomcat.websocket.WsFrameBase.processData(WsFrameBase.java:301) ~[tomcat-embed-websocket-9.0.65.jar:9.0.65]
	at org.apache.tomcat.websocket.WsFrameBase.processInputBuffer(WsFrameBase.java:133) ~[tomcat-embed-websocket-9.0.65.jar:9.0.65]
	at org.apache.tomcat.websocket.server.WsFrameServer.onDataAvailable(WsFrameServer.java:85) ~[tomcat-embed-websocket-9.0.65.jar:9.0.65]
	at org.apache.tomcat.websocket.server.WsFrameServer.doOnDataAvailable(WsFrameServer.java:183) ~[tomcat-embed-websocket-9.0.65.jar:9.0.65]
	at org.apache.tomcat.websocket.server.WsFrameServer.notifyDataAvailable(WsFrameServer.java:162) ~[tomcat-embed-websocket-9.0.65.jar:9.0.65]
	at org.apache.tomcat.websocket.server.WsHttpUpgradeHandler.upgradeDispatch(WsHttpUpgradeHandler.java:157) ~[tomcat-embed-websocket-9.0.65.jar:9.0.65]
	at org.apache.coyote.http11.upgrade.UpgradeProcessorInternal.dispatch(UpgradeProcessorInternal.java:60) ~[tomcat-embed-core-9.0.65.jar:9.0.65]
	at org.apache.coyote.AbstractProcessorLight.process(AbstractProcessorLight.java:59) ~[tomcat-embed-core-9.0.65.jar:9.0.65]
	at org.apache.coyote.AbstractProtocol$ConnectionHandler.process(AbstractProtocol.java:890) ~[tomcat-embed-core-9.0.65.jar:9.0.65]
	at org.apache.tomcat.util.net.NioEndpoint$SocketProcessor.doRun(NioEndpoint.java:1789) ~[tomcat-embed-core-9.0.65.jar:9.0.65]
	at org.apache.tomcat.util.net.SocketProcessorBase.run(SocketProcessorBase.java:49) ~[tomcat-embed-core-9.0.65.jar:9.0.65]
	at org.apache.tomcat.util.threads.ThreadPoolExecutor.runWorker(ThreadPoolExecutor.java:1191) ~[tomcat-embed-core-9.0.65.jar:9.0.65]
	at org.apache.tomcat.util.threads.ThreadPoolExecutor$Worker.run(ThreadPoolExecutor.java:659) ~[tomcat-embed-core-9.0.65.jar:9.0.65]
	at org.apache.tomcat.util.threads.TaskThread$WrappingRunnable.run(TaskThread.java:61) ~[tomcat-embed-core-9.0.65.jar:9.0.65]
	at java.base/java.lang.Thread.run(Thread.java:834) ~[na:na]
Caused by: com.fasterxml.jackson.core.JsonParseException: Unrecognized token 'ERROR': was expecting (JSON String, Number, Array, Object or token 'null', 'true' or 'false')
 at [Source: (String)"ERROR"; line: 1, column: 6]
	at com.fasterxml.jackson.core.JsonParser._constructError(JsonParser.java:2391) ~[jackson-core-2.13.3.jar:2.13.3]
	at com.fasterxml.jackson.core.base.ParserMinimalBase._reportError(ParserMinimalBase.java:745) ~[jackson-core-2.13.3.jar:2.13.3]
	at com.fasterxml.jackson.core.json.ReaderBasedJsonParser._reportInvalidToken(ReaderBasedJsonParser.java:2961) ~[jackson-core-2.13.3.jar:2.13.3]
	at com.fasterxml.jackson.core.json.ReaderBasedJsonParser._handleOddValue(ReaderBasedJsonParser.java:2002) ~[jackson-core-2.13.3.jar:2.13.3]
	at com.fasterxml.jackson.core.json.ReaderBasedJsonParser.nextToken(ReaderBasedJsonParser.java:802) ~[jackson-core-2.13.3.jar:2.13.3]
	at com.fasterxml.jackson.databind.ObjectMapper._initForReading(ObjectMapper.java:4761) ~[jackson-databind-2.13.3.jar:2.13.3]
	at com.fasterxml.jackson.databind.ObjectMapper._readMapAndClose(ObjectMapper.java:4667) ~[jackson-databind-2.13.3.jar:2.13.3]
	at com.fasterxml.jackson.databind.ObjectMapper.readValue(ObjectMapper.java:3629) ~[jackson-databind-2.13.3.jar:2.13.3]
	at com.fasterxml.jackson.databind.ObjectMapper.readValue(ObjectMapper.java:3597) ~[jackson-databind-2.13.3.jar:2.13.3]
	at kr.dbinc.ecos.ocpp.service.MessageForwardService.bootNotification(MessageForwardService.java:57) ~[main/:na]
	... 43 common frames omitted

2023-10-19 09:25:03.429  INFO 4076 --- [http-nio-9999-exec-2] k.d.ecos.ocpp.service.MessageLogService  : Charger=1001, Message=[4,"124","InternalError","Unrecognized token 'ERROR': was expecting (JSON String, Number, Array, Object or token 'null', 'true' or 'false')\n at [Source: (String)\"ERROR\"; line: 1, column: 6]","{}"]
2023-10-19 09:27:57.039  INFO 4076 --- [http-nio-9999-exec-3] k.d.ecos.ocpp.service.MessageLogService  : Charger=1001, Message=[2,"124","BootNotification",{"chargePointModel":"CP1", "chargePointVendor":"EZCHARGER"}]
2023-10-19 09:27:57.316  INFO 4076 --- [http-nio-9999-exec-3] k.d.e.o.service.MessageForwardService    : BootNotification result={"currentTime":1697675277178,"Interval":120,"status":"Accepted"}
2023-10-19 09:27:57.362  INFO 4076 --- [http-nio-9999-exec-3] k.d.ecos.ocpp.service.MessageLogService  : Charger=1001, Message=[3,"124",{"currentTime":"+55767-03-10T09:52:58Z","interval":120,"status":"Accepted"}]
2023-10-19 09:29:44.853  INFO 4076 --- [http-nio-9999-exec-4] k.d.ecos.ocpp.service.MessageLogService  : Charger=1001, Message=[2,"124","BootNotification",{"chargePointModel":"CP1", "chargePointVendor":"EZCHARGER"}]
2023-10-19 09:29:44.912  INFO 4076 --- [http-nio-9999-exec-4] k.d.e.o.service.MessageForwardService    : BootNotification result={"currentTime":1697675384909,"Interval":120,"status":"Accepted"}
2023-10-19 09:29:45.162  INFO 4076 --- [http-nio-9999-exec-4] k.d.ecos.ocpp.service.MessageLogService  : Charger=1001, Message=[3,"124",{"currentTime":"+55767-03-11T15:48:29Z","interval":120,"status":"Accepted"}]
2023-10-19 09:29:58.977  INFO 4076 --- [http-nio-9999-exec-5] k.d.e.w.h.AbstractWebSocketEndpoint      : [1001] is Disconnected!
2023-10-19 09:30:04.328  INFO 4076 --- [http-nio-9999-exec-6] k.dbinc.ecos.config.SecurityInterceptor  : Connect Try Charger URI=http://localhost:9999/ocpp/1001, findLevel=0
2023-10-19 09:30:04.330  INFO 4076 --- [http-nio-9999-exec-6] k.d.e.w.h.AbstractWebSocketEndpoint      : [1001] is Connected!
2023-10-19 09:30:08.913  INFO 4076 --- [http-nio-9999-exec-10] k.d.ecos.ocpp.service.MessageLogService  : Charger=1001, Message=[2,"124","BootNotification",{"chargePointModel":"CP1", "chargePointVendor":"EZCHARGER"}]
2023-10-19 09:30:08.964  INFO 4076 --- [http-nio-9999-exec-10] k.d.e.o.service.MessageForwardService    : BootNotification result={"currentTime":1697675408961,"Interval":120,"status":"Accepted"}
2023-10-19 09:30:08.994  INFO 4076 --- [http-nio-9999-exec-10] k.d.ecos.ocpp.service.MessageLogService  : Charger=1001, Message=[3,"124",{"currentTime":"+55767-03-11T22:29:21Z","interval":120,"status":"Accepted"}]
2023-10-19 12:09:01.952  INFO 4076 --- [http-nio-9999-exec-8] k.d.e.w.h.AbstractWebSocketEndpoint      : [1001] is Disconnected!
2023-10-19 17:22:27.000  INFO 4076 --- [http-nio-9999-exec-9] k.dbinc.ecos.config.SecurityInterceptor  : Connect Try Charger URI=http://localhost:9999/ocpp/1001, findLevel=0
2023-10-19 17:22:27.020  INFO 4076 --- [http-nio-9999-exec-9] k.d.e.w.h.AbstractWebSocketEndpoint      : [1001] is Connected!
2023-10-19 17:22:33.813  WARN 4076 --- [http-nio-9999-exec-7] com.zaxxer.hikari.pool.PoolBase          : HikariPool-1 - Failed to validate connection org.mariadb.jdbc.Connection@b78473 ((conn=182741) Connection.setNetworkTimeout cannot be called on a closed connection). Possibly consider using a shorter maxLifetime value.
2023-10-19 17:22:33.816  WARN 4076 --- [http-nio-9999-exec-7] com.zaxxer.hikari.pool.PoolBase          : HikariPool-1 - Failed to validate connection org.mariadb.jdbc.Connection@35dfe419 ((conn=182742) Connection.setNetworkTimeout cannot be called on a closed connection). Possibly consider using a shorter maxLifetime value.
2023-10-19 17:22:33.818  WARN 4076 --- [http-nio-9999-exec-7] com.zaxxer.hikari.pool.PoolBase          : HikariPool-1 - Failed to validate connection org.mariadb.jdbc.Connection@4ca89157 ((conn=182743) Connection.setNetworkTimeout cannot be called on a closed connection). Possibly consider using a shorter maxLifetime value.
2023-10-19 17:22:33.818  WARN 4076 --- [http-nio-9999-exec-7] com.zaxxer.hikari.pool.PoolBase          : HikariPool-1 - Failed to validate connection org.mariadb.jdbc.Connection@708010ad ((conn=182744) Connection.setNetworkTimeout cannot be called on a closed connection). Possibly consider using a shorter maxLifetime value.
2023-10-19 17:22:33.818  WARN 4076 --- [http-nio-9999-exec-7] com.zaxxer.hikari.pool.PoolBase          : HikariPool-1 - Failed to validate connection org.mariadb.jdbc.Connection@5f19e19d ((conn=182745) Connection.setNetworkTimeout cannot be called on a closed connection). Possibly consider using a shorter maxLifetime value.
2023-10-19 17:22:33.818  WARN 4076 --- [http-nio-9999-exec-7] com.zaxxer.hikari.pool.PoolBase          : HikariPool-1 - Failed to validate connection org.mariadb.jdbc.Connection@15ac294b ((conn=182746) Connection.setNetworkTimeout cannot be called on a closed connection). Possibly consider using a shorter maxLifetime value.
2023-10-19 17:22:33.820  WARN 4076 --- [http-nio-9999-exec-7] com.zaxxer.hikari.pool.PoolBase          : HikariPool-1 - Failed to validate connection org.mariadb.jdbc.Connection@1d863080 ((conn=182747) Connection.setNetworkTimeout cannot be called on a closed connection). Possibly consider using a shorter maxLifetime value.
2023-10-19 17:22:33.821  WARN 4076 --- [http-nio-9999-exec-7] com.zaxxer.hikari.pool.PoolBase          : HikariPool-1 - Failed to validate connection org.mariadb.jdbc.Connection@6d735ee5 ((conn=182748) Connection.setNetworkTimeout cannot be called on a closed connection). Possibly consider using a shorter maxLifetime value.
2023-10-19 17:22:33.877  INFO 4076 --- [http-nio-9999-exec-7] k.d.ecos.ocpp.service.MessageLogService  : Charger=1001, Message=[2,"124","BootNotification",{"chargePointModel":"CP1", "chargePointVendor":"EZCHARGER"}]
2023-10-19 17:22:34.035  INFO 4076 --- [http-nio-9999-exec-7] k.d.e.o.service.MessageForwardService    : BootNotification result={"currentTime":1697703754019,"Interval":120,"status":"Accepted"}
2023-10-19 17:22:34.064  INFO 4076 --- [http-nio-9999-exec-7] k.d.ecos.ocpp.service.MessageLogService  : Charger=1001, Message=[3,"124",{"currentTime":"+55768-02-03T00:06:59Z","interval":120,"status":"Accepted"}]
2023-10-19 17:22:50.174  INFO 4076 --- [http-nio-9999-exec-1] k.d.ecos.ocpp.service.MessageLogService  : Charger=1001, Message=[2,"124","BootNotification",{"chargePointModel":"CP1", "chargePointVendor":"EZCHARGER"}]
2023-10-19 17:22:50.229  INFO 4076 --- [http-nio-9999-exec-1] k.d.e.o.service.MessageForwardService    : BootNotification result={"currentTime":1697703770226,"Interval":120,"status":"Accepted"}
2023-10-19 17:22:50.259  INFO 4076 --- [http-nio-9999-exec-1] k.d.ecos.ocpp.service.MessageLogService  : Charger=1001, Message=[3,"124",{"currentTime":"+55768-02-03T04:37:06Z","interval":120,"status":"Accepted"}]
2023-10-19 17:23:07.003  INFO 4076 --- [http-nio-9999-exec-2] k.d.ecos.ocpp.service.MessageLogService  : Charger=1001, Message=[2,"124","BootNotification",{"chargePointModel":"CP1", "chargePointVendor":"EZCHARGER"}]
2023-10-19 17:23:07.055  INFO 4076 --- [http-nio-9999-exec-2] k.d.e.o.service.MessageForwardService    : BootNotification result={"currentTime":1697703787051,"Interval":120,"status":"Accepted"}
2023-10-19 17:23:07.090  INFO 4076 --- [http-nio-9999-exec-2] k.d.ecos.ocpp.service.MessageLogService  : Charger=1001, Message=[3,"124",{"currentTime":"+55768-02-03T09:17:31Z","interval":120,"status":"Accepted"}]
2023-10-19 17:25:24.437  INFO 17884 --- [main] kr.dbinc.ecos.OcppForJavaApplication     : Starting OcppForJavaApplication using Java 11.0.18 on DESKTOP-OBR6GFG with PID 17884 (D:\StsWorkspace\ecos-ocpp-server\build\classes\java\main started by Jerad in D:\StsWorkspace\ecos-ocpp-server)
2023-10-19 17:25:24.439  INFO 17884 --- [main] kr.dbinc.ecos.OcppForJavaApplication     : No active profile set, falling back to 1 default profile: "default"
2023-10-19 17:25:25.622  INFO 17884 --- [main] .s.d.r.c.RepositoryConfigurationDelegate : Bootstrapping Spring Data JPA repositories in DEFAULT mode.
2023-10-19 17:25:25.821  INFO 17884 --- [main] .s.d.r.c.RepositoryConfigurationDelegate : Finished Spring Data repository scanning in 193 ms. Found 23 JPA repository interfaces.
2023-10-19 17:25:26.159  INFO 17884 --- [main] kr.dbinc.ecos.config.ConnectorConfig     : HTTP port setup to 9999
2023-10-19 17:25:26.957  INFO 17884 --- [main] o.s.b.w.embedded.tomcat.TomcatWebServer  : Tomcat initialized with port(s): 5000 (https) 9999 (http)
2023-10-19 17:25:26.992 ERROR 17884 --- [main] org.apache.catalina.util.LifecycleBase   : Failed to initialize component [Connector[HTTP/1.1-9999]]

org.apache.catalina.LifecycleException: Protocol handler initialization failed
	at org.apache.catalina.connector.Connector.initInternal(Connector.java:1051) ~[tomcat-embed-core-9.0.65.jar:9.0.65]
	at org.apache.catalina.util.LifecycleBase.init(LifecycleBase.java:136) ~[tomcat-embed-core-9.0.65.jar:9.0.65]
	at org.apache.catalina.core.StandardService.initInternal(StandardService.java:556) ~[tomcat-embed-core-9.0.65.jar:9.0.65]
	at org.apache.catalina.util.LifecycleBase.init(LifecycleBase.java:136) ~[tomcat-embed-core-9.0.65.jar:9.0.65]
	at org.apache.catalina.core.StandardServer.initInternal(StandardServer.java:1045) ~[tomcat-embed-core-9.0.65.jar:9.0.65]
	at org.apache.catalina.util.LifecycleBase.init(LifecycleBase.java:136) ~[tomcat-embed-core-9.0.65.jar:9.0.65]
	at org.apache.catalina.util.LifecycleBase.start(LifecycleBase.java:173) ~[tomcat-embed-core-9.0.65.jar:9.0.65]
	at org.apache.catalina.startup.Tomcat.start(Tomcat.java:486) ~[tomcat-embed-core-9.0.65.jar:9.0.65]
	at org.springframework.boot.web.embedded.tomcat.TomcatWebServer.initialize(TomcatWebServer.java:123) ~[spring-boot-2.7.2.jar:2.7.2]
	at org.springframework.boot.web.embedded.tomcat.TomcatWebServer.<init>(TomcatWebServer.java:104) ~[spring-boot-2.7.2.jar:2.7.2]
	at org.springframework.boot.web.embedded.tomcat.TomcatServletWebServerFactory.getTomcatWebServer(TomcatServletWebServerFactory.java:479) ~[spring-boot-2.7.2.jar:2.7.2]
	at org.springframework.boot.web.embedded.tomcat.TomcatServletWebServerFactory.getWebServer(TomcatServletWebServerFactory.java:211) ~[spring-boot-2.7.2.jar:2.7.2]
	at org.springframework.boot.web.servlet.context.ServletWebServerApplicationContext.createWebServer(ServletWebServerApplicationContext.java:184) ~[spring-boot-2.7.2.jar:2.7.2]
	at org.springframework.boot.web.servlet.context.ServletWebServerApplicationContext.onRefresh(ServletWebServerApplicationContext.java:162) ~[spring-boot-2.7.2.jar:2.7.2]
	at org.springframework.context.support.AbstractApplicationContext.refresh(AbstractApplicationContext.java:577) ~[spring-context-5.3.22.jar:5.3.22]
	at org.springframework.boot.web.servlet.context.ServletWebServerApplicationContext.refresh(ServletWebServerApplicationContext.java:147) ~[spring-boot-2.7.2.jar:2.7.2]
	at org.springframework.boot.SpringApplication.refresh(SpringApplication.java:734) ~[spring-boot-2.7.2.jar:2.7.2]
	at org.springframework.boot.SpringApplication.refreshContext(SpringApplication.java:408) ~[spring-boot-2.7.2.jar:2.7.2]
	at org.springframework.boot.SpringApplication.run(SpringApplication.java:308) ~[spring-boot-2.7.2.jar:2.7.2]
	at org.springframework.boot.SpringApplication.run(SpringApplication.java:1306) ~[spring-boot-2.7.2.jar:2.7.2]
	at org.springframework.boot.SpringApplication.run(SpringApplication.java:1295) ~[spring-boot-2.7.2.jar:2.7.2]
	at kr.dbinc.ecos.OcppForJavaApplication.main(OcppForJavaApplication.java:20) ~[main/:na]
Caused by: java.net.BindException: Address already in use: bind
	at java.base/sun.nio.ch.Net.bind0(Native Method) ~[na:na]
	at java.base/sun.nio.ch.Net.bind(Net.java:459) ~[na:na]
	at java.base/sun.nio.ch.Net.bind(Net.java:448) ~[na:na]
	at java.base/sun.nio.ch.ServerSocketChannelImpl.bind(ServerSocketChannelImpl.java:227) ~[na:na]
	at org.apache.tomcat.util.net.NioEndpoint.initServerSocket(NioEndpoint.java:275) ~[tomcat-embed-core-9.0.65.jar:9.0.65]
	at org.apache.tomcat.util.net.NioEndpoint.bind(NioEndpoint.java:230) ~[tomcat-embed-core-9.0.65.jar:9.0.65]
	at org.apache.tomcat.util.net.AbstractEndpoint.bindWithCleanup(AbstractEndpoint.java:1227) ~[tomcat-embed-core-9.0.65.jar:9.0.65]
	at org.apache.tomcat.util.net.AbstractEndpoint.init(AbstractEndpoint.java:1240) ~[tomcat-embed-core-9.0.65.jar:9.0.65]
	at org.apache.coyote.AbstractProtocol.init(AbstractProtocol.java:603) ~[tomcat-embed-core-9.0.65.jar:9.0.65]
	at org.apache.coyote.http11.AbstractHttp11Protocol.init(AbstractHttp11Protocol.java:80) ~[tomcat-embed-core-9.0.65.jar:9.0.65]
	at org.apache.catalina.connector.Connector.initInternal(Connector.java:1048) ~[tomcat-embed-core-9.0.65.jar:9.0.65]
	... 21 common frames omitted

2023-10-19 17:25:26.993  INFO 17884 --- [main] o.apache.catalina.core.StandardService   : Starting service [Tomcat]
2023-10-19 17:25:26.993  INFO 17884 --- [main] org.apache.catalina.core.StandardEngine  : Starting Servlet engine: [Apache Tomcat/9.0.65]
2023-10-19 17:25:27.129  INFO 17884 --- [main] o.a.c.c.C.[Tomcat].[localhost].[/]       : Initializing Spring embedded WebApplicationContext
2023-10-19 17:25:27.129  INFO 17884 --- [main] w.s.c.ServletWebServerApplicationContext : Root WebApplicationContext: initialization completed in 2632 ms
2023-10-19 17:25:27.406  INFO 17884 --- [main] o.hibernate.jpa.internal.util.LogHelper  : HHH000204: Processing PersistenceUnitInfo [name: default]
2023-10-19 17:25:27.465  INFO 17884 --- [main] org.hibernate.Version                    : HHH000412: Hibernate ORM core version 5.6.10.Final
2023-10-19 17:25:27.658  INFO 17884 --- [main] o.hibernate.annotations.common.Version   : HCANN000001: Hibernate Commons Annotations {5.1.2.Final}
2023-10-19 17:25:27.759  INFO 17884 --- [main] com.zaxxer.hikari.HikariDataSource       : HikariPool-1 - Starting...
2023-10-19 17:25:27.877  INFO 17884 --- [main] com.zaxxer.hikari.HikariDataSource       : HikariPool-1 - Start completed.
2023-10-19 17:25:27.893  INFO 17884 --- [main] org.hibernate.dialect.Dialect            : HHH000400: Using dialect: org.hibernate.dialect.MariaDB103Dialect
2023-10-19 17:25:28.047  WARN 17884 --- [main] org.hibernate.cfg.AnnotationBinder       : HHH000457: Joined inheritance hierarchy [kr.dbinc.ecos.domain.member.Authorization] defined explicit @DiscriminatorColumn.  Legacy Hibernate behavior was to ignore the @DiscriminatorColumn.  However, as part of issue HHH-6911 we now apply the explicit @DiscriminatorColumn.  If you would prefer the legacy behavior, enable the `hibernate.discriminator.ignore_explicit_for_joined` setting (hibernate.discriminator.ignore_explicit_for_joined=true)
2023-10-19 17:25:28.509  INFO 17884 --- [main] org.hibernate.tuple.PojoInstantiator     : HHH000182: No default (no-argument) constructor for class: kr.dbinc.ecos.domain.security.SecurityLog (class must be instantiated by Interceptor)
2023-10-19 17:25:28.658  INFO 17884 --- [main] o.h.e.t.j.p.i.JtaPlatformInitiator       : HHH000490: Using JtaPlatform implementation: [org.hibernate.engine.transaction.jta.platform.internal.NoJtaPlatform]
2023-10-19 17:25:28.666  INFO 17884 --- [main] j.LocalContainerEntityManagerFactoryBean : Initialized JPA EntityManagerFactory for persistence unit 'default'
2023-10-19 17:25:29.888  INFO 17884 --- [main] org.reflections.Reflections              : Reflections took 232 ms to scan 1 urls, producing 74 keys and 442 values
2023-10-19 17:25:30.105  INFO 17884 --- [main] org.reflections.Reflections              : Reflections took 182 ms to scan 1 urls, producing 74 keys and 442 values
2023-10-19 17:25:30.281  INFO 17884 --- [main] org.reflections.Reflections              : Reflections took 175 ms to scan 1 urls, producing 74 keys and 442 values
2023-10-19 17:25:30.333  INFO 17884 --- [main] kr.dbinc.ecos.config.SchedulerConfig     : datSource=HikariDataSource (HikariPool-1)
2023-10-19 17:25:30.648  INFO 17884 --- [main] o.s.b.a.w.s.WelcomePageHandlerMapping    : Adding welcome page: class path resource [static/index.html]
2023-10-19 17:25:31.105  INFO 17884 --- [main] o.s.b.a.e.web.EndpointLinksResolver      : Exposing 1 endpoint(s) beneath base path '/actuator'
2023-10-19 17:25:31.132  WARN 17884 --- [main] ConfigServletWebServerApplicationContext : Exception encountered during context initialization - cancelling refresh attempt: org.springframework.context.ApplicationContextException: Failed to start bean 'webServerStartStop'; nested exception is org.springframework.boot.web.server.PortInUseException: Port 5000 is already in use
2023-10-19 17:25:31.149  INFO 17884 --- [main] j.LocalContainerEntityManagerFactoryBean : Closing JPA EntityManagerFactory for persistence unit 'default'
2023-10-19 17:25:31.151  INFO 17884 --- [main] com.zaxxer.hikari.HikariDataSource       : HikariPool-1 - Shutdown initiated...
2023-10-19 17:25:31.227  INFO 17884 --- [main] com.zaxxer.hikari.HikariDataSource       : HikariPool-1 - Shutdown completed.
2023-10-19 17:25:31.228  INFO 17884 --- [main] o.apache.catalina.core.StandardService   : Stopping service [Tomcat]
2023-10-19 17:25:31.242  INFO 17884 --- [main] ConditionEvaluationReportLoggingListener : 

Error starting ApplicationContext. To display the conditions report re-run your application with 'debug' enabled.
2023-10-19 17:25:31.266 ERROR 17884 --- [main] o.s.b.d.LoggingFailureAnalysisReporter   : 

***************************
APPLICATION FAILED TO START
***************************

Description:

Web server failed to start. Port 5000 was already in use.

Action:

Identify and stop the process that's listening on port 5000 or configure this application to listen on another port.

2023-10-19 17:31:10.110  INFO 15844 --- [main] kr.dbinc.ecos.OcppForJavaApplication     : Starting OcppForJavaApplication using Java 11.0.18 on DESKTOP-OBR6GFG with PID 15844 (D:\StsWorkspace\ecos-ocpp-server\build\classes\java\main started by Jerad in D:\StsWorkspace\ecos-ocpp-server)
2023-10-19 17:31:10.115  INFO 15844 --- [main] kr.dbinc.ecos.OcppForJavaApplication     : No active profile set, falling back to 1 default profile: "default"
2023-10-19 17:31:11.194  INFO 15844 --- [main] .s.d.r.c.RepositoryConfigurationDelegate : Bootstrapping Spring Data JPA repositories in DEFAULT mode.
2023-10-19 17:31:11.428  INFO 15844 --- [main] .s.d.r.c.RepositoryConfigurationDelegate : Finished Spring Data repository scanning in 223 ms. Found 23 JPA repository interfaces.
2023-10-19 17:31:11.776  INFO 15844 --- [main] kr.dbinc.ecos.config.ConnectorConfig     : HTTP port setup to 9999
2023-10-19 17:31:12.645  INFO 15844 --- [main] o.s.b.w.embedded.tomcat.TomcatWebServer  : Tomcat initialized with port(s): 5000 (https) 9999 (http)
2023-10-19 17:31:12.663 ERROR 15844 --- [main] org.apache.catalina.util.LifecycleBase   : Failed to initialize component [Connector[HTTP/1.1-9999]]

org.apache.catalina.LifecycleException: Protocol handler initialization failed
	at org.apache.catalina.connector.Connector.initInternal(Connector.java:1051) ~[tomcat-embed-core-9.0.65.jar:9.0.65]
	at org.apache.catalina.util.LifecycleBase.init(LifecycleBase.java:136) ~[tomcat-embed-core-9.0.65.jar:9.0.65]
	at org.apache.catalina.core.StandardService.initInternal(StandardService.java:556) ~[tomcat-embed-core-9.0.65.jar:9.0.65]
	at org.apache.catalina.util.LifecycleBase.init(LifecycleBase.java:136) ~[tomcat-embed-core-9.0.65.jar:9.0.65]
	at org.apache.catalina.core.StandardServer.initInternal(StandardServer.java:1045) ~[tomcat-embed-core-9.0.65.jar:9.0.65]
	at org.apache.catalina.util.LifecycleBase.init(LifecycleBase.java:136) ~[tomcat-embed-core-9.0.65.jar:9.0.65]
	at org.apache.catalina.util.LifecycleBase.start(LifecycleBase.java:173) ~[tomcat-embed-core-9.0.65.jar:9.0.65]
	at org.apache.catalina.startup.Tomcat.start(Tomcat.java:486) ~[tomcat-embed-core-9.0.65.jar:9.0.65]
	at org.springframework.boot.web.embedded.tomcat.TomcatWebServer.initialize(TomcatWebServer.java:123) ~[spring-boot-2.7.2.jar:2.7.2]
	at org.springframework.boot.web.embedded.tomcat.TomcatWebServer.<init>(TomcatWebServer.java:104) ~[spring-boot-2.7.2.jar:2.7.2]
	at org.springframework.boot.web.embedded.tomcat.TomcatServletWebServerFactory.getTomcatWebServer(TomcatServletWebServerFactory.java:479) ~[spring-boot-2.7.2.jar:2.7.2]
	at org.springframework.boot.web.embedded.tomcat.TomcatServletWebServerFactory.getWebServer(TomcatServletWebServerFactory.java:211) ~[spring-boot-2.7.2.jar:2.7.2]
	at org.springframework.boot.web.servlet.context.ServletWebServerApplicationContext.createWebServer(ServletWebServerApplicationContext.java:184) ~[spring-boot-2.7.2.jar:2.7.2]
	at org.springframework.boot.web.servlet.context.ServletWebServerApplicationContext.onRefresh(ServletWebServerApplicationContext.java:162) ~[spring-boot-2.7.2.jar:2.7.2]
	at org.springframework.context.support.AbstractApplicationContext.refresh(AbstractApplicationContext.java:577) ~[spring-context-5.3.22.jar:5.3.22]
	at org.springframework.boot.web.servlet.context.ServletWebServerApplicationContext.refresh(ServletWebServerApplicationContext.java:147) ~[spring-boot-2.7.2.jar:2.7.2]
	at org.springframework.boot.SpringApplication.refresh(SpringApplication.java:734) ~[spring-boot-2.7.2.jar:2.7.2]
	at org.springframework.boot.SpringApplication.refreshContext(SpringApplication.java:408) ~[spring-boot-2.7.2.jar:2.7.2]
	at org.springframework.boot.SpringApplication.run(SpringApplication.java:308) ~[spring-boot-2.7.2.jar:2.7.2]
	at org.springframework.boot.SpringApplication.run(SpringApplication.java:1306) ~[spring-boot-2.7.2.jar:2.7.2]
	at org.springframework.boot.SpringApplication.run(SpringApplication.java:1295) ~[spring-boot-2.7.2.jar:2.7.2]
	at kr.dbinc.ecos.OcppForJavaApplication.main(OcppForJavaApplication.java:20) ~[main/:na]
Caused by: java.net.BindException: Address already in use: bind
	at java.base/sun.nio.ch.Net.bind0(Native Method) ~[na:na]
	at java.base/sun.nio.ch.Net.bind(Net.java:459) ~[na:na]
	at java.base/sun.nio.ch.Net.bind(Net.java:448) ~[na:na]
	at java.base/sun.nio.ch.ServerSocketChannelImpl.bind(ServerSocketChannelImpl.java:227) ~[na:na]
	at org.apache.tomcat.util.net.NioEndpoint.initServerSocket(NioEndpoint.java:275) ~[tomcat-embed-core-9.0.65.jar:9.0.65]
	at org.apache.tomcat.util.net.NioEndpoint.bind(NioEndpoint.java:230) ~[tomcat-embed-core-9.0.65.jar:9.0.65]
	at org.apache.tomcat.util.net.AbstractEndpoint.bindWithCleanup(AbstractEndpoint.java:1227) ~[tomcat-embed-core-9.0.65.jar:9.0.65]
	at org.apache.tomcat.util.net.AbstractEndpoint.init(AbstractEndpoint.java:1240) ~[tomcat-embed-core-9.0.65.jar:9.0.65]
	at org.apache.coyote.AbstractProtocol.init(AbstractProtocol.java:603) ~[tomcat-embed-core-9.0.65.jar:9.0.65]
	at org.apache.coyote.http11.AbstractHttp11Protocol.init(AbstractHttp11Protocol.java:80) ~[tomcat-embed-core-9.0.65.jar:9.0.65]
	at org.apache.catalina.connector.Connector.initInternal(Connector.java:1048) ~[tomcat-embed-core-9.0.65.jar:9.0.65]
	... 21 common frames omitted

2023-10-19 17:31:12.664  INFO 15844 --- [main] o.apache.catalina.core.StandardService   : Starting service [Tomcat]
2023-10-19 17:31:12.664  INFO 15844 --- [main] org.apache.catalina.core.StandardEngine  : Starting Servlet engine: [Apache Tomcat/9.0.65]
2023-10-19 17:31:12.851  INFO 15844 --- [main] o.a.c.c.C.[Tomcat].[localhost].[/]       : Initializing Spring embedded WebApplicationContext
2023-10-19 17:31:12.851  INFO 15844 --- [main] w.s.c.ServletWebServerApplicationContext : Root WebApplicationContext: initialization completed in 2680 ms
2023-10-19 17:31:13.168  INFO 15844 --- [main] o.hibernate.jpa.internal.util.LogHelper  : HHH000204: Processing PersistenceUnitInfo [name: default]
2023-10-19 17:31:13.194  INFO 15844 --- [main] org.hibernate.Version                    : HHH000412: Hibernate ORM core version 5.6.10.Final
2023-10-19 17:31:13.290  INFO 15844 --- [main] o.hibernate.annotations.common.Version   : HCANN000001: Hibernate Commons Annotations {5.1.2.Final}
2023-10-19 17:31:13.354  INFO 15844 --- [main] com.zaxxer.hikari.HikariDataSource       : HikariPool-1 - Starting...
2023-10-19 17:31:13.439  INFO 15844 --- [main] com.zaxxer.hikari.HikariDataSource       : HikariPool-1 - Start completed.
2023-10-19 17:31:13.450  INFO 15844 --- [main] org.hibernate.dialect.Dialect            : HHH000400: Using dialect: org.hibernate.dialect.MariaDB103Dialect
2023-10-19 17:31:13.579  WARN 15844 --- [main] org.hibernate.cfg.AnnotationBinder       : HHH000457: Joined inheritance hierarchy [kr.dbinc.ecos.domain.member.Authorization] defined explicit @DiscriminatorColumn.  Legacy Hibernate behavior was to ignore the @DiscriminatorColumn.  However, as part of issue HHH-6911 we now apply the explicit @DiscriminatorColumn.  If you would prefer the legacy behavior, enable the `hibernate.discriminator.ignore_explicit_for_joined` setting (hibernate.discriminator.ignore_explicit_for_joined=true)
2023-10-19 17:31:13.961  INFO 15844 --- [main] org.hibernate.tuple.PojoInstantiator     : HHH000182: No default (no-argument) constructor for class: kr.dbinc.ecos.domain.security.SecurityLog (class must be instantiated by Interceptor)
2023-10-19 17:31:14.092  INFO 15844 --- [main] o.h.e.t.j.p.i.JtaPlatformInitiator       : HHH000490: Using JtaPlatform implementation: [org.hibernate.engine.transaction.jta.platform.internal.NoJtaPlatform]
2023-10-19 17:31:14.100  INFO 15844 --- [main] j.LocalContainerEntityManagerFactoryBean : Initialized JPA EntityManagerFactory for persistence unit 'default'
2023-10-19 17:31:15.275  INFO 15844 --- [main] org.reflections.Reflections              : Reflections took 243 ms to scan 1 urls, producing 74 keys and 442 values
2023-10-19 17:31:15.485  INFO 15844 --- [main] org.reflections.Reflections              : Reflections took 194 ms to scan 1 urls, producing 74 keys and 442 values
2023-10-19 17:31:15.673  INFO 15844 --- [main] org.reflections.Reflections              : Reflections took 185 ms to scan 1 urls, producing 74 keys and 442 values
2023-10-19 17:31:15.722  INFO 15844 --- [main] kr.dbinc.ecos.config.SchedulerConfig     : datSource=HikariDataSource (HikariPool-1)
2023-10-19 17:31:16.114  INFO 15844 --- [main] o.s.b.a.w.s.WelcomePageHandlerMapping    : Adding welcome page: class path resource [static/index.html]
2023-10-19 17:31:16.565  INFO 15844 --- [main] o.s.b.a.e.web.EndpointLinksResolver      : Exposing 1 endpoint(s) beneath base path '/actuator'
2023-10-19 17:31:16.599  WARN 15844 --- [main] ConfigServletWebServerApplicationContext : Exception encountered during context initialization - cancelling refresh attempt: org.springframework.context.ApplicationContextException: Failed to start bean 'webServerStartStop'; nested exception is org.springframework.boot.web.server.PortInUseException: Port 5000 is already in use
2023-10-19 17:31:16.615  INFO 15844 --- [main] j.LocalContainerEntityManagerFactoryBean : Closing JPA EntityManagerFactory for persistence unit 'default'
2023-10-19 17:31:16.616  INFO 15844 --- [main] com.zaxxer.hikari.HikariDataSource       : HikariPool-1 - Shutdown initiated...
2023-10-19 17:31:16.681  INFO 15844 --- [main] com.zaxxer.hikari.HikariDataSource       : HikariPool-1 - Shutdown completed.
2023-10-19 17:31:16.682  INFO 15844 --- [main] o.apache.catalina.core.StandardService   : Stopping service [Tomcat]
2023-10-19 17:31:16.696  INFO 15844 --- [main] ConditionEvaluationReportLoggingListener : 

Error starting ApplicationContext. To display the conditions report re-run your application with 'debug' enabled.
2023-10-19 17:31:16.715 ERROR 15844 --- [main] o.s.b.d.LoggingFailureAnalysisReporter   : 

***************************
APPLICATION FAILED TO START
***************************

Description:

Web server failed to start. Port 5000 was already in use.

Action:

Identify and stop the process that's listening on port 5000 or configure this application to listen on another port.

2023-10-19 18:12:52.265  INFO 4076 --- [http-nio-9999-exec-3] k.d.e.w.h.AbstractWebSocketEndpoint      : [1001] is Disconnected!
