2023-11-30 09:26:12.129  INFO 18032 --- [main] kr.dbinc.ecos.OcppForJavaApplication     : Starting OcppForJavaApplication using Java 17.0.7 on DESKTOP-OBR6GFG with PID 18032 (D:\StsWorkspace\ecos-ocpp-server\bin\main started by Jerad in D:\StsWorkspace\ecos-ocpp-server)
2023-11-30 09:26:12.135  INFO 18032 --- [main] kr.dbinc.ecos.OcppForJavaApplication     : No active profile set, falling back to 1 default profile: "default"
2023-11-30 09:26:13.786  INFO 18032 --- [main] .s.d.r.c.RepositoryConfigurationDelegate : Bootstrapping Spring Data JPA repositories in DEFAULT mode.
2023-11-30 09:26:14.233  INFO 18032 --- [main] .s.d.r.c.RepositoryConfigurationDelegate : Finished Spring Data repository scanning in 436 ms. Found 23 JPA repository interfaces.
2023-11-30 09:26:14.844  INFO 18032 --- [main] kr.dbinc.ecos.config.ConnectorConfig     : HTTP port setup to 9999
2023-11-30 09:26:15.100  INFO 18032 --- [main] o.s.b.w.embedded.tomcat.TomcatWebServer  : Tomcat initialized with port(s): 5000 (https) 9999 (http)
2023-11-30 09:26:15.121  INFO 18032 --- [main] o.apache.catalina.core.StandardService   : Starting service [Tomcat]
2023-11-30 09:26:15.122  INFO 18032 --- [main] org.apache.catalina.core.StandardEngine  : Starting Servlet engine: [Apache Tomcat/9.0.65]
2023-11-30 09:26:15.330  INFO 18032 --- [main] o.a.c.c.C.[Tomcat].[localhost].[/]       : Initializing Spring embedded WebApplicationContext
2023-11-30 09:26:15.331  INFO 18032 --- [main] w.s.c.ServletWebServerApplicationContext : Root WebApplicationContext: initialization completed in 3116 ms
2023-11-30 09:26:15.830  INFO 18032 --- [main] o.hibernate.jpa.internal.util.LogHelper  : HHH000204: Processing PersistenceUnitInfo [name: default]
2023-11-30 09:26:15.932  INFO 18032 --- [main] org.hibernate.Version                    : HHH000412: Hibernate ORM core version 5.6.10.Final
2023-11-30 09:26:16.230  INFO 18032 --- [main] o.hibernate.annotations.common.Version   : HCANN000001: Hibernate Commons Annotations {5.1.2.Final}
2023-11-30 09:26:16.401  INFO 18032 --- [main] com.zaxxer.hikari.HikariDataSource       : HikariPool-1 - Starting...
2023-11-30 09:26:16.557  INFO 18032 --- [main] com.zaxxer.hikari.HikariDataSource       : HikariPool-1 - Start completed.
2023-11-30 09:26:16.580  INFO 18032 --- [main] org.hibernate.dialect.Dialect            : HHH000400: Using dialect: org.hibernate.dialect.MariaDB103Dialect
2023-11-30 09:26:16.887  WARN 18032 --- [main] org.hibernate.cfg.AnnotationBinder       : HHH000457: Joined inheritance hierarchy [kr.dbinc.ecos.domain.member.Authorization] defined explicit @DiscriminatorColumn.  Legacy Hibernate behavior was to ignore the @DiscriminatorColumn.  However, as part of issue HHH-6911 we now apply the explicit @DiscriminatorColumn.  If you would prefer the legacy behavior, enable the `hibernate.discriminator.ignore_explicit_for_joined` setting (hibernate.discriminator.ignore_explicit_for_joined=true)
2023-11-30 09:26:17.540  INFO 18032 --- [main] org.hibernate.tuple.PojoInstantiator     : HHH000182: No default (no-argument) constructor for class: kr.dbinc.ecos.domain.security.SecurityLog (class must be instantiated by Interceptor)
2023-11-30 09:26:17.724  INFO 18032 --- [main] o.h.e.t.j.p.i.JtaPlatformInitiator       : HHH000490: Using JtaPlatform implementation: [org.hibernate.engine.transaction.jta.platform.internal.NoJtaPlatform]
2023-11-30 09:26:17.737  INFO 18032 --- [main] j.LocalContainerEntityManagerFactoryBean : Initialized JPA EntityManagerFactory for persistence unit 'default'
2023-11-30 09:26:19.557  INFO 18032 --- [main] org.reflections.Reflections              : Reflections took 232 ms to scan 1 urls, producing 70 keys and 404 values
2023-11-30 09:26:19.682  INFO 18032 --- [main] org.reflections.Reflections              : Reflections took 105 ms to scan 1 urls, producing 70 keys and 404 values
2023-11-30 09:26:19.797  INFO 18032 --- [main] org.reflections.Reflections              : Reflections took 112 ms to scan 1 urls, producing 70 keys and 404 values
2023-11-30 09:26:19.885  INFO 18032 --- [main] kr.dbinc.ecos.config.SchedulerConfig     : datSource=HikariDataSource (HikariPool-1)
2023-11-30 09:26:20.308  INFO 18032 --- [main] o.s.b.a.w.s.WelcomePageHandlerMapping    : Adding welcome page: class path resource [static/index.html]
2023-11-30 09:26:21.684  INFO 18032 --- [main] o.s.b.a.e.web.EndpointLinksResolver      : Exposing 1 endpoint(s) beneath base path '/actuator'
2023-11-30 09:26:22.114  INFO 18032 --- [main] o.s.b.w.embedded.tomcat.TomcatWebServer  : Tomcat started on port(s): 5000 (https) 9999 (http) with context path ''
2023-11-30 09:26:22.137  INFO 18032 --- [main] kr.dbinc.ecos.OcppForJavaApplication     : Started OcppForJavaApplication in 10.504 seconds (JVM running for 11.731)
2023-11-30 09:26:24.145  INFO 18032 --- [RMI TCP Connection(1)-127.0.0.1] o.a.c.c.C.[Tomcat].[localhost].[/]       : Initializing Spring DispatcherServlet 'dispatcherServlet'
2023-11-30 09:26:24.146  INFO 18032 --- [RMI TCP Connection(1)-127.0.0.1] o.s.web.servlet.DispatcherServlet        : Initializing Servlet 'dispatcherServlet'
2023-11-30 09:26:24.148  INFO 18032 --- [RMI TCP Connection(1)-127.0.0.1] o.s.web.servlet.DispatcherServlet        : Completed initialization in 2 ms
2023-11-30 09:37:01.469  INFO 26260 --- [main] kr.dbinc.ecos.OcppForJavaApplication     : Starting OcppForJavaApplication using Java 17.0.7 on DESKTOP-OBR6GFG with PID 26260 (D:\StsWorkspace\ecos-ocpp-server\bin\main started by Jerad in D:\StsWorkspace\ecos-ocpp-server)
2023-11-30 09:37:01.472  INFO 26260 --- [main] kr.dbinc.ecos.OcppForJavaApplication     : No active profile set, falling back to 1 default profile: "default"
2023-11-30 09:37:02.972  INFO 26260 --- [main] .s.d.r.c.RepositoryConfigurationDelegate : Bootstrapping Spring Data JPA repositories in DEFAULT mode.
2023-11-30 09:37:03.419  INFO 26260 --- [main] .s.d.r.c.RepositoryConfigurationDelegate : Finished Spring Data repository scanning in 435 ms. Found 23 JPA repository interfaces.
2023-11-30 09:37:03.944  INFO 26260 --- [main] kr.dbinc.ecos.config.ConnectorConfig     : HTTP port setup to 9999
2023-11-30 09:37:04.165  INFO 26260 --- [main] o.s.b.w.embedded.tomcat.TomcatWebServer  : Tomcat initialized with port(s): 5000 (https) 9999 (http)
2023-11-30 09:37:04.181  INFO 26260 --- [main] o.apache.catalina.core.StandardService   : Starting service [Tomcat]
2023-11-30 09:37:04.182  INFO 26260 --- [main] org.apache.catalina.core.StandardEngine  : Starting Servlet engine: [Apache Tomcat/9.0.65]
2023-11-30 09:37:04.416  INFO 26260 --- [main] o.a.c.c.C.[Tomcat].[localhost].[/]       : Initializing Spring embedded WebApplicationContext
2023-11-30 09:37:04.419  INFO 26260 --- [main] w.s.c.ServletWebServerApplicationContext : Root WebApplicationContext: initialization completed in 2859 ms
2023-11-30 09:37:04.916  INFO 26260 --- [main] o.hibernate.jpa.internal.util.LogHelper  : HHH000204: Processing PersistenceUnitInfo [name: default]
2023-11-30 09:37:04.992  INFO 26260 --- [main] org.hibernate.Version                    : HHH000412: Hibernate ORM core version 5.6.10.Final
2023-11-30 09:37:05.204  INFO 26260 --- [main] o.hibernate.annotations.common.Version   : HCANN000001: Hibernate Commons Annotations {5.1.2.Final}
2023-11-30 09:37:05.355  INFO 26260 --- [main] com.zaxxer.hikari.HikariDataSource       : HikariPool-1 - Starting...
2023-11-30 09:37:05.507  INFO 26260 --- [main] com.zaxxer.hikari.HikariDataSource       : HikariPool-1 - Start completed.
2023-11-30 09:37:05.539  INFO 26260 --- [main] org.hibernate.dialect.Dialect            : HHH000400: Using dialect: org.hibernate.dialect.MariaDB103Dialect
2023-11-30 09:37:05.805  WARN 26260 --- [main] org.hibernate.cfg.AnnotationBinder       : HHH000457: Joined inheritance hierarchy [kr.dbinc.ecos.domain.member.Authorization] defined explicit @DiscriminatorColumn.  Legacy Hibernate behavior was to ignore the @DiscriminatorColumn.  However, as part of issue HHH-6911 we now apply the explicit @DiscriminatorColumn.  If you would prefer the legacy behavior, enable the `hibernate.discriminator.ignore_explicit_for_joined` setting (hibernate.discriminator.ignore_explicit_for_joined=true)
2023-11-30 09:37:06.412  INFO 26260 --- [main] org.hibernate.tuple.PojoInstantiator     : HHH000182: No default (no-argument) constructor for class: kr.dbinc.ecos.domain.security.SecurityLog (class must be instantiated by Interceptor)
2023-11-30 09:37:06.610  INFO 26260 --- [main] o.h.e.t.j.p.i.JtaPlatformInitiator       : HHH000490: Using JtaPlatform implementation: [org.hibernate.engine.transaction.jta.platform.internal.NoJtaPlatform]
2023-11-30 09:37:06.621  INFO 26260 --- [main] j.LocalContainerEntityManagerFactoryBean : Initialized JPA EntityManagerFactory for persistence unit 'default'
2023-11-30 09:37:08.341  INFO 26260 --- [main] org.reflections.Reflections              : Reflections took 312 ms to scan 1 urls, producing 70 keys and 403 values
2023-11-30 09:37:08.564  INFO 26260 --- [main] org.reflections.Reflections              : Reflections took 188 ms to scan 1 urls, producing 70 keys and 403 values
2023-11-30 09:37:08.782  INFO 26260 --- [main] org.reflections.Reflections              : Reflections took 215 ms to scan 1 urls, producing 70 keys and 403 values
2023-11-30 09:37:08.877  INFO 26260 --- [main] kr.dbinc.ecos.config.SchedulerConfig     : datSource=HikariDataSource (HikariPool-1)
2023-11-30 09:37:09.347  INFO 26260 --- [main] o.s.b.a.w.s.WelcomePageHandlerMapping    : Adding welcome page: class path resource [static/index.html]
2023-11-30 09:37:10.655  INFO 26260 --- [main] o.s.b.a.e.web.EndpointLinksResolver      : Exposing 1 endpoint(s) beneath base path '/actuator'
2023-11-30 09:37:11.072  INFO 26260 --- [main] o.s.b.w.embedded.tomcat.TomcatWebServer  : Tomcat started on port(s): 5000 (https) 9999 (http) with context path ''
2023-11-30 09:37:11.092  INFO 26260 --- [main] kr.dbinc.ecos.OcppForJavaApplication     : Started OcppForJavaApplication in 10.057 seconds (JVM running for 11.022)
2023-11-30 09:37:13.489  INFO 26260 --- [RMI TCP Connection(1)-127.0.0.1] o.a.c.c.C.[Tomcat].[localhost].[/]       : Initializing Spring DispatcherServlet 'dispatcherServlet'
2023-11-30 09:37:13.490  INFO 26260 --- [RMI TCP Connection(1)-127.0.0.1] o.s.web.servlet.DispatcherServlet        : Initializing Servlet 'dispatcherServlet'
2023-11-30 09:37:13.492  INFO 26260 --- [RMI TCP Connection(1)-127.0.0.1] o.s.web.servlet.DispatcherServlet        : Completed initialization in 1 ms
